{"/Users/sca/Documents/repo/notegit/src/backend/adapters/CryptoAdapter.ts": {"path":"/Users/sca/Documents/repo/notegit/src/backend/adapters/CryptoAdapter.ts","statementMap":{"0":{"start":{"line":1,"column":0},"end":{"line":1,"column":33}},"1":{"start":{"line":2,"column":0},"end":{"line":2,"column":48}},"2":{"start":{"line":4,"column":18},"end":{"line":4,"column":31}},"3":{"start":{"line":5,"column":18},"end":{"line":5,"column":20}},"4":{"start":{"line":6,"column":20},"end":{"line":6,"column":22}},"5":{"start":{"line":7,"column":19},"end":{"line":7,"column":21}},"6":{"start":{"line":8,"column":19},"end":{"line":8,"column":21}},"7":{"start":{"line":9,"column":19},"end":{"line":9,"column":25}},"8":{"start":{"line":17,"column":22},"end":{"line":17,"column":37}},"9":{"start":{"line":18,"column":4},"end":{"line":18,"column":39}},"10":{"start":{"line":28,"column":17},"end":{"line":28,"column":48}},"11":{"start":{"line":31,"column":16},"end":{"line":31,"column":84}},"12":{"start":{"line":34,"column":15},"end":{"line":34,"column":44}},"13":{"start":{"line":37,"column":19},"end":{"line":37,"column":60}},"14":{"start":{"line":40,"column":20},"end":{"line":40,"column":62}},"15":{"start":{"line":41,"column":4},"end":{"line":41,"column":40}},"16":{"start":{"line":44,"column":20},"end":{"line":44,"column":39}},"17":{"start":{"line":47,"column":19},"end":{"line":52,"column":6}},"18":{"start":{"line":54,"column":4},"end":{"line":54,"column":37}},"19":{"start":{"line":64,"column":19},"end":{"line":64,"column":52}},"20":{"start":{"line":67,"column":17},"end":{"line":67,"column":48}},"21":{"start":{"line":68,"column":15},"end":{"line":68,"column":68}},"22":{"start":{"line":69,"column":20},"end":{"line":71,"column":null}},"23":{"start":{"line":73,"column":22},"end":{"line":73,"column":75}},"24":{"start":{"line":76,"column":16},"end":{"line":76,"column":84}},"25":{"start":{"line":79,"column":21},"end":{"line":79,"column":64}},"26":{"start":{"line":80,"column":4},"end":{"line":80,"column":33}},"27":{"start":{"line":83,"column":20},"end":{"line":83,"column":83}},"28":{"start":{"line":84,"column":4},"end":{"line":84,"column":40}},"29":{"start":{"line":86,"column":4},"end":{"line":86,"column":21}},"30":{"start":{"line":11,"column":0},"end":{"line":11,"column":13}}},"fnMap":{"0":{"name":"(anonymous_9)","decl":{"start":{"line":14,"column":2},"end":{"line":14,"column":null}},"loc":{"start":{"line":14,"column":2},"end":{"line":19,"column":3}}},"1":{"name":"(anonymous_10)","decl":{"start":{"line":26,"column":2},"end":{"line":26,"column":9}},"loc":{"start":{"line":26,"column":27},"end":{"line":55,"column":3}}},"2":{"name":"(anonymous_11)","decl":{"start":{"line":62,"column":2},"end":{"line":62,"column":9}},"loc":{"start":{"line":62,"column":28},"end":{"line":87,"column":3}}}},"branchMap":{},"s":{"0":0,"1":0,"2":0,"3":0,"4":0,"5":0,"6":0,"7":0,"8":0,"9":0,"10":0,"11":0,"12":0,"13":0,"14":0,"15":0,"16":0,"17":0,"18":0,"19":0,"20":0,"21":0,"22":0,"23":0,"24":0,"25":0,"26":0,"27":0,"28":0,"29":0,"30":0},"f":{"0":0,"1":0,"2":0},"b":{}}
,"/Users/sca/Documents/repo/notegit/src/backend/adapters/FsAdapter.ts": {"path":"/Users/sca/Documents/repo/notegit/src/backend/adapters/FsAdapter.ts","statementMap":{"0":{"start":{"line":1,"column":0},"end":{"line":1,"column":34}},"1":{"start":{"line":2,"column":0},"end":{"line":2,"column":29}},"2":{"start":{"line":3,"column":0},"end":{"line":3,"column":29}},"3":{"start":{"line":5,"column":0},"end":{"line":5,"column":60}},"4":{"start":{"line":9,"column":4},"end":{"line":23,"column":5}},"5":{"start":{"line":10,"column":6},"end":{"line":10,"column":50}},"6":{"start":{"line":12,"column":6},"end":{"line":14,"column":7}},"7":{"start":{"line":13,"column":8},"end":{"line":13,"column":96}},"8":{"start":{"line":15,"column":6},"end":{"line":21,"column":7}},"9":{"start":{"line":16,"column":8},"end":{"line":20,"column":10}},"10":{"start":{"line":22,"column":6},"end":{"line":22,"column":100}},"11":{"start":{"line":27,"column":4},"end":{"line":41,"column":5}},"12":{"start":{"line":29,"column":18},"end":{"line":29,"column":40}},"13":{"start":{"line":30,"column":6},"end":{"line":30,"column":49}},"14":{"start":{"line":31,"column":6},"end":{"line":31,"column":53}},"15":{"start":{"line":33,"column":6},"end":{"line":39,"column":7}},"16":{"start":{"line":34,"column":8},"end":{"line":38,"column":10}},"17":{"start":{"line":40,"column":6},"end":{"line":40,"column":101}},"18":{"start":{"line":45,"column":4},"end":{"line":63,"column":5}},"19":{"start":{"line":46,"column":6},"end":{"line":46,"column":32}},"20":{"start":{"line":48,"column":6},"end":{"line":50,"column":7}},"21":{"start":{"line":49,"column":8},"end":{"line":49,"column":96}},"22":{"start":{"line":51,"column":6},"end":{"line":57,"column":7}},"23":{"start":{"line":52,"column":8},"end":{"line":56,"column":10}},"24":{"start":{"line":58,"column":6},"end":{"line":62,"column":8}},"25":{"start":{"line":67,"column":4},"end":{"line":85,"column":5}},"26":{"start":{"line":68,"column":6},"end":{"line":68,"column":40}},"27":{"start":{"line":70,"column":6},"end":{"line":72,"column":7}},"28":{"start":{"line":71,"column":8},"end":{"line":71,"column":95}},"29":{"start":{"line":73,"column":6},"end":{"line":79,"column":7}},"30":{"start":{"line":74,"column":8},"end":{"line":78,"column":10}},"31":{"start":{"line":80,"column":6},"end":{"line":84,"column":8}},"32":{"start":{"line":89,"column":4},"end":{"line":108,"column":5}},"33":{"start":{"line":90,"column":6},"end":{"line":90,"column":39}},"34":{"start":{"line":92,"column":6},"end":{"line":95,"column":7}},"35":{"start":{"line":94,"column":8},"end":{"line":94,"column":15}},"36":{"start":{"line":96,"column":6},"end":{"line":102,"column":7}},"37":{"start":{"line":97,"column":8},"end":{"line":101,"column":10}},"38":{"start":{"line":103,"column":6},"end":{"line":107,"column":8}},"39":{"start":{"line":112,"column":4},"end":{"line":130,"column":5}},"40":{"start":{"line":113,"column":6},"end":{"line":113,"column":83}},"41":{"start":{"line":115,"column":6},"end":{"line":117,"column":7}},"42":{"start":{"line":116,"column":8},"end":{"line":116,"column":100}},"43":{"start":{"line":118,"column":6},"end":{"line":124,"column":7}},"44":{"start":{"line":119,"column":8},"end":{"line":123,"column":10}},"45":{"start":{"line":125,"column":6},"end":{"line":129,"column":8}},"46":{"start":{"line":134,"column":4},"end":{"line":152,"column":5}},"47":{"start":{"line":135,"column":6},"end":{"line":135,"column":39}},"48":{"start":{"line":137,"column":6},"end":{"line":139,"column":7}},"49":{"start":{"line":138,"column":8},"end":{"line":138,"column":100}},"50":{"start":{"line":140,"column":6},"end":{"line":146,"column":7}},"51":{"start":{"line":141,"column":8},"end":{"line":145,"column":10}},"52":{"start":{"line":147,"column":6},"end":{"line":151,"column":8}},"53":{"start":{"line":156,"column":4},"end":{"line":163,"column":5}},"54":{"start":{"line":157,"column":6},"end":{"line":157,"column":37}},"55":{"start":{"line":159,"column":6},"end":{"line":161,"column":7}},"56":{"start":{"line":160,"column":8},"end":{"line":160,"column":96}},"57":{"start":{"line":162,"column":6},"end":{"line":162,"column":95}},"58":{"start":{"line":167,"column":4},"end":{"line":172,"column":5}},"59":{"start":{"line":168,"column":6},"end":{"line":168,"column":32}},"60":{"start":{"line":169,"column":6},"end":{"line":169,"column":18}},"61":{"start":{"line":171,"column":6},"end":{"line":171,"column":19}},"62":{"start":{"line":176,"column":4},"end":{"line":196,"column":5}},"63":{"start":{"line":177,"column":22},"end":{"line":177,"column":40}},"64":{"start":{"line":178,"column":6},"end":{"line":178,"column":53}},"65":{"start":{"line":179,"column":6},"end":{"line":179,"column":35}},"66":{"start":{"line":181,"column":6},"end":{"line":183,"column":7}},"67":{"start":{"line":182,"column":8},"end":{"line":182,"column":98}},"68":{"start":{"line":184,"column":6},"end":{"line":190,"column":7}},"69":{"start":{"line":185,"column":8},"end":{"line":189,"column":10}},"70":{"start":{"line":191,"column":6},"end":{"line":195,"column":8}},"71":{"start":{"line":200,"column":4},"end":{"line":200,"column":39}},"72":{"start":{"line":204,"column":4},"end":{"line":208,"column":6}},"73":{"start":{"line":7,"column":0},"end":{"line":7,"column":13}}},"fnMap":{"0":{"name":"(anonymous_9)","decl":{"start":{"line":8,"column":2},"end":{"line":8,"column":7}},"loc":{"start":{"line":8,"column":33},"end":{"line":24,"column":3}}},"1":{"name":"(anonymous_10)","decl":{"start":{"line":26,"column":2},"end":{"line":26,"column":7}},"loc":{"start":{"line":26,"column":51},"end":{"line":42,"column":3}}},"2":{"name":"(anonymous_11)","decl":{"start":{"line":44,"column":2},"end":{"line":44,"column":7}},"loc":{"start":{"line":44,"column":35},"end":{"line":64,"column":3}}},"3":{"name":"(anonymous_12)","decl":{"start":{"line":66,"column":2},"end":{"line":66,"column":7}},"loc":{"start":{"line":66,"column":47},"end":{"line":86,"column":3}}},"4":{"name":"(anonymous_13)","decl":{"start":{"line":88,"column":2},"end":{"line":88,"column":7}},"loc":{"start":{"line":88,"column":64},"end":{"line":109,"column":3}}},"5":{"name":"(anonymous_14)","decl":{"start":{"line":111,"column":2},"end":{"line":111,"column":7}},"loc":{"start":{"line":111,"column":64},"end":{"line":131,"column":3}}},"6":{"name":"(anonymous_15)","decl":{"start":{"line":133,"column":2},"end":{"line":133,"column":7}},"loc":{"start":{"line":133,"column":31},"end":{"line":153,"column":3}}},"7":{"name":"(anonymous_16)","decl":{"start":{"line":155,"column":2},"end":{"line":155,"column":7}},"loc":{"start":{"line":155,"column":29},"end":{"line":164,"column":3}}},"8":{"name":"(anonymous_17)","decl":{"start":{"line":166,"column":2},"end":{"line":166,"column":7}},"loc":{"start":{"line":166,"column":31},"end":{"line":173,"column":3}}},"9":{"name":"(anonymous_18)","decl":{"start":{"line":175,"column":2},"end":{"line":175,"column":7}},"loc":{"start":{"line":175,"column":42},"end":{"line":197,"column":3}}},"10":{"name":"(anonymous_19)","decl":{"start":{"line":199,"column":2},"end":{"line":199,"column":12}},"loc":{"start":{"line":199,"column":29},"end":{"line":201,"column":3}}},"11":{"name":"(anonymous_20)","decl":{"start":{"line":203,"column":10},"end":{"line":203,"column":21}},"loc":{"start":{"line":203,"column":72},"end":{"line":209,"column":3}}}},"branchMap":{"0":{"loc":{"start":{"line":12,"column":6},"end":{"line":14,"column":7}},"type":"if","locations":[{"start":{"line":12,"column":6},"end":{"line":14,"column":7}}]},"1":{"loc":{"start":{"line":15,"column":6},"end":{"line":21,"column":7}},"type":"if","locations":[{"start":{"line":15,"column":6},"end":{"line":21,"column":7}}]},"2":{"loc":{"start":{"line":33,"column":6},"end":{"line":39,"column":7}},"type":"if","locations":[{"start":{"line":33,"column":6},"end":{"line":39,"column":7}}]},"3":{"loc":{"start":{"line":48,"column":6},"end":{"line":50,"column":7}},"type":"if","locations":[{"start":{"line":48,"column":6},"end":{"line":50,"column":7}}]},"4":{"loc":{"start":{"line":51,"column":6},"end":{"line":57,"column":7}},"type":"if","locations":[{"start":{"line":51,"column":6},"end":{"line":57,"column":7}}]},"5":{"loc":{"start":{"line":70,"column":6},"end":{"line":72,"column":7}},"type":"if","locations":[{"start":{"line":70,"column":6},"end":{"line":72,"column":7}}]},"6":{"loc":{"start":{"line":73,"column":6},"end":{"line":79,"column":7}},"type":"if","locations":[{"start":{"line":73,"column":6},"end":{"line":79,"column":7}}]},"7":{"loc":{"start":{"line":92,"column":6},"end":{"line":95,"column":7}},"type":"if","locations":[{"start":{"line":92,"column":6},"end":{"line":95,"column":7}}]},"8":{"loc":{"start":{"line":96,"column":6},"end":{"line":102,"column":7}},"type":"if","locations":[{"start":{"line":96,"column":6},"end":{"line":102,"column":7}}]},"9":{"loc":{"start":{"line":113,"column":40},"end":{"line":113,"column":66}},"type":"binary-expr","locations":[{"start":{"line":113,"column":40},"end":{"line":113,"column":58}},{"start":{"line":113,"column":62},"end":{"line":113,"column":66}}]},"10":{"loc":{"start":{"line":115,"column":6},"end":{"line":117,"column":7}},"type":"if","locations":[{"start":{"line":115,"column":6},"end":{"line":117,"column":7}}]},"11":{"loc":{"start":{"line":118,"column":6},"end":{"line":124,"column":7}},"type":"if","locations":[{"start":{"line":118,"column":6},"end":{"line":124,"column":7}}]},"12":{"loc":{"start":{"line":137,"column":6},"end":{"line":139,"column":7}},"type":"if","locations":[{"start":{"line":137,"column":6},"end":{"line":139,"column":7}}]},"13":{"loc":{"start":{"line":140,"column":6},"end":{"line":146,"column":7}},"type":"if","locations":[{"start":{"line":140,"column":6},"end":{"line":146,"column":7}}]},"14":{"loc":{"start":{"line":159,"column":6},"end":{"line":161,"column":7}},"type":"if","locations":[{"start":{"line":159,"column":6},"end":{"line":161,"column":7}}]},"15":{"loc":{"start":{"line":181,"column":6},"end":{"line":183,"column":7}},"type":"if","locations":[{"start":{"line":181,"column":6},"end":{"line":183,"column":7}}]},"16":{"loc":{"start":{"line":184,"column":6},"end":{"line":190,"column":7}},"type":"if","locations":[{"start":{"line":184,"column":6},"end":{"line":190,"column":7}}]}},"s":{"0":0,"1":0,"2":0,"3":0,"4":0,"5":0,"6":0,"7":0,"8":0,"9":0,"10":0,"11":0,"12":0,"13":0,"14":0,"15":0,"16":0,"17":0,"18":0,"19":0,"20":0,"21":0,"22":0,"23":0,"24":0,"25":0,"26":0,"27":0,"28":0,"29":0,"30":0,"31":0,"32":0,"33":0,"34":0,"35":0,"36":0,"37":0,"38":0,"39":0,"40":0,"41":0,"42":0,"43":0,"44":0,"45":0,"46":0,"47":0,"48":0,"49":0,"50":0,"51":0,"52":0,"53":0,"54":0,"55":0,"56":0,"57":0,"58":0,"59":0,"60":0,"61":0,"62":0,"63":0,"64":0,"65":0,"66":0,"67":0,"68":0,"69":0,"70":0,"71":0,"72":0,"73":0},"f":{"0":0,"1":0,"2":0,"3":0,"4":0,"5":0,"6":0,"7":0,"8":0,"9":0,"10":0,"11":0},"b":{"0":[0],"1":[0],"2":[0],"3":[0],"4":[0],"5":[0],"6":[0],"7":[0],"8":[0],"9":[0,0],"10":[0],"11":[0],"12":[0],"13":[0],"14":[0],"15":[0],"16":[0]}}
,"/Users/sca/Documents/repo/notegit/src/backend/adapters/GitAdapter.ts": {"path":"/Users/sca/Documents/repo/notegit/src/backend/adapters/GitAdapter.ts","statementMap":{"0":{"start":{"line":1,"column":0},"end":{"line":1,"column":50}},"1":{"start":{"line":2,"column":0},"end":{"line":2,"column":37}},"2":{"start":{"line":3,"column":0},"end":{"line":3,"column":33}},"3":{"start":{"line":4,"column":0},"end":{"line":4,"column":60}},"4":{"start":{"line":5,"column":0},"end":{"line":5,"column":41}},"5":{"start":{"line":7,"column":18},"end":{"line":7,"column":33}},"6":{"start":{"line":10,"column":10},"end":{"line":10,"column":39}},"7":{"start":{"line":11,"column":10},"end":{"line":11,"column":41}},"8":{"start":{"line":17,"column":4},"end":{"line":24,"column":5}},"9":{"start":{"line":18,"column":25},"end":{"line":18,"column":57}},"10":{"start":{"line":19,"column":6},"end":{"line":19,"column":63}},"11":{"start":{"line":20,"column":6},"end":{"line":20,"column":18}},"12":{"start":{"line":22,"column":6},"end":{"line":22,"column":51}},"13":{"start":{"line":23,"column":6},"end":{"line":23,"column":19}},"14":{"start":{"line":31,"column":4},"end":{"line":31,"column":29}},"15":{"start":{"line":32,"column":4},"end":{"line":32,"column":35}},"16":{"start":{"line":33,"column":4},"end":{"line":33,"column":57}},"17":{"start":{"line":40,"column":4},"end":{"line":72,"column":5}},"18":{"start":{"line":41,"column":6},"end":{"line":41,"column":74}},"19":{"start":{"line":44,"column":20},"end":{"line":44,"column":29}},"20":{"start":{"line":45,"column":6},"end":{"line":48,"column":7}},"21":{"start":{"line":47,"column":8},"end":{"line":47,"column":67}},"22":{"start":{"line":50,"column":6},"end":{"line":50,"column":72}},"23":{"start":{"line":53,"column":6},"end":{"line":53,"column":33}},"24":{"start":{"line":55,"column":6},"end":{"line":55,"column":52}},"25":{"start":{"line":57,"column":6},"end":{"line":57,"column":60}},"26":{"start":{"line":59,"column":6},"end":{"line":65,"column":7}},"27":{"start":{"line":60,"column":8},"end":{"line":64,"column":10}},"28":{"start":{"line":67,"column":6},"end":{"line":71,"column":8}},"29":{"start":{"line":79,"column":4},"end":{"line":79,"column":29}},"30":{"start":{"line":81,"column":4},"end":{"line":92,"column":5}},"31":{"start":{"line":82,"column":21},"end":{"line":82,"column":45}},"32":{"start":{"line":83,"column":6},"end":{"line":83,"column":45}},"33":{"start":{"line":84,"column":6},"end":{"line":84,"column":20}},"34":{"start":{"line":86,"column":6},"end":{"line":86,"column":58}},"35":{"start":{"line":87,"column":6},"end":{"line":91,"column":8}},"36":{"start":{"line":99,"column":4},"end":{"line":99,"column":29}},"37":{"start":{"line":101,"column":4},"end":{"line":135,"column":5}},"38":{"start":{"line":102,"column":6},"end":{"line":102,"column":41}},"39":{"start":{"line":105,"column":6},"end":{"line":107,"column":7}},"40":{"start":{"line":106,"column":8},"end":{"line":106,"column":38}},"41":{"start":{"line":109,"column":6},"end":{"line":109,"column":29}},"42":{"start":{"line":110,"column":6},"end":{"line":110,"column":49}},"43":{"start":{"line":112,"column":6},"end":{"line":112,"column":48}},"44":{"start":{"line":114,"column":6},"end":{"line":120,"column":7}},"45":{"start":{"line":115,"column":8},"end":{"line":119,"column":10}},"46":{"start":{"line":122,"column":6},"end":{"line":128,"column":7}},"47":{"start":{"line":123,"column":8},"end":{"line":127,"column":10}},"48":{"start":{"line":130,"column":6},"end":{"line":134,"column":8}},"49":{"start":{"line":142,"column":4},"end":{"line":142,"column":29}},"50":{"start":{"line":144,"column":4},"end":{"line":170,"column":5}},"51":{"start":{"line":145,"column":6},"end":{"line":145,"column":39}},"52":{"start":{"line":148,"column":6},"end":{"line":150,"column":7}},"53":{"start":{"line":149,"column":8},"end":{"line":149,"column":38}},"54":{"start":{"line":152,"column":6},"end":{"line":152,"column":29}},"55":{"start":{"line":153,"column":6},"end":{"line":153,"column":49}},"56":{"start":{"line":155,"column":6},"end":{"line":155,"column":48}},"57":{"start":{"line":157,"column":6},"end":{"line":163,"column":7}},"58":{"start":{"line":158,"column":8},"end":{"line":162,"column":10}},"59":{"start":{"line":165,"column":6},"end":{"line":169,"column":8}},"60":{"start":{"line":177,"column":4},"end":{"line":177,"column":29}},"61":{"start":{"line":179,"column":4},"end":{"line":185,"column":5}},"62":{"start":{"line":180,"column":6},"end":{"line":180,"column":43}},"63":{"start":{"line":181,"column":6},"end":{"line":181,"column":30}},"64":{"start":{"line":183,"column":6},"end":{"line":183,"column":63}},"65":{"start":{"line":184,"column":6},"end":{"line":184,"column":18}},"66":{"start":{"line":192,"column":4},"end":{"line":192,"column":29}},"67":{"start":{"line":194,"column":4},"end":{"line":204,"column":5}},"68":{"start":{"line":195,"column":6},"end":{"line":195,"column":36}},"69":{"start":{"line":196,"column":6},"end":{"line":196,"column":58}},"70":{"start":{"line":198,"column":6},"end":{"line":198,"column":62}},"71":{"start":{"line":199,"column":6},"end":{"line":203,"column":8}},"72":{"start":{"line":211,"column":4},"end":{"line":211,"column":29}},"73":{"start":{"line":213,"column":4},"end":{"line":223,"column":5}},"74":{"start":{"line":214,"column":6},"end":{"line":214,"column":38}},"75":{"start":{"line":215,"column":6},"end":{"line":215,"column":49}},"76":{"start":{"line":217,"column":6},"end":{"line":217,"column":50}},"77":{"start":{"line":218,"column":6},"end":{"line":222,"column":8}},"78":{"start":{"line":230,"column":4},"end":{"line":230,"column":29}},"79":{"start":{"line":232,"column":4},"end":{"line":242,"column":5}},"80":{"start":{"line":233,"column":6},"end":{"line":233,"column":49}},"81":{"start":{"line":234,"column":6},"end":{"line":234,"column":55}},"82":{"start":{"line":236,"column":6},"end":{"line":236,"column":54}},"83":{"start":{"line":237,"column":6},"end":{"line":241,"column":8}},"84":{"start":{"line":249,"column":4},"end":{"line":249,"column":29}},"85":{"start":{"line":251,"column":4},"end":{"line":267,"column":5}},"86":{"start":{"line":252,"column":27},"end":{"line":255,"column":8}},"87":{"start":{"line":257,"column":18},"end":{"line":257,"column":46}},"88":{"start":{"line":258,"column":6},"end":{"line":258,"column":71}},"89":{"start":{"line":259,"column":6},"end":{"line":259,"column":26}},"90":{"start":{"line":261,"column":6},"end":{"line":261,"column":55}},"91":{"start":{"line":262,"column":6},"end":{"line":266,"column":8}},"92":{"start":{"line":274,"column":4},"end":{"line":274,"column":29}},"93":{"start":{"line":276,"column":4},"end":{"line":287,"column":5}},"94":{"start":{"line":277,"column":22},"end":{"line":277,"column":73}},"95":{"start":{"line":278,"column":6},"end":{"line":278,"column":83}},"96":{"start":{"line":279,"column":6},"end":{"line":279,"column":21}},"97":{"start":{"line":281,"column":6},"end":{"line":281,"column":87}},"98":{"start":{"line":282,"column":6},"end":{"line":286,"column":8}},"99":{"start":{"line":294,"column":4},"end":{"line":294,"column":29}},"100":{"start":{"line":296,"column":4},"end":{"line":312,"column":5}},"101":{"start":{"line":297,"column":19},"end":{"line":297,"column":37}},"102":{"start":{"line":298,"column":6},"end":{"line":300,"column":7}},"103":{"start":{"line":299,"column":8},"end":{"line":299,"column":34}},"104":{"start":{"line":302,"column":19},"end":{"line":302,"column":45}},"105":{"start":{"line":303,"column":6},"end":{"line":303,"column":69}},"106":{"start":{"line":304,"column":6},"end":{"line":304,"column":18}},"107":{"start":{"line":306,"column":6},"end":{"line":306,"column":70}},"108":{"start":{"line":307,"column":6},"end":{"line":311,"column":8}},"109":{"start":{"line":319,"column":4},"end":{"line":319,"column":29}},"110":{"start":{"line":321,"column":4},"end":{"line":330,"column":5}},"111":{"start":{"line":322,"column":21},"end":{"line":322,"column":45}},"112":{"start":{"line":323,"column":6},"end":{"line":326,"column":8}},"113":{"start":{"line":328,"column":6},"end":{"line":328,"column":66}},"114":{"start":{"line":329,"column":6},"end":{"line":329,"column":37}},"115":{"start":{"line":337,"column":4},"end":{"line":337,"column":29}},"116":{"start":{"line":339,"column":4},"end":{"line":345,"column":5}},"117":{"start":{"line":340,"column":21},"end":{"line":340,"column":45}},"118":{"start":{"line":341,"column":6},"end":{"line":341,"column":38}},"119":{"start":{"line":343,"column":6},"end":{"line":343,"column":62}},"120":{"start":{"line":344,"column":6},"end":{"line":344,"column":20}},"121":{"start":{"line":351,"column":4},"end":{"line":351,"column":60}},"122":{"start":{"line":355,"column":4},"end":{"line":361,"column":5}},"123":{"start":{"line":356,"column":6},"end":{"line":360,"column":8}},"124":{"start":{"line":365,"column":4},"end":{"line":369,"column":6}},"125":{"start":{"line":9,"column":0},"end":{"line":9,"column":13}}},"fnMap":{"0":{"name":"(anonymous_1)","decl":{"start":{"line":9,"column":0},"end":{"line":9,"column":13}},"loc":{"start":{"line":9,"column":0},"end":{"line":371,"column":1}}},"1":{"name":"(anonymous_2)","decl":{"start":{"line":16,"column":2},"end":{"line":16,"column":7}},"loc":{"start":{"line":16,"column":25},"end":{"line":25,"column":3}}},"2":{"name":"(anonymous_3)","decl":{"start":{"line":30,"column":2},"end":{"line":30,"column":7}},"loc":{"start":{"line":30,"column":29},"end":{"line":34,"column":3}}},"3":{"name":"(anonymous_4)","decl":{"start":{"line":39,"column":2},"end":{"line":39,"column":7}},"loc":{"start":{"line":39,"column":80},"end":{"line":73,"column":3}}},"4":{"name":"(anonymous_5)","decl":{"start":{"line":78,"column":2},"end":{"line":78,"column":7}},"loc":{"start":{"line":78,"column":14},"end":{"line":93,"column":3}}},"5":{"name":"(anonymous_6)","decl":{"start":{"line":98,"column":2},"end":{"line":98,"column":7}},"loc":{"start":{"line":98,"column":25},"end":{"line":136,"column":3}}},"6":{"name":"(anonymous_7)","decl":{"start":{"line":141,"column":2},"end":{"line":141,"column":7}},"loc":{"start":{"line":141,"column":25},"end":{"line":171,"column":3}}},"7":{"name":"(anonymous_8)","decl":{"start":{"line":176,"column":2},"end":{"line":176,"column":7}},"loc":{"start":{"line":176,"column":13},"end":{"line":186,"column":3}}},"8":{"name":"(anonymous_9)","decl":{"start":{"line":191,"column":2},"end":{"line":191,"column":7}},"loc":{"start":{"line":191,"column":28},"end":{"line":205,"column":3}}},"9":{"name":"(anonymous_10)","decl":{"start":{"line":210,"column":2},"end":{"line":210,"column":7}},"loc":{"start":{"line":210,"column":30},"end":{"line":224,"column":3}}},"10":{"name":"(anonymous_11)","decl":{"start":{"line":229,"column":2},"end":{"line":229,"column":7}},"loc":{"start":{"line":229,"column":60},"end":{"line":243,"column":3}}},"11":{"name":"(anonymous_12)","decl":{"start":{"line":248,"column":2},"end":{"line":248,"column":7}},"loc":{"start":{"line":248,"column":29},"end":{"line":268,"column":3}}},"12":{"name":"(anonymous_13)","decl":{"start":{"line":273,"column":2},"end":{"line":273,"column":7}},"loc":{"start":{"line":273,"column":49},"end":{"line":288,"column":3}}},"13":{"name":"(anonymous_14)","decl":{"start":{"line":293,"column":2},"end":{"line":293,"column":7}},"loc":{"start":{"line":293,"column":64},"end":{"line":313,"column":3}}},"14":{"name":"(anonymous_15)","decl":{"start":{"line":318,"column":2},"end":{"line":318,"column":7}},"loc":{"start":{"line":318,"column":22},"end":{"line":331,"column":3}}},"15":{"name":"(anonymous_16)","decl":{"start":{"line":336,"column":2},"end":{"line":336,"column":7}},"loc":{"start":{"line":336,"column":24},"end":{"line":346,"column":3}}},"16":{"name":"(anonymous_17)","decl":{"start":{"line":348,"column":10},"end":{"line":348,"column":15}},"loc":{"start":{"line":348,"column":41},"end":{"line":352,"column":3}}},"17":{"name":"(anonymous_18)","decl":{"start":{"line":354,"column":10},"end":{"line":354,"column":27}},"loc":{"start":{"line":354,"column":27},"end":{"line":362,"column":3}}},"18":{"name":"(anonymous_19)","decl":{"start":{"line":364,"column":10},"end":{"line":364,"column":21}},"loc":{"start":{"line":364,"column":72},"end":{"line":370,"column":3}}}},"branchMap":{"0":{"loc":{"start":{"line":45,"column":6},"end":{"line":48,"column":7}},"type":"if","locations":[{"start":{"line":45,"column":6},"end":{"line":48,"column":7}}]},"1":{"loc":{"start":{"line":45,"column":10},"end":{"line":45,"column":49}},"type":"binary-expr","locations":[{"start":{"line":45,"column":10},"end":{"line":45,"column":13}},{"start":{"line":45,"column":17},"end":{"line":45,"column":49}}]},"2":{"loc":{"start":{"line":59,"column":6},"end":{"line":65,"column":7}},"type":"if","locations":[{"start":{"line":59,"column":6},"end":{"line":65,"column":7}}]},"3":{"loc":{"start":{"line":105,"column":6},"end":{"line":107,"column":7}},"type":"if","locations":[{"start":{"line":105,"column":6},"end":{"line":107,"column":7}}]},"4":{"loc":{"start":{"line":114,"column":6},"end":{"line":120,"column":7}},"type":"if","locations":[{"start":{"line":114,"column":6},"end":{"line":120,"column":7}}]},"5":{"loc":{"start":{"line":114,"column":10},"end":{"line":114,"column":92}},"type":"binary-expr","locations":[{"start":{"line":114,"column":10},"end":{"line":114,"column":58}},{"start":{"line":114,"column":62},"end":{"line":114,"column":92}}]},"6":{"loc":{"start":{"line":122,"column":6},"end":{"line":128,"column":7}},"type":"if","locations":[{"start":{"line":122,"column":6},"end":{"line":128,"column":7}}]},"7":{"loc":{"start":{"line":148,"column":6},"end":{"line":150,"column":7}},"type":"if","locations":[{"start":{"line":148,"column":6},"end":{"line":150,"column":7}}]},"8":{"loc":{"start":{"line":157,"column":6},"end":{"line":163,"column":7}},"type":"if","locations":[{"start":{"line":157,"column":6},"end":{"line":163,"column":7}}]},"9":{"loc":{"start":{"line":157,"column":10},"end":{"line":157,"column":92}},"type":"binary-expr","locations":[{"start":{"line":157,"column":10},"end":{"line":157,"column":58}},{"start":{"line":157,"column":62},"end":{"line":157,"column":92}}]},"10":{"loc":{"start":{"line":229,"column":37},"end":{"line":229,"column":60}},"type":"default-arg","locations":[{"start":{"line":229,"column":52},"end":{"line":229,"column":60}}]},"11":{"loc":{"start":{"line":298,"column":6},"end":{"line":300,"column":7}},"type":"if","locations":[{"start":{"line":298,"column":6},"end":{"line":300,"column":7}}]},"12":{"loc":{"start":{"line":341,"column":13},"end":{"line":341,"column":37}},"type":"binary-expr","locations":[{"start":{"line":341,"column":13},"end":{"line":341,"column":27}},{"start":{"line":341,"column":31},"end":{"line":341,"column":37}}]},"13":{"loc":{"start":{"line":355,"column":4},"end":{"line":361,"column":5}},"type":"if","locations":[{"start":{"line":355,"column":4},"end":{"line":361,"column":5}}]},"14":{"loc":{"start":{"line":355,"column":8},"end":{"line":355,"column":35}},"type":"binary-expr","locations":[{"start":{"line":355,"column":8},"end":{"line":355,"column":17}},{"start":{"line":355,"column":21},"end":{"line":355,"column":35}}]}},"s":{"0":0,"1":0,"2":0,"3":0,"4":0,"5":0,"6":0,"7":0,"8":0,"9":0,"10":0,"11":0,"12":0,"13":0,"14":0,"15":0,"16":0,"17":0,"18":0,"19":0,"20":0,"21":0,"22":0,"23":0,"24":0,"25":0,"26":0,"27":0,"28":0,"29":0,"30":0,"31":0,"32":0,"33":0,"34":0,"35":0,"36":0,"37":0,"38":0,"39":0,"40":0,"41":0,"42":0,"43":0,"44":0,"45":0,"46":0,"47":0,"48":0,"49":0,"50":0,"51":0,"52":0,"53":0,"54":0,"55":0,"56":0,"57":0,"58":0,"59":0,"60":0,"61":0,"62":0,"63":0,"64":0,"65":0,"66":0,"67":0,"68":0,"69":0,"70":0,"71":0,"72":0,"73":0,"74":0,"75":0,"76":0,"77":0,"78":0,"79":0,"80":0,"81":0,"82":0,"83":0,"84":0,"85":0,"86":0,"87":0,"88":0,"89":0,"90":0,"91":0,"92":0,"93":0,"94":0,"95":0,"96":0,"97":0,"98":0,"99":0,"100":0,"101":0,"102":0,"103":0,"104":0,"105":0,"106":0,"107":0,"108":0,"109":0,"110":0,"111":0,"112":0,"113":0,"114":0,"115":0,"116":0,"117":0,"118":0,"119":0,"120":0,"121":0,"122":0,"123":0,"124":0,"125":0},"f":{"0":0,"1":0,"2":0,"3":0,"4":0,"5":0,"6":0,"7":0,"8":0,"9":0,"10":0,"11":0,"12":0,"13":0,"14":0,"15":0,"16":0,"17":0,"18":0},"b":{"0":[0],"1":[0,0],"2":[0],"3":[0],"4":[0],"5":[0,0],"6":[0],"7":[0],"8":[0],"9":[0,0],"10":[0],"11":[0],"12":[0,0],"13":[0],"14":[0,0]}}
,"/Users/sca/Documents/repo/notegit/src/backend/handlers/configHandlers.ts": {"path":"/Users/sca/Documents/repo/notegit/src/backend/handlers/configHandlers.ts","statementMap":{"0":{"start":{"line":13,"column":0},"end":{"line":13,"column":16}},"1":{"start":{"line":2,"column":0},"end":{"line":2,"column":null}},"2":{"start":{"line":11,"column":0},"end":{"line":11,"column":41}},"3":{"start":{"line":18,"column":2},"end":{"line":36,"column":5}},"4":{"start":{"line":19,"column":4},"end":{"line":35,"column":5}},"5":{"start":{"line":20,"column":21},"end":{"line":20,"column":50}},"6":{"start":{"line":21,"column":6},"end":{"line":24,"column":8}},"7":{"start":{"line":26,"column":6},"end":{"line":26,"column":59}},"8":{"start":{"line":27,"column":6},"end":{"line":34,"column":8}},"9":{"start":{"line":38,"column":2},"end":{"line":58,"column":4}},"10":{"start":{"line":41,"column":6},"end":{"line":56,"column":7}},"11":{"start":{"line":42,"column":8},"end":{"line":42,"column":56}},"12":{"start":{"line":43,"column":8},"end":{"line":45,"column":10}},"13":{"start":{"line":47,"column":8},"end":{"line":47,"column":65}},"14":{"start":{"line":48,"column":8},"end":{"line":55,"column":10}},"15":{"start":{"line":60,"column":2},"end":{"line":80,"column":4}},"16":{"start":{"line":63,"column":6},"end":{"line":78,"column":7}},"17":{"start":{"line":64,"column":8},"end":{"line":64,"column":57}},"18":{"start":{"line":65,"column":8},"end":{"line":67,"column":10}},"19":{"start":{"line":69,"column":8},"end":{"line":69,"column":66}},"20":{"start":{"line":70,"column":8},"end":{"line":77,"column":10}},"21":{"start":{"line":82,"column":2},"end":{"line":96,"column":5}},"22":{"start":{"line":83,"column":4},"end":{"line":95,"column":5}},"23":{"start":{"line":84,"column":26},"end":{"line":84,"column":62}},"24":{"start":{"line":85,"column":6},"end":{"line":88,"column":8}},"25":{"start":{"line":90,"column":6},"end":{"line":90,"column":66}},"26":{"start":{"line":91,"column":6},"end":{"line":94,"column":8}}},"fnMap":{"0":{"name":"registerConfigHandlers","decl":{"start":{"line":13,"column":16},"end":{"line":13,"column":38}},"loc":{"start":{"line":16,"column":24},"end":{"line":97,"column":1}}},"1":{"name":"(anonymous_1)","decl":{"start":{"line":18,"column":35},"end":{"line":18,"column":40}},"loc":{"start":{"line":18,"column":80},"end":{"line":36,"column":3}}},"2":{"name":"(anonymous_2)","decl":{"start":{"line":40,"column":4},"end":{"line":40,"column":9}},"loc":{"start":{"line":40,"column":81},"end":{"line":57,"column":5}}},"3":{"name":"(anonymous_3)","decl":{"start":{"line":62,"column":4},"end":{"line":62,"column":9}},"loc":{"start":{"line":62,"column":73},"end":{"line":79,"column":5}}},"4":{"name":"(anonymous_4)","decl":{"start":{"line":82,"column":45},"end":{"line":82,"column":50}},"loc":{"start":{"line":82,"column":87},"end":{"line":96,"column":3}}}},"branchMap":{},"s":{"0":0,"1":0,"2":0,"3":0,"4":0,"5":0,"6":0,"7":0,"8":0,"9":0,"10":0,"11":0,"12":0,"13":0,"14":0,"15":0,"16":0,"17":0,"18":0,"19":0,"20":0,"21":0,"22":0,"23":0,"24":0,"25":0,"26":0},"f":{"0":0,"1":0,"2":0,"3":0,"4":0},"b":{}}
,"/Users/sca/Documents/repo/notegit/src/backend/handlers/dialogHandlers.ts": {"path":"/Users/sca/Documents/repo/notegit/src/backend/handlers/dialogHandlers.ts","statementMap":{"0":{"start":{"line":4,"column":0},"end":{"line":4,"column":16}},"1":{"start":{"line":1,"column":0},"end":{"line":1,"column":43}},"2":{"start":{"line":2,"column":0},"end":{"line":2,"column":41}},"3":{"start":{"line":5,"column":2},"end":{"line":16,"column":4}},"4":{"start":{"line":8,"column":6},"end":{"line":14,"column":7}},"5":{"start":{"line":9,"column":23},"end":{"line":9,"column":59}},"6":{"start":{"line":10,"column":8},"end":{"line":10,"column":22}},"7":{"start":{"line":12,"column":8},"end":{"line":12,"column":62}},"8":{"start":{"line":13,"column":8},"end":{"line":13,"column":49}},"9":{"start":{"line":18,"column":2},"end":{"line":29,"column":4}},"10":{"start":{"line":21,"column":6},"end":{"line":27,"column":7}},"11":{"start":{"line":22,"column":23},"end":{"line":22,"column":59}},"12":{"start":{"line":23,"column":8},"end":{"line":23,"column":22}},"13":{"start":{"line":25,"column":8},"end":{"line":25,"column":62}},"14":{"start":{"line":26,"column":8},"end":{"line":26,"column":55}}},"fnMap":{"0":{"name":"registerDialogHandlers","decl":{"start":{"line":4,"column":16},"end":{"line":4,"column":38}},"loc":{"start":{"line":4,"column":55},"end":{"line":30,"column":1}}},"1":{"name":"(anonymous_1)","decl":{"start":{"line":7,"column":4},"end":{"line":7,"column":9}},"loc":{"start":{"line":7,"column":35},"end":{"line":15,"column":5}}},"2":{"name":"(anonymous_2)","decl":{"start":{"line":20,"column":4},"end":{"line":20,"column":9}},"loc":{"start":{"line":20,"column":35},"end":{"line":28,"column":5}}}},"branchMap":{},"s":{"0":0,"1":0,"2":0,"3":0,"4":0,"5":0,"6":0,"7":0,"8":0,"9":0,"10":0,"11":0,"12":0,"13":0,"14":0},"f":{"0":0,"1":0,"2":0},"b":{}}
,"/Users/sca/Documents/repo/notegit/src/backend/handlers/exportHandlers.ts": {"path":"/Users/sca/Documents/repo/notegit/src/backend/handlers/exportHandlers.ts","statementMap":{"0":{"start":{"line":6,"column":0},"end":{"line":6,"column":16}},"1":{"start":{"line":3,"column":0},"end":{"line":3,"column":63}},"2":{"start":{"line":4,"column":0},"end":{"line":4,"column":41}},"3":{"start":{"line":7,"column":2},"end":{"line":47,"column":4}},"4":{"start":{"line":15,"column":6},"end":{"line":45,"column":7}},"5":{"start":{"line":16,"column":27},"end":{"line":16,"column":94}},"6":{"start":{"line":17,"column":8},"end":{"line":20,"column":10}},"7":{"start":{"line":23,"column":8},"end":{"line":32,"column":9}},"8":{"start":{"line":24,"column":10},"end":{"line":31,"column":12}},"9":{"start":{"line":34,"column":8},"end":{"line":34,"column":67}},"10":{"start":{"line":35,"column":8},"end":{"line":44,"column":10}},"11":{"start":{"line":49,"column":2},"end":{"line":81,"column":5}},"12":{"start":{"line":50,"column":4},"end":{"line":80,"column":5}},"13":{"start":{"line":51,"column":22},"end":{"line":51,"column":59}},"14":{"start":{"line":52,"column":6},"end":{"line":55,"column":8}},"15":{"start":{"line":58,"column":6},"end":{"line":67,"column":7}},"16":{"start":{"line":59,"column":8},"end":{"line":66,"column":10}},"17":{"start":{"line":69,"column":6},"end":{"line":69,"column":68}},"18":{"start":{"line":70,"column":6},"end":{"line":79,"column":8}}},"fnMap":{"0":{"name":"registerExportHandlers","decl":{"start":{"line":6,"column":16},"end":{"line":6,"column":38}},"loc":{"start":{"line":6,"column":85},"end":{"line":82,"column":1}}},"1":{"name":"(anonymous_1)","decl":{"start":{"line":9,"column":4},"end":{"line":9,"column":9}},"loc":{"start":{"line":14,"column":38},"end":{"line":46,"column":5}}},"2":{"name":"(anonymous_2)","decl":{"start":{"line":49,"column":35},"end":{"line":49,"column":40}},"loc":{"start":{"line":49,"column":76},"end":{"line":81,"column":3}}}},"branchMap":{"0":{"loc":{"start":{"line":13,"column":6},"end":{"line":13,"column":43}},"type":"default-arg","locations":[{"start":{"line":13,"column":39},"end":{"line":13,"column":43}}]},"1":{"loc":{"start":{"line":23,"column":8},"end":{"line":32,"column":9}},"type":"if","locations":[{"start":{"line":23,"column":8},"end":{"line":32,"column":9}}]},"2":{"loc":{"start":{"line":23,"column":12},"end":{"line":23,"column":72}},"type":"binary-expr","locations":[{"start":{"line":23,"column":12},"end":{"line":23,"column":25}},{"start":{"line":23,"column":29},"end":{"line":23,"column":72}}]},"3":{"loc":{"start":{"line":37,"column":17},"end":{"line":43,"column":null}},"type":"cond-expr","locations":[{"start":{"line":38,"column":14},"end":{"line":38,"column":19}},{"start":{"line":39,"column":14},"end":{"line":43,"column":null}}]},"4":{"loc":{"start":{"line":41,"column":25},"end":{"line":41,"column":65}},"type":"binary-expr","locations":[{"start":{"line":41,"column":25},"end":{"line":41,"column":38}},{"start":{"line":41,"column":42},"end":{"line":41,"column":65}}]},"5":{"loc":{"start":{"line":58,"column":6},"end":{"line":67,"column":7}},"type":"if","locations":[{"start":{"line":58,"column":6},"end":{"line":67,"column":7}}]},"6":{"loc":{"start":{"line":58,"column":10},"end":{"line":58,"column":70}},"type":"binary-expr","locations":[{"start":{"line":58,"column":10},"end":{"line":58,"column":23}},{"start":{"line":58,"column":27},"end":{"line":58,"column":70}}]},"7":{"loc":{"start":{"line":72,"column":15},"end":{"line":78,"column":null}},"type":"cond-expr","locations":[{"start":{"line":73,"column":12},"end":{"line":73,"column":17}},{"start":{"line":74,"column":12},"end":{"line":78,"column":null}}]},"8":{"loc":{"start":{"line":76,"column":23},"end":{"line":76,"column":76}},"type":"binary-expr","locations":[{"start":{"line":76,"column":23},"end":{"line":76,"column":36}},{"start":{"line":76,"column":40},"end":{"line":76,"column":76}}]}},"s":{"0":0,"1":0,"2":0,"3":0,"4":0,"5":0,"6":0,"7":0,"8":0,"9":0,"10":0,"11":0,"12":0,"13":0,"14":0,"15":0,"16":0,"17":0,"18":0},"f":{"0":0,"1":0,"2":0},"b":{"0":[0],"1":[0],"2":[0,0],"3":[0,0],"4":[0,0],"5":[0],"6":[0,0],"7":[0,0],"8":[0,0]}}
,"/Users/sca/Documents/repo/notegit/src/backend/handlers/filesHandlers.ts": {"path":"/Users/sca/Documents/repo/notegit/src/backend/handlers/filesHandlers.ts","statementMap":{"0":{"start":{"line":11,"column":0},"end":{"line":11,"column":16}},"1":{"start":{"line":2,"column":0},"end":{"line":2,"column":null}},"2":{"start":{"line":9,"column":0},"end":{"line":9,"column":41}},"3":{"start":{"line":12,"column":2},"end":{"line":32,"column":5}},"4":{"start":{"line":13,"column":4},"end":{"line":31,"column":5}},"5":{"start":{"line":14,"column":19},"end":{"line":14,"column":48}},"6":{"start":{"line":15,"column":6},"end":{"line":18,"column":8}},"7":{"start":{"line":20,"column":6},"end":{"line":20,"column":58}},"8":{"start":{"line":21,"column":6},"end":{"line":30,"column":8}},"9":{"start":{"line":34,"column":2},"end":{"line":54,"column":5}},"10":{"start":{"line":35,"column":4},"end":{"line":53,"column":5}},"11":{"start":{"line":36,"column":22},"end":{"line":36,"column":55}},"12":{"start":{"line":37,"column":6},"end":{"line":40,"column":8}},"13":{"start":{"line":42,"column":6},"end":{"line":42,"column":59}},"14":{"start":{"line":43,"column":6},"end":{"line":52,"column":8}},"15":{"start":{"line":56,"column":2},"end":{"line":78,"column":4}},"16":{"start":{"line":59,"column":6},"end":{"line":76,"column":7}},"17":{"start":{"line":60,"column":8},"end":{"line":60,"column":51}},"18":{"start":{"line":61,"column":8},"end":{"line":63,"column":10}},"19":{"start":{"line":65,"column":8},"end":{"line":65,"column":61}},"20":{"start":{"line":66,"column":8},"end":{"line":75,"column":10}},"21":{"start":{"line":80,"column":2},"end":{"line":110,"column":4}},"22":{"start":{"line":90,"column":6},"end":{"line":108,"column":7}},"23":{"start":{"line":91,"column":23},"end":{"line":91,"column":88}},"24":{"start":{"line":92,"column":8},"end":{"line":95,"column":10}},"25":{"start":{"line":97,"column":8},"end":{"line":97,"column":74}},"26":{"start":{"line":98,"column":8},"end":{"line":107,"column":10}},"27":{"start":{"line":112,"column":2},"end":{"line":134,"column":4}},"28":{"start":{"line":115,"column":6},"end":{"line":132,"column":7}},"29":{"start":{"line":116,"column":8},"end":{"line":116,"column":53}},"30":{"start":{"line":117,"column":8},"end":{"line":119,"column":10}},"31":{"start":{"line":121,"column":8},"end":{"line":121,"column":63}},"32":{"start":{"line":122,"column":8},"end":{"line":131,"column":10}},"33":{"start":{"line":136,"column":2},"end":{"line":158,"column":4}},"34":{"start":{"line":139,"column":6},"end":{"line":156,"column":7}},"35":{"start":{"line":140,"column":8},"end":{"line":140,"column":46}},"36":{"start":{"line":141,"column":8},"end":{"line":143,"column":10}},"37":{"start":{"line":145,"column":8},"end":{"line":145,"column":64}},"38":{"start":{"line":146,"column":8},"end":{"line":155,"column":10}},"39":{"start":{"line":160,"column":2},"end":{"line":182,"column":4}},"40":{"start":{"line":163,"column":6},"end":{"line":180,"column":7}},"41":{"start":{"line":164,"column":8},"end":{"line":164,"column":56}},"42":{"start":{"line":165,"column":8},"end":{"line":167,"column":10}},"43":{"start":{"line":169,"column":8},"end":{"line":169,"column":75}},"44":{"start":{"line":170,"column":8},"end":{"line":179,"column":10}},"45":{"start":{"line":184,"column":2},"end":{"line":206,"column":4}},"46":{"start":{"line":187,"column":6},"end":{"line":204,"column":7}},"47":{"start":{"line":188,"column":8},"end":{"line":188,"column":58}},"48":{"start":{"line":189,"column":8},"end":{"line":191,"column":10}},"49":{"start":{"line":193,"column":8},"end":{"line":193,"column":77}},"50":{"start":{"line":194,"column":8},"end":{"line":203,"column":10}},"51":{"start":{"line":208,"column":2},"end":{"line":227,"column":5}},"52":{"start":{"line":209,"column":4},"end":{"line":226,"column":5}},"53":{"start":{"line":210,"column":6},"end":{"line":210,"column":42}},"54":{"start":{"line":211,"column":6},"end":{"line":213,"column":8}},"55":{"start":{"line":215,"column":6},"end":{"line":215,"column":61}},"56":{"start":{"line":216,"column":6},"end":{"line":225,"column":8}},"57":{"start":{"line":229,"column":2},"end":{"line":251,"column":4}},"58":{"start":{"line":232,"column":6},"end":{"line":249,"column":7}},"59":{"start":{"line":233,"column":8},"end":{"line":233,"column":56}},"60":{"start":{"line":234,"column":8},"end":{"line":236,"column":10}},"61":{"start":{"line":238,"column":8},"end":{"line":238,"column":75}},"62":{"start":{"line":239,"column":8},"end":{"line":248,"column":10}},"63":{"start":{"line":253,"column":2},"end":{"line":275,"column":4}},"64":{"start":{"line":256,"column":6},"end":{"line":273,"column":7}},"65":{"start":{"line":257,"column":8},"end":{"line":257,"column":58}},"66":{"start":{"line":258,"column":8},"end":{"line":260,"column":10}},"67":{"start":{"line":262,"column":8},"end":{"line":262,"column":78}},"68":{"start":{"line":263,"column":8},"end":{"line":272,"column":10}},"69":{"start":{"line":277,"column":2},"end":{"line":299,"column":4}},"70":{"start":{"line":280,"column":6},"end":{"line":297,"column":7}},"71":{"start":{"line":281,"column":8},"end":{"line":281,"column":62}},"72":{"start":{"line":282,"column":8},"end":{"line":284,"column":10}},"73":{"start":{"line":286,"column":8},"end":{"line":286,"column":81}},"74":{"start":{"line":287,"column":8},"end":{"line":296,"column":10}}},"fnMap":{"0":{"name":"registerFilesHandlers","decl":{"start":{"line":11,"column":16},"end":{"line":11,"column":37}},"loc":{"start":{"line":11,"column":82},"end":{"line":300,"column":1}}},"1":{"name":"(anonymous_1)","decl":{"start":{"line":12,"column":35},"end":{"line":12,"column":40}},"loc":{"start":{"line":12,"column":84},"end":{"line":32,"column":3}}},"2":{"name":"(anonymous_2)","decl":{"start":{"line":34,"column":31},"end":{"line":34,"column":36}},"loc":{"start":{"line":34,"column":97},"end":{"line":54,"column":3}}},"3":{"name":"(anonymous_3)","decl":{"start":{"line":58,"column":4},"end":{"line":58,"column":9}},"loc":{"start":{"line":58,"column":80},"end":{"line":77,"column":5}}},"4":{"name":"(anonymous_4)","decl":{"start":{"line":82,"column":4},"end":{"line":82,"column":9}},"loc":{"start":{"line":89,"column":8},"end":{"line":109,"column":5}}},"5":{"name":"(anonymous_5)","decl":{"start":{"line":114,"column":4},"end":{"line":114,"column":9}},"loc":{"start":{"line":114,"column":80},"end":{"line":133,"column":5}}},"6":{"name":"(anonymous_6)","decl":{"start":{"line":138,"column":4},"end":{"line":138,"column":9}},"loc":{"start":{"line":138,"column":66},"end":{"line":157,"column":5}}},"7":{"name":"(anonymous_7)","decl":{"start":{"line":162,"column":4},"end":{"line":162,"column":9}},"loc":{"start":{"line":162,"column":83},"end":{"line":181,"column":5}}},"8":{"name":"(anonymous_8)","decl":{"start":{"line":186,"column":4},"end":{"line":186,"column":9}},"loc":{"start":{"line":186,"column":83},"end":{"line":205,"column":5}}},"9":{"name":"(anonymous_9)","decl":{"start":{"line":208,"column":33},"end":{"line":208,"column":38}},"loc":{"start":{"line":208,"column":92},"end":{"line":227,"column":3}}},"10":{"name":"(anonymous_10)","decl":{"start":{"line":231,"column":4},"end":{"line":231,"column":9}},"loc":{"start":{"line":231,"column":83},"end":{"line":250,"column":5}}},"11":{"name":"(anonymous_11)","decl":{"start":{"line":255,"column":4},"end":{"line":255,"column":9}},"loc":{"start":{"line":255,"column":85},"end":{"line":274,"column":5}}},"12":{"name":"(anonymous_12)","decl":{"start":{"line":279,"column":4},"end":{"line":279,"column":9}},"loc":{"start":{"line":279,"column":89},"end":{"line":298,"column":5}}}},"branchMap":{"0":{"loc":{"start":{"line":23,"column":15},"end":{"line":29,"column":null}},"type":"cond-expr","locations":[{"start":{"line":24,"column":12},"end":{"line":24,"column":17}},{"start":{"line":25,"column":12},"end":{"line":29,"column":null}}]},"1":{"loc":{"start":{"line":27,"column":23},"end":{"line":27,"column":62}},"type":"binary-expr","locations":[{"start":{"line":27,"column":23},"end":{"line":27,"column":36}},{"start":{"line":27,"column":40},"end":{"line":27,"column":62}}]},"2":{"loc":{"start":{"line":45,"column":15},"end":{"line":51,"column":null}},"type":"cond-expr","locations":[{"start":{"line":46,"column":12},"end":{"line":46,"column":17}},{"start":{"line":47,"column":12},"end":{"line":51,"column":null}}]},"3":{"loc":{"start":{"line":49,"column":23},"end":{"line":49,"column":61}},"type":"binary-expr","locations":[{"start":{"line":49,"column":23},"end":{"line":49,"column":36}},{"start":{"line":49,"column":40},"end":{"line":49,"column":61}}]},"4":{"loc":{"start":{"line":68,"column":17},"end":{"line":74,"column":null}},"type":"cond-expr","locations":[{"start":{"line":69,"column":14},"end":{"line":69,"column":19}},{"start":{"line":70,"column":14},"end":{"line":74,"column":null}}]},"5":{"loc":{"start":{"line":72,"column":25},"end":{"line":72,"column":63}},"type":"binary-expr","locations":[{"start":{"line":72,"column":25},"end":{"line":72,"column":38}},{"start":{"line":72,"column":42},"end":{"line":72,"column":63}}]},"6":{"loc":{"start":{"line":86,"column":6},"end":{"line":86,"column":33}},"type":"default-arg","locations":[{"start":{"line":86,"column":28},"end":{"line":86,"column":33}}]},"7":{"loc":{"start":{"line":100,"column":17},"end":{"line":106,"column":null}},"type":"cond-expr","locations":[{"start":{"line":101,"column":14},"end":{"line":101,"column":19}},{"start":{"line":102,"column":14},"end":{"line":106,"column":null}}]},"8":{"loc":{"start":{"line":104,"column":25},"end":{"line":104,"column":76}},"type":"binary-expr","locations":[{"start":{"line":104,"column":25},"end":{"line":104,"column":38}},{"start":{"line":104,"column":42},"end":{"line":104,"column":76}}]},"9":{"loc":{"start":{"line":124,"column":17},"end":{"line":130,"column":null}},"type":"cond-expr","locations":[{"start":{"line":125,"column":14},"end":{"line":125,"column":19}},{"start":{"line":126,"column":14},"end":{"line":130,"column":null}}]},"10":{"loc":{"start":{"line":128,"column":25},"end":{"line":128,"column":65}},"type":"binary-expr","locations":[{"start":{"line":128,"column":25},"end":{"line":128,"column":38}},{"start":{"line":128,"column":42},"end":{"line":128,"column":65}}]},"11":{"loc":{"start":{"line":148,"column":17},"end":{"line":154,"column":null}},"type":"cond-expr","locations":[{"start":{"line":149,"column":14},"end":{"line":149,"column":19}},{"start":{"line":150,"column":14},"end":{"line":154,"column":null}}]},"12":{"loc":{"start":{"line":152,"column":25},"end":{"line":152,"column":72}},"type":"binary-expr","locations":[{"start":{"line":152,"column":25},"end":{"line":152,"column":38}},{"start":{"line":152,"column":42},"end":{"line":152,"column":72}}]},"13":{"loc":{"start":{"line":172,"column":17},"end":{"line":178,"column":null}},"type":"cond-expr","locations":[{"start":{"line":173,"column":14},"end":{"line":173,"column":19}},{"start":{"line":174,"column":14},"end":{"line":178,"column":null}}]},"14":{"loc":{"start":{"line":176,"column":25},"end":{"line":176,"column":65}},"type":"binary-expr","locations":[{"start":{"line":176,"column":25},"end":{"line":176,"column":38}},{"start":{"line":176,"column":42},"end":{"line":176,"column":65}}]},"15":{"loc":{"start":{"line":196,"column":17},"end":{"line":202,"column":null}},"type":"cond-expr","locations":[{"start":{"line":197,"column":14},"end":{"line":197,"column":19}},{"start":{"line":198,"column":14},"end":{"line":202,"column":null}}]},"16":{"loc":{"start":{"line":200,"column":25},"end":{"line":200,"column":67}},"type":"binary-expr","locations":[{"start":{"line":200,"column":25},"end":{"line":200,"column":38}},{"start":{"line":200,"column":42},"end":{"line":200,"column":67}}]},"17":{"loc":{"start":{"line":218,"column":15},"end":{"line":224,"column":null}},"type":"cond-expr","locations":[{"start":{"line":219,"column":12},"end":{"line":219,"column":17}},{"start":{"line":220,"column":12},"end":{"line":224,"column":null}}]},"18":{"loc":{"start":{"line":222,"column":23},"end":{"line":222,"column":58}},"type":"binary-expr","locations":[{"start":{"line":222,"column":23},"end":{"line":222,"column":36}},{"start":{"line":222,"column":40},"end":{"line":222,"column":58}}]},"19":{"loc":{"start":{"line":241,"column":17},"end":{"line":247,"column":null}},"type":"cond-expr","locations":[{"start":{"line":242,"column":14},"end":{"line":242,"column":19}},{"start":{"line":243,"column":14},"end":{"line":247,"column":null}}]},"20":{"loc":{"start":{"line":245,"column":25},"end":{"line":245,"column":60}},"type":"binary-expr","locations":[{"start":{"line":245,"column":25},"end":{"line":245,"column":38}},{"start":{"line":245,"column":42},"end":{"line":245,"column":60}}]},"21":{"loc":{"start":{"line":265,"column":17},"end":{"line":271,"column":null}},"type":"cond-expr","locations":[{"start":{"line":266,"column":14},"end":{"line":266,"column":19}},{"start":{"line":267,"column":14},"end":{"line":271,"column":null}}]},"22":{"loc":{"start":{"line":269,"column":25},"end":{"line":269,"column":63}},"type":"binary-expr","locations":[{"start":{"line":269,"column":25},"end":{"line":269,"column":38}},{"start":{"line":269,"column":42},"end":{"line":269,"column":63}}]},"23":{"loc":{"start":{"line":289,"column":17},"end":{"line":295,"column":null}},"type":"cond-expr","locations":[{"start":{"line":290,"column":14},"end":{"line":290,"column":19}},{"start":{"line":291,"column":14},"end":{"line":295,"column":null}}]},"24":{"loc":{"start":{"line":293,"column":25},"end":{"line":293,"column":65}},"type":"binary-expr","locations":[{"start":{"line":293,"column":25},"end":{"line":293,"column":38}},{"start":{"line":293,"column":42},"end":{"line":293,"column":65}}]}},"s":{"0":0,"1":0,"2":0,"3":0,"4":0,"5":0,"6":0,"7":0,"8":0,"9":0,"10":0,"11":0,"12":0,"13":0,"14":0,"15":0,"16":0,"17":0,"18":0,"19":0,"20":0,"21":0,"22":0,"23":0,"24":0,"25":0,"26":0,"27":0,"28":0,"29":0,"30":0,"31":0,"32":0,"33":0,"34":0,"35":0,"36":0,"37":0,"38":0,"39":0,"40":0,"41":0,"42":0,"43":0,"44":0,"45":0,"46":0,"47":0,"48":0,"49":0,"50":0,"51":0,"52":0,"53":0,"54":0,"55":0,"56":0,"57":0,"58":0,"59":0,"60":0,"61":0,"62":0,"63":0,"64":0,"65":0,"66":0,"67":0,"68":0,"69":0,"70":0,"71":0,"72":0,"73":0,"74":0},"f":{"0":0,"1":0,"2":0,"3":0,"4":0,"5":0,"6":0,"7":0,"8":0,"9":0,"10":0,"11":0,"12":0},"b":{"0":[0,0],"1":[0,0],"2":[0,0],"3":[0,0],"4":[0,0],"5":[0,0],"6":[0],"7":[0,0],"8":[0,0],"9":[0,0],"10":[0,0],"11":[0,0],"12":[0,0],"13":[0,0],"14":[0,0],"15":[0,0],"16":[0,0],"17":[0,0],"18":[0,0],"19":[0,0],"20":[0,0],"21":[0,0],"22":[0,0],"23":[0,0],"24":[0,0]}}
,"/Users/sca/Documents/repo/notegit/src/backend/handlers/historyHandlers.ts": {"path":"/Users/sca/Documents/repo/notegit/src/backend/handlers/historyHandlers.ts","statementMap":{"0":{"start":{"line":11,"column":0},"end":{"line":11,"column":16}},"1":{"start":{"line":2,"column":0},"end":{"line":2,"column":null}},"2":{"start":{"line":9,"column":0},"end":{"line":9,"column":41}},"3":{"start":{"line":12,"column":2},"end":{"line":35,"column":4}},"4":{"start":{"line":15,"column":6},"end":{"line":33,"column":7}},"5":{"start":{"line":16,"column":24},"end":{"line":16,"column":61}},"6":{"start":{"line":17,"column":8},"end":{"line":20,"column":10}},"7":{"start":{"line":22,"column":8},"end":{"line":22,"column":68}},"8":{"start":{"line":23,"column":8},"end":{"line":32,"column":10}},"9":{"start":{"line":37,"column":2},"end":{"line":60,"column":4}},"10":{"start":{"line":40,"column":6},"end":{"line":58,"column":7}},"11":{"start":{"line":41,"column":24},"end":{"line":41,"column":73}},"12":{"start":{"line":42,"column":8},"end":{"line":45,"column":10}},"13":{"start":{"line":47,"column":8},"end":{"line":47,"column":80}},"14":{"start":{"line":48,"column":8},"end":{"line":57,"column":10}},"15":{"start":{"line":62,"column":2},"end":{"line":85,"column":4}},"16":{"start":{"line":65,"column":6},"end":{"line":83,"column":7}},"17":{"start":{"line":66,"column":21},"end":{"line":66,"column":69}},"18":{"start":{"line":67,"column":8},"end":{"line":70,"column":10}},"19":{"start":{"line":72,"column":8},"end":{"line":72,"column":74}},"20":{"start":{"line":73,"column":8},"end":{"line":82,"column":10}}},"fnMap":{"0":{"name":"registerHistoryHandlers","decl":{"start":{"line":11,"column":16},"end":{"line":11,"column":39}},"loc":{"start":{"line":11,"column":88},"end":{"line":86,"column":1}}},"1":{"name":"(anonymous_1)","decl":{"start":{"line":14,"column":4},"end":{"line":14,"column":9}},"loc":{"start":{"line":14,"column":72},"end":{"line":34,"column":5}}},"2":{"name":"(anonymous_2)","decl":{"start":{"line":39,"column":4},"end":{"line":39,"column":9}},"loc":{"start":{"line":39,"column":85},"end":{"line":59,"column":5}}},"3":{"name":"(anonymous_3)","decl":{"start":{"line":64,"column":4},"end":{"line":64,"column":9}},"loc":{"start":{"line":64,"column":99},"end":{"line":84,"column":5}}}},"branchMap":{"0":{"loc":{"start":{"line":25,"column":17},"end":{"line":31,"column":null}},"type":"cond-expr","locations":[{"start":{"line":26,"column":14},"end":{"line":26,"column":19}},{"start":{"line":27,"column":14},"end":{"line":31,"column":null}}]},"1":{"loc":{"start":{"line":29,"column":25},"end":{"line":29,"column":70}},"type":"binary-expr","locations":[{"start":{"line":29,"column":25},"end":{"line":29,"column":38}},{"start":{"line":29,"column":42},"end":{"line":29,"column":70}}]},"2":{"loc":{"start":{"line":50,"column":17},"end":{"line":56,"column":null}},"type":"cond-expr","locations":[{"start":{"line":51,"column":14},"end":{"line":51,"column":19}},{"start":{"line":52,"column":14},"end":{"line":56,"column":null}}]},"3":{"loc":{"start":{"line":54,"column":25},"end":{"line":54,"column":70}},"type":"binary-expr","locations":[{"start":{"line":54,"column":25},"end":{"line":54,"column":38}},{"start":{"line":54,"column":42},"end":{"line":54,"column":70}}]},"4":{"loc":{"start":{"line":75,"column":17},"end":{"line":81,"column":null}},"type":"cond-expr","locations":[{"start":{"line":76,"column":14},"end":{"line":76,"column":19}},{"start":{"line":77,"column":14},"end":{"line":81,"column":null}}]},"5":{"loc":{"start":{"line":79,"column":25},"end":{"line":79,"column":62}},"type":"binary-expr","locations":[{"start":{"line":79,"column":25},"end":{"line":79,"column":38}},{"start":{"line":79,"column":42},"end":{"line":79,"column":62}}]}},"s":{"0":0,"1":0,"2":0,"3":0,"4":0,"5":0,"6":0,"7":0,"8":0,"9":0,"10":0,"11":0,"12":0,"13":0,"14":0,"15":0,"16":0,"17":0,"18":0,"19":0,"20":0},"f":{"0":0,"1":0,"2":0,"3":0},"b":{"0":[0,0],"1":[0,0],"2":[0,0],"3":[0,0],"4":[0,0],"5":[0,0]}}
,"/Users/sca/Documents/repo/notegit/src/backend/handlers/repoHandlers.ts": {"path":"/Users/sca/Documents/repo/notegit/src/backend/handlers/repoHandlers.ts","statementMap":{"0":{"start":{"line":12,"column":0},"end":{"line":12,"column":16}},"1":{"start":{"line":2,"column":0},"end":{"line":2,"column":null}},"2":{"start":{"line":10,"column":0},"end":{"line":10,"column":41}},"3":{"start":{"line":13,"column":2},"end":{"line":36,"column":4}},"4":{"start":{"line":16,"column":6},"end":{"line":34,"column":7}},"5":{"start":{"line":17,"column":23},"end":{"line":17,"column":62}},"6":{"start":{"line":18,"column":8},"end":{"line":21,"column":10}},"7":{"start":{"line":23,"column":8},"end":{"line":23,"column":70}},"8":{"start":{"line":24,"column":8},"end":{"line":33,"column":10}},"9":{"start":{"line":38,"column":2},"end":{"line":58,"column":5}},"10":{"start":{"line":39,"column":4},"end":{"line":57,"column":5}},"11":{"start":{"line":40,"column":21},"end":{"line":40,"column":50}},"12":{"start":{"line":41,"column":6},"end":{"line":44,"column":8}},"13":{"start":{"line":46,"column":6},"end":{"line":46,"column":65}},"14":{"start":{"line":47,"column":6},"end":{"line":56,"column":8}},"15":{"start":{"line":60,"column":2},"end":{"line":79,"column":5}},"16":{"start":{"line":61,"column":4},"end":{"line":78,"column":5}},"17":{"start":{"line":62,"column":6},"end":{"line":62,"column":31}},"18":{"start":{"line":63,"column":6},"end":{"line":65,"column":8}},"19":{"start":{"line":67,"column":6},"end":{"line":67,"column":48}},"20":{"start":{"line":68,"column":6},"end":{"line":77,"column":8}},"21":{"start":{"line":81,"column":2},"end":{"line":100,"column":5}},"22":{"start":{"line":82,"column":4},"end":{"line":99,"column":5}},"23":{"start":{"line":83,"column":6},"end":{"line":83,"column":31}},"24":{"start":{"line":84,"column":6},"end":{"line":86,"column":8}},"25":{"start":{"line":88,"column":6},"end":{"line":88,"column":48}},"26":{"start":{"line":89,"column":6},"end":{"line":98,"column":8}},"27":{"start":{"line":102,"column":2},"end":{"line":119,"column":5}},"28":{"start":{"line":103,"column":4},"end":{"line":118,"column":5}},"29":{"start":{"line":104,"column":6},"end":{"line":104,"column":34}},"30":{"start":{"line":105,"column":6},"end":{"line":107,"column":8}},"31":{"start":{"line":109,"column":6},"end":{"line":109,"column":59}},"32":{"start":{"line":110,"column":6},"end":{"line":117,"column":8}}},"fnMap":{"0":{"name":"registerRepoHandlers","decl":{"start":{"line":12,"column":16},"end":{"line":12,"column":36}},"loc":{"start":{"line":12,"column":79},"end":{"line":120,"column":1}}},"1":{"name":"(anonymous_1)","decl":{"start":{"line":15,"column":4},"end":{"line":15,"column":9}},"loc":{"start":{"line":15,"column":92},"end":{"line":35,"column":5}}},"2":{"name":"(anonymous_2)","decl":{"start":{"line":38,"column":35},"end":{"line":38,"column":40}},"loc":{"start":{"line":38,"column":80},"end":{"line":58,"column":3}}},"3":{"name":"(anonymous_3)","decl":{"start":{"line":60,"column":30},"end":{"line":60,"column":35}},"loc":{"start":{"line":60,"column":69},"end":{"line":79,"column":3}}},"4":{"name":"(anonymous_4)","decl":{"start":{"line":81,"column":30},"end":{"line":81,"column":35}},"loc":{"start":{"line":81,"column":69},"end":{"line":100,"column":3}}},"5":{"name":"(anonymous_5)","decl":{"start":{"line":102,"column":39},"end":{"line":102,"column":44}},"loc":{"start":{"line":102,"column":78},"end":{"line":119,"column":3}}}},"branchMap":{"0":{"loc":{"start":{"line":26,"column":17},"end":{"line":32,"column":null}},"type":"cond-expr","locations":[{"start":{"line":27,"column":14},"end":{"line":27,"column":19}},{"start":{"line":28,"column":14},"end":{"line":32,"column":null}}]},"1":{"loc":{"start":{"line":30,"column":25},"end":{"line":30,"column":78}},"type":"binary-expr","locations":[{"start":{"line":30,"column":25},"end":{"line":30,"column":38}},{"start":{"line":30,"column":42},"end":{"line":30,"column":78}}]},"2":{"loc":{"start":{"line":49,"column":15},"end":{"line":55,"column":null}},"type":"cond-expr","locations":[{"start":{"line":50,"column":12},"end":{"line":50,"column":17}},{"start":{"line":51,"column":12},"end":{"line":55,"column":null}}]},"3":{"loc":{"start":{"line":53,"column":23},"end":{"line":53,"column":73}},"type":"binary-expr","locations":[{"start":{"line":53,"column":23},"end":{"line":53,"column":36}},{"start":{"line":53,"column":40},"end":{"line":53,"column":73}}]},"4":{"loc":{"start":{"line":70,"column":15},"end":{"line":76,"column":null}},"type":"cond-expr","locations":[{"start":{"line":71,"column":12},"end":{"line":71,"column":17}},{"start":{"line":72,"column":12},"end":{"line":76,"column":null}}]},"5":{"loc":{"start":{"line":74,"column":23},"end":{"line":74,"column":68}},"type":"binary-expr","locations":[{"start":{"line":74,"column":23},"end":{"line":74,"column":36}},{"start":{"line":74,"column":40},"end":{"line":74,"column":68}}]},"6":{"loc":{"start":{"line":91,"column":15},"end":{"line":97,"column":null}},"type":"cond-expr","locations":[{"start":{"line":92,"column":12},"end":{"line":92,"column":17}},{"start":{"line":93,"column":12},"end":{"line":97,"column":null}}]},"7":{"loc":{"start":{"line":95,"column":23},"end":{"line":95,"column":66}},"type":"binary-expr","locations":[{"start":{"line":95,"column":23},"end":{"line":95,"column":36}},{"start":{"line":95,"column":40},"end":{"line":95,"column":66}}]},"8":{"loc":{"start":{"line":114,"column":19},"end":{"line":114,"column":63}},"type":"binary-expr","locations":[{"start":{"line":114,"column":19},"end":{"line":114,"column":32}},{"start":{"line":114,"column":36},"end":{"line":114,"column":63}}]}},"s":{"0":0,"1":0,"2":0,"3":0,"4":0,"5":0,"6":0,"7":0,"8":0,"9":0,"10":0,"11":0,"12":0,"13":0,"14":0,"15":0,"16":0,"17":0,"18":0,"19":0,"20":0,"21":0,"22":0,"23":0,"24":0,"25":0,"26":0,"27":0,"28":0,"29":0,"30":0,"31":0,"32":0},"f":{"0":0,"1":0,"2":0,"3":0,"4":0,"5":0},"b":{"0":[0,0],"1":[0,0],"2":[0,0],"3":[0,0],"4":[0,0],"5":[0,0],"6":[0,0],"7":[0,0],"8":[0,0]}}
,"/Users/sca/Documents/repo/notegit/src/backend/handlers/searchHandlers.ts": {"path":"/Users/sca/Documents/repo/notegit/src/backend/handlers/searchHandlers.ts","statementMap":{"0":{"start":{"line":6,"column":0},"end":{"line":6,"column":16}},"1":{"start":{"line":3,"column":0},"end":{"line":3,"column":67}},"2":{"start":{"line":4,"column":0},"end":{"line":4,"column":41}},"3":{"start":{"line":8,"column":2},"end":{"line":31,"column":4}},"4":{"start":{"line":11,"column":6},"end":{"line":29,"column":7}},"5":{"start":{"line":12,"column":24},"end":{"line":12,"column":66}},"6":{"start":{"line":13,"column":8},"end":{"line":16,"column":10}},"7":{"start":{"line":18,"column":8},"end":{"line":18,"column":67}},"8":{"start":{"line":19,"column":8},"end":{"line":28,"column":10}},"9":{"start":{"line":34,"column":2},"end":{"line":58,"column":4}},"10":{"start":{"line":41,"column":6},"end":{"line":56,"column":7}},"11":{"start":{"line":42,"column":24},"end":{"line":42,"column":74}},"12":{"start":{"line":43,"column":8},"end":{"line":43,"column":43}},"13":{"start":{"line":45,"column":8},"end":{"line":45,"column":77}},"14":{"start":{"line":46,"column":8},"end":{"line":55,"column":10}},"15":{"start":{"line":61,"column":2},"end":{"line":90,"column":4}},"16":{"start":{"line":73,"column":6},"end":{"line":88,"column":7}},"17":{"start":{"line":74,"column":23},"end":{"line":74,"column":85}},"18":{"start":{"line":75,"column":8},"end":{"line":75,"column":42}},"19":{"start":{"line":77,"column":8},"end":{"line":77,"column":91}},"20":{"start":{"line":78,"column":8},"end":{"line":87,"column":10}}},"fnMap":{"0":{"name":"registerSearchHandlers","decl":{"start":{"line":6,"column":16},"end":{"line":6,"column":38}},"loc":{"start":{"line":6,"column":85},"end":{"line":91,"column":1}}},"1":{"name":"(anonymous_1)","decl":{"start":{"line":10,"column":4},"end":{"line":10,"column":9}},"loc":{"start":{"line":10,"column":98},"end":{"line":30,"column":5}}},"2":{"name":"(anonymous_2)","decl":{"start":{"line":36,"column":4},"end":{"line":36,"column":9}},"loc":{"start":{"line":40,"column":54},"end":{"line":57,"column":5}}},"3":{"name":"(anonymous_3)","decl":{"start":{"line":63,"column":4},"end":{"line":63,"column":9}},"loc":{"start":{"line":72,"column":45},"end":{"line":89,"column":5}}}},"branchMap":{"0":{"loc":{"start":{"line":21,"column":17},"end":{"line":27,"column":null}},"type":"cond-expr","locations":[{"start":{"line":22,"column":14},"end":{"line":22,"column":19}},{"start":{"line":23,"column":14},"end":{"line":27,"column":null}}]},"1":{"loc":{"start":{"line":25,"column":25},"end":{"line":25,"column":60}},"type":"binary-expr","locations":[{"start":{"line":25,"column":25},"end":{"line":25,"column":38}},{"start":{"line":25,"column":42},"end":{"line":25,"column":60}}]},"2":{"loc":{"start":{"line":48,"column":17},"end":{"line":54,"column":null}},"type":"cond-expr","locations":[{"start":{"line":49,"column":14},"end":{"line":49,"column":19}},{"start":{"line":50,"column":14},"end":{"line":54,"column":null}}]},"3":{"loc":{"start":{"line":52,"column":25},"end":{"line":52,"column":78}},"type":"binary-expr","locations":[{"start":{"line":52,"column":25},"end":{"line":52,"column":38}},{"start":{"line":52,"column":42},"end":{"line":52,"column":78}}]},"4":{"loc":{"start":{"line":80,"column":17},"end":{"line":86,"column":null}},"type":"cond-expr","locations":[{"start":{"line":81,"column":14},"end":{"line":81,"column":19}},{"start":{"line":82,"column":14},"end":{"line":86,"column":null}}]},"5":{"loc":{"start":{"line":84,"column":25},"end":{"line":84,"column":79}},"type":"binary-expr","locations":[{"start":{"line":84,"column":25},"end":{"line":84,"column":38}},{"start":{"line":84,"column":42},"end":{"line":84,"column":79}}]}},"s":{"0":0,"1":0,"2":0,"3":0,"4":0,"5":0,"6":0,"7":0,"8":0,"9":0,"10":0,"11":0,"12":0,"13":0,"14":0,"15":0,"16":0,"17":0,"18":0,"19":0,"20":0},"f":{"0":0,"1":0,"2":0,"3":0},"b":{"0":[0,0],"1":[0,0],"2":[0,0],"3":[0,0],"4":[0,0],"5":[0,0]}}
,"/Users/sca/Documents/repo/notegit/src/backend/services/ConfigService.ts": {"path":"/Users/sca/Documents/repo/notegit/src/backend/services/ConfigService.ts","statementMap":{"0":{"start":{"line":1,"column":0},"end":{"line":1,"column":29}},"1":{"start":{"line":2,"column":0},"end":{"line":2,"column":31}},"2":{"start":{"line":5,"column":0},"end":{"line":5,"column":null}},"3":{"start":{"line":13,"column":0},"end":{"line":13,"column":41}},"4":{"start":{"line":22,"column":12},"end":{"line":22,"column":32}},"5":{"start":{"line":23,"column":12},"end":{"line":23,"column":40}},"6":{"start":{"line":25,"column":4},"end":{"line":25,"column":66}},"7":{"start":{"line":26,"column":4},"end":{"line":26,"column":74}},"8":{"start":{"line":27,"column":4},"end":{"line":27,"column":76}},"9":{"start":{"line":28,"column":4},"end":{"line":28,"column":68}},"10":{"start":{"line":32,"column":4},"end":{"line":32,"column":68}},"11":{"start":{"line":36,"column":4},"end":{"line":36,"column":46}},"12":{"start":{"line":38,"column":4},"end":{"line":38,"column":33}},"13":{"start":{"line":40,"column":24},"end":{"line":40,"column":51}},"14":{"start":{"line":41,"column":25},"end":{"line":41,"column":53}},"15":{"start":{"line":42,"column":29},"end":{"line":42,"column":53}},"16":{"start":{"line":44,"column":4},"end":{"line":48,"column":6}},"17":{"start":{"line":52,"column":4},"end":{"line":62,"column":5}},"18":{"start":{"line":53,"column":6},"end":{"line":59,"column":7}},"19":{"start":{"line":54,"column":24},"end":{"line":54,"column":75}},"20":{"start":{"line":55,"column":25},"end":{"line":55,"column":44}},"21":{"start":{"line":56,"column":8},"end":{"line":56,"column":58}},"22":{"start":{"line":58,"column":8},"end":{"line":58,"column":56}},"23":{"start":{"line":61,"column":6},"end":{"line":61,"column":77}},"24":{"start":{"line":65,"column":4},"end":{"line":65,"column":32}},"25":{"start":{"line":69,"column":4},"end":{"line":69,"column":55}},"26":{"start":{"line":71,"column":4},"end":{"line":71,"column":33}},"27":{"start":{"line":73,"column":20},"end":{"line":73,"column":47}},"28":{"start":{"line":74,"column":20},"end":{"line":74,"column":47}},"29":{"start":{"line":76,"column":4},"end":{"line":76,"column":91}},"30":{"start":{"line":77,"column":4},"end":{"line":77,"column":39}},"31":{"start":{"line":81,"column":4},"end":{"line":96,"column":5}},"32":{"start":{"line":82,"column":6},"end":{"line":93,"column":7}},"33":{"start":{"line":83,"column":24},"end":{"line":83,"column":76}},"34":{"start":{"line":84,"column":25},"end":{"line":84,"column":44}},"35":{"start":{"line":87,"column":8},"end":{"line":89,"column":9}},"36":{"start":{"line":88,"column":10},"end":{"line":88,"column":66}},"37":{"start":{"line":91,"column":8},"end":{"line":91,"column":61}},"38":{"start":{"line":92,"column":8},"end":{"line":92,"column":24}},"39":{"start":{"line":95,"column":6},"end":{"line":95,"column":62}},"40":{"start":{"line":98,"column":4},"end":{"line":98,"column":16}},"41":{"start":{"line":102,"column":4},"end":{"line":106,"column":7}},"42":{"start":{"line":108,"column":4},"end":{"line":108,"column":33}},"43":{"start":{"line":111,"column":19},"end":{"line":111,"column":34}},"44":{"start":{"line":112,"column":4},"end":{"line":114,"column":5}},"45":{"start":{"line":113,"column":6},"end":{"line":113,"column":58}},"46":{"start":{"line":116,"column":4},"end":{"line":116,"column":91}},"47":{"start":{"line":117,"column":4},"end":{"line":117,"column":56}},"48":{"start":{"line":121,"column":4},"end":{"line":130,"column":5}},"49":{"start":{"line":122,"column":6},"end":{"line":127,"column":7}},"50":{"start":{"line":123,"column":24},"end":{"line":123,"column":72}},"51":{"start":{"line":124,"column":22},"end":{"line":124,"column":41}},"52":{"start":{"line":125,"column":8},"end":{"line":125,"column":52}},"53":{"start":{"line":126,"column":8},"end":{"line":126,"column":50}},"54":{"start":{"line":129,"column":6},"end":{"line":129,"column":74}},"55":{"start":{"line":132,"column":4},"end":{"line":132,"column":29}},"56":{"start":{"line":136,"column":4},"end":{"line":136,"column":33}},"57":{"start":{"line":138,"column":20},"end":{"line":138,"column":44}},"58":{"start":{"line":139,"column":20},"end":{"line":139,"column":44}},"59":{"start":{"line":141,"column":4},"end":{"line":141,"column":88}},"60":{"start":{"line":142,"column":4},"end":{"line":142,"column":36}},"61":{"start":{"line":146,"column":4},"end":{"line":146,"column":42}},"62":{"start":{"line":148,"column":4},"end":{"line":150,"column":5}},"63":{"start":{"line":149,"column":6},"end":{"line":149,"column":61}},"64":{"start":{"line":15,"column":0},"end":{"line":15,"column":13}}},"fnMap":{"0":{"name":"(anonymous_9)","decl":{"start":{"line":21,"column":2},"end":{"line":21,"column":null}},"loc":{"start":{"line":23,"column":40},"end":{"line":29,"column":3}}},"1":{"name":"(anonymous_10)","decl":{"start":{"line":31,"column":2},"end":{"line":31,"column":7}},"loc":{"start":{"line":31,"column":23},"end":{"line":33,"column":3}}},"2":{"name":"(anonymous_11)","decl":{"start":{"line":35,"column":2},"end":{"line":35,"column":7}},"loc":{"start":{"line":35,"column":15},"end":{"line":49,"column":3}}},"3":{"name":"(anonymous_12)","decl":{"start":{"line":51,"column":2},"end":{"line":51,"column":7}},"loc":{"start":{"line":51,"column":22},"end":{"line":66,"column":3}}},"4":{"name":"(anonymous_13)","decl":{"start":{"line":68,"column":2},"end":{"line":68,"column":7}},"loc":{"start":{"line":68,"column":56},"end":{"line":78,"column":3}}},"5":{"name":"(anonymous_14)","decl":{"start":{"line":80,"column":2},"end":{"line":80,"column":7}},"loc":{"start":{"line":80,"column":23},"end":{"line":99,"column":3}}},"6":{"name":"(anonymous_15)","decl":{"start":{"line":101,"column":2},"end":{"line":101,"column":7}},"loc":{"start":{"line":101,"column":49},"end":{"line":118,"column":3}}},"7":{"name":"(anonymous_16)","decl":{"start":{"line":120,"column":2},"end":{"line":120,"column":7}},"loc":{"start":{"line":120,"column":19},"end":{"line":133,"column":3}}},"8":{"name":"(anonymous_17)","decl":{"start":{"line":135,"column":2},"end":{"line":135,"column":7}},"loc":{"start":{"line":135,"column":55},"end":{"line":143,"column":3}}},"9":{"name":"(anonymous_18)","decl":{"start":{"line":145,"column":2},"end":{"line":145,"column":7}},"loc":{"start":{"line":145,"column":25},"end":{"line":151,"column":3}}}},"branchMap":{"0":{"loc":{"start":{"line":53,"column":6},"end":{"line":59,"column":7}},"type":"if","locations":[{"start":{"line":53,"column":6},"end":{"line":59,"column":7}}]},"1":{"loc":{"start":{"line":82,"column":6},"end":{"line":93,"column":7}},"type":"if","locations":[{"start":{"line":82,"column":6},"end":{"line":93,"column":7}}]},"2":{"loc":{"start":{"line":87,"column":8},"end":{"line":89,"column":9}},"type":"if","locations":[{"start":{"line":87,"column":8},"end":{"line":89,"column":9}}]},"3":{"loc":{"start":{"line":112,"column":4},"end":{"line":114,"column":5}},"type":"if","locations":[{"start":{"line":112,"column":4},"end":{"line":114,"column":5}}]},"4":{"loc":{"start":{"line":122,"column":6},"end":{"line":127,"column":7}},"type":"if","locations":[{"start":{"line":122,"column":6},"end":{"line":127,"column":7}}]},"5":{"loc":{"start":{"line":148,"column":4},"end":{"line":150,"column":5}},"type":"if","locations":[{"start":{"line":148,"column":4},"end":{"line":150,"column":5}}]}},"s":{"0":0,"1":0,"2":0,"3":0,"4":0,"5":0,"6":0,"7":0,"8":0,"9":0,"10":0,"11":0,"12":0,"13":0,"14":0,"15":0,"16":0,"17":0,"18":0,"19":0,"20":0,"21":0,"22":0,"23":0,"24":0,"25":0,"26":0,"27":0,"28":0,"29":0,"30":0,"31":0,"32":0,"33":0,"34":0,"35":0,"36":0,"37":0,"38":0,"39":0,"40":0,"41":0,"42":0,"43":0,"44":0,"45":0,"46":0,"47":0,"48":0,"49":0,"50":0,"51":0,"52":0,"53":0,"54":0,"55":0,"56":0,"57":0,"58":0,"59":0,"60":0,"61":0,"62":0,"63":0,"64":0},"f":{"0":0,"1":0,"2":0,"3":0,"4":0,"5":0,"6":0,"7":0,"8":0,"9":0},"b":{"0":[0],"1":[0],"2":[0],"3":[0],"4":[0],"5":[0]}}
,"/Users/sca/Documents/repo/notegit/src/backend/services/ExportService.ts": {"path":"/Users/sca/Documents/repo/notegit/src/backend/services/ExportService.ts","statementMap":{"0":{"start":{"line":1,"column":0},"end":{"line":1,"column":29}},"1":{"start":{"line":2,"column":0},"end":{"line":2,"column":34}},"2":{"start":{"line":3,"column":0},"end":{"line":3,"column":32}},"3":{"start":{"line":4,"column":0},"end":{"line":4,"column":34}},"4":{"start":{"line":7,"column":0},"end":{"line":7,"column":60}},"5":{"start":{"line":8,"column":0},"end":{"line":8,"column":41}},"6":{"start":{"line":9,"column":0},"end":{"line":9,"column":39}},"7":{"start":{"line":15,"column":12},"end":{"line":15,"column":32}},"8":{"start":{"line":16,"column":12},"end":{"line":16,"column":40}},"9":{"start":{"line":12,"column":10},"end":{"line":12,"column":41}},"10":{"start":{"line":23,"column":25},"end":{"line":23,"column":67}},"11":{"start":{"line":24,"column":4},"end":{"line":27,"column":5}},"12":{"start":{"line":25,"column":6},"end":{"line":25,"column":45}},"13":{"start":{"line":26,"column":6},"end":{"line":26,"column":77}},"14":{"start":{"line":39,"column":4},"end":{"line":77,"column":5}},"15":{"start":{"line":41,"column":21},"end":{"line":50,"column":8}},"16":{"start":{"line":52,"column":6},"end":{"line":58,"column":7}},"17":{"start":{"line":53,"column":8},"end":{"line":57,"column":10}},"18":{"start":{"line":60,"column":25},"end":{"line":60,"column":40}},"19":{"start":{"line":63,"column":6},"end":{"line":63,"column":55}},"20":{"start":{"line":65,"column":6},"end":{"line":65,"column":64}},"21":{"start":{"line":66,"column":6},"end":{"line":66,"column":24}},"22":{"start":{"line":68,"column":6},"end":{"line":70,"column":7}},"23":{"start":{"line":69,"column":8},"end":{"line":69,"column":20}},"24":{"start":{"line":71,"column":6},"end":{"line":71,"column":65}},"25":{"start":{"line":72,"column":6},"end":{"line":76,"column":8}},"26":{"start":{"line":85,"column":4},"end":{"line":85,"column":32}},"27":{"start":{"line":87,"column":4},"end":{"line":125,"column":5}},"28":{"start":{"line":89,"column":23},"end":{"line":89,"column":52}},"29":{"start":{"line":90,"column":21},"end":{"line":98,"column":8}},"30":{"start":{"line":100,"column":6},"end":{"line":106,"column":7}},"31":{"start":{"line":101,"column":8},"end":{"line":105,"column":10}},"32":{"start":{"line":108,"column":22},"end":{"line":108,"column":37}},"33":{"start":{"line":111,"column":6},"end":{"line":111,"column":59}},"34":{"start":{"line":113,"column":6},"end":{"line":113,"column":61}},"35":{"start":{"line":114,"column":6},"end":{"line":114,"column":21}},"36":{"start":{"line":116,"column":6},"end":{"line":118,"column":7}},"37":{"start":{"line":117,"column":8},"end":{"line":117,"column":20}},"38":{"start":{"line":119,"column":6},"end":{"line":119,"column":68}},"39":{"start":{"line":120,"column":6},"end":{"line":124,"column":8}},"40":{"start":{"line":132,"column":4},"end":{"line":172,"column":7}},"41":{"start":{"line":133,"column":21},"end":{"line":133,"column":47}},"42":{"start":{"line":134,"column":22},"end":{"line":136,"column":8}},"43":{"start":{"line":139,"column":6},"end":{"line":145,"column":9}},"44":{"start":{"line":140,"column":8},"end":{"line":143,"column":11}},"45":{"start":{"line":144,"column":8},"end":{"line":144,"column":18}},"46":{"start":{"line":147,"column":6},"end":{"line":150,"column":9}},"47":{"start":{"line":148,"column":8},"end":{"line":148,"column":51}},"48":{"start":{"line":149,"column":8},"end":{"line":149,"column":20}},"49":{"start":{"line":152,"column":6},"end":{"line":158,"column":9}},"50":{"start":{"line":153,"column":8},"end":{"line":157,"column":9}},"51":{"start":{"line":154,"column":10},"end":{"line":154,"column":54}},"52":{"start":{"line":156,"column":10},"end":{"line":156,"column":22}},"53":{"start":{"line":161,"column":6},"end":{"line":161,"column":27}},"54":{"start":{"line":164,"column":6},"end":{"line":168,"column":9}},"55":{"start":{"line":171,"column":6},"end":{"line":171,"column":25}},"56":{"start":{"line":176,"column":4},"end":{"line":178,"column":5}},"57":{"start":{"line":177,"column":6},"end":{"line":177,"column":24}},"58":{"start":{"line":180,"column":4},"end":{"line":186,"column":5}},"59":{"start":{"line":181,"column":6},"end":{"line":185,"column":8}},"60":{"start":{"line":190,"column":4},"end":{"line":194,"column":6}},"
[...]
},"end":{"line":374,"column":37}},"143":{"start":{"line":378,"column":12},"end":{"line":378,"column":68}},"144":{"start":{"line":379,"column":12},"end":{"line":379,"column":21}},"145":{"start":{"line":383,"column":8},"end":{"line":383,"column":72}},"146":{"start":{"line":387,"column":4},"end":{"line":387,"column":36}},"147":{"start":{"line":388,"column":4},"end":{"line":388,"column":17}},"148":{"start":{"line":400,"column":54},"end":{"line":400,"column":56}},"149":{"start":{"line":402,"column":4},"end":{"line":430,"column":5}},"150":{"start":{"line":403,"column":6},"end":{"line":417,"column":7}},"151":{"start":{"line":404,"column":22},"end":{"line":404,"column":48}},"152":{"start":{"line":405,"column":22},"end":{"line":405,"column":46}},"153":{"start":{"line":408,"column":8},"end":{"line":413,"column":9}},"154":{"start":{"line":409,"column":10},"end":{"line":412,"column":13}},"155":{"start":{"line":416,"column":8},"end":{"line":416,"column":73}},"156":{"start":{"line":419,"column":25},"end":{"line":419,"column":66}},"157":{"start":{"line":420,"column":26},"end":{"line":420,"column":69}},"158":{"start":{"line":421,"column":18},"end":{"line":421,"column":19}},"159":{"start":{"line":423,"column":6},"end":{"line":429,"column":7}},"160":{"start":{"line":424,"column":8},"end":{"line":427,"column":11}},"161":{"start":{"line":428,"column":8},"end":{"line":428,"column":30}},"162":{"start":{"line":432,"column":4},"end":{"line":432,"column":19}},"163":{"start":{"line":444,"column":54},"end":{"line":444,"column":56}},"164":{"start":{"line":446,"column":4},"end":{"line":473,"column":5}},"165":{"start":{"line":447,"column":6},"end":{"line":460,"column":7}},"166":{"start":{"line":448,"column":22},"end":{"line":448,"column":48}},"167":{"start":{"line":449,"column":22},"end":{"line":449,"column":46}},"168":{"start":{"line":452,"column":8},"end":{"line":457,"column":9}},"169":{"start":{"line":453,"column":10},"end":{"line":456,"column":13}},"170":{"start":{"line":459,"column":8},"end":{"line":459,"column":79}},"171":{"start":{"line":462,"column":28},"end":{"line":462,"column":75}},"172":{"start":{"line":463,"column":26},"end":{"line":463,"column":69}},"173":{"start":{"line":464,"column":18},"end":{"line":464,"column":19}},"174":{"start":{"line":466,"column":6},"end":{"line":472,"column":7}},"175":{"start":{"line":467,"column":8},"end":{"line":470,"column":11}},"176":{"start":{"line":471,"column":8},"end":{"line":471,"column":30}},"177":{"start":{"line":475,"column":4},"end":{"line":475,"column":19}},"178":{"start":{"line":488,"column":4},"end":{"line":504,"column":5}},"179":{"start":{"line":489,"column":6},"end":{"line":496,"column":7}},"180":{"start":{"line":490,"column":22},"end":{"line":490,"column":48}},"181":{"start":{"line":491,"column":22},"end":{"line":491,"column":46}},"182":{"start":{"line":492,"column":8},"end":{"line":492,"column":51}},"183":{"start":{"line":495,"column":8},"end":{"line":495,"column":88}},"184":{"start":{"line":498,"column":6},"end":{"line":503,"column":7}},"185":{"start":{"line":499,"column":8},"end":{"line":499,"column":54}},"186":{"start":{"line":501,"column":22},"end":{"line":501,"column":84}},"187":{"start":{"line":502,"column":8},"end":{"line":502,"column":51}},"188":{"start":{"line":19,"column":0},"end":{"line":19,"column":13}}},"fnMap":{"0":{"name":"(anonymous_9)","decl":{"start":{"line":23,"column":2},"end":{"line":23,"column":14}},"loc":{"start":{"line":23,"column":34},"end":{"line":25,"column":3}}},"1":{"name":"(anonymous_10)","decl":{"start":{"line":27,"column":2},"end":{"line":27,"column":13}},"loc":{"start":{"line":27,"column":30},"end":{"line":30,"column":3}}},"2":{"name":"(anonymous_11)","decl":{"start":{"line":32,"column":10},"end":{"line":32,"column":21}},"loc":{"start":{"line":32,"column":71},"end":{"line":38,"column":3}}},"3":{"name":"(anonymous_12)","decl":{"start":{"line":40,"column":10},"end":{"line":40,"column":15}},"loc":{"start":{"line":40,"column":30},"end":{"line":48,"column":3}}},"4":{"name":"(anonymous_13)","decl":{"start":{"line":53,"column":2},"end":{"line":53,"column":7}},"loc":{"start":{"line":53,"column":63},"end":{"line":130,"column":3}}},"5":{"name":"(anonymous_14)","decl":{"start":{"line":135,"column":10},"end":{"line":135,"column":15}},"loc":{"start":{"line":135,"column":53},"end":{"line":181,"column":3}}},"6":{"name":"(anonymous_15)","decl":{"start":{"line":138,"column":29},"end":{"line":138,"column":34}},"loc":{"start":{"line":138,"column":59},"end":{"line":177,"column":5}}},"7":{"name":"(anonymous_16)","decl":{"start":{"line":187,"column":2},"end":{"line":187,"column":7}},"loc":{"start":{"line":189,"column":61},"end":{"line":260,"column":3}}},"8":{"name":"(anonymous_17)","decl":{"start":{"line":248,"column":37},"end":{"line":248,"column":38}},"loc":{"start":{"line":248,"column":49},"end":{"line":248,"column":71}}},"9":{"name":"(anonymous_18)","decl":{"start":{"line":265,"column":2},"end":{"line":265,"column":7}},"loc":{"start":{"line":272,"column":5},"end":{"line":340,"column":3}}},"10":{"name":"(anonymous_19)","decl":{"start":{"line":284,"column":47},"end":{"line":284,"column":48}},"loc":{"start":{"line":285,"column":10},"end":{"line":285,"column":44}}},"11":{"name":"(anonymous_20)","decl":{"start":{"line":345,"column":10},"end":{"line":345,"column":15}},"loc":{"start":{"line":345,"column":51},"end":{"line":389,"column":3}}},"12":{"name":"(anonymous_21)","decl":{"start":{"line":348,"column":29},"end":{"line":348,"column":34}},"loc":{"start":{"line":348,"column":59},"end":{"line":385,"column":5}}},"13":{"name":"(anonymous_22)","decl":{"start":{"line":394,"column":10},"end":{"line":394,"column":27}},"loc":{"start":{"line":398,"column":21},"end":{"line":433,"column":3}}},"14":{"name":"(anonymous_23)","decl":{"start":{"line":438,"column":10},"end":{"line":438,"column":30}},"loc":{"start":{"line":442,"column":21},"end":{"line":476,"column":3}}},"15":{"name":"(anonymous_24)","decl":{"start":{"line":481,"column":10},"end":{"line":481,"column":26}},"loc":{"start":{"line":486,"column":21},"end":{"line":505,"column":3}}}},"branchMap":{"0":{"loc":{"start":{"line":41,"column":4},"end":{"line":47,"column":5}},"type":"if","locations":[{"start":{"line":41,"column":4},"end":{"line":47,"column":5}}]},"1":{"loc":{"start":{"line":56,"column":4},"end":{"line":58,"column":5}},"type":"if","locations":[{"start":{"line":56,"column":4},"end":{"line":58,"column":5}}]},"2":{"loc":{"start":{"line":56,"column":8},"end":{"line":56,"column":43}},"type":"binary-expr","locations":[{"start":{"line":56,"column":8},"end":{"line":56,"column":14}},{"start":{"line":56,"column":18},"end":{"line":56,"column":43}}]},"3":{"loc":{"start":{"line":60,"column":23},"end":{"line":60,"column":48}},"type":"binary-expr","locations":[{"start":{"line":60,"column":23},"end":{"line":60,"column":42}},{"start":{"line":60,"column":46},"end":{"line":60,"column":48}}]},"4":{"loc":{"start":{"line":68,"column":8},"end":{"line":68,"column":48}},"type":"if","locations":[{"start":{"line":68,"column":8},"end":{"line":68,"column":48}}]},"5":{"loc":{"start":{"line":91,"column":8},"end":{"line":107,"column":9}},"type":"if","locations":[{"start":{"line":91,"column":8},"end":{"line":107,"column":9}}]},"6":{"loc":{"start":{"line":95,"column":12},"end":{"line":105,"column":13}},"type":"if","locations":[{"start":{"line":95,"column":12},"end":{"line":105,"column":13}}]},"7":{"loc":{"start":{"line":99,"column":31},"end":{"line":99,"column":56}},"type":"cond-expr","locations":[{"start":{"line":99,"column":39},"end":{"line":99,"column":51}},{"start":{"line":99,"column":54},"end":{"line":99,"column":56}}]},"8":{"loc":{"start":{"line":100,"column":30},"end":{"line":100,"column":70}},"type":"cond-expr","locations":[{"start":{"line":100,"column":53},"end":{"line":100,"column":65}},{"start":{"line":100,"column":68},"end":{"line":100,"column":70}}]},"9":{"loc":{"start":{"line":104,"column":14},"end":{"line":104,"column":45}},"type":"if","locations":[{"start":{"line":104,"column":14},"end":{"line":104,"column":45}}]},"10":{"loc":{"start":{"line":110,"column":8},"end":{"line":117,"column":9}},"type":"if","locations":[{"start":{"line":110,"column":8},"end":{"line":117,"column":9}}]},"11":{"loc":{"start":{"line":110,"column":12},"end":{"line":110,"column":49}},"type":"binary-expr","locations":[{"start":{"line":110,"column":12},"end":{"line":110,"column":30}},{"start":{"line":110,"column":34},"end":{"line":110,"column":49}}]},"12":{"loc":{"start":{"line":146,"column":10},"end":{"line":148,"column":11}},"type":"if","locations":[{"start":{"line":146,"column":10},"end":{"line":148,"column":11}}]},"13":{"loc":{"start":{"line":151,"column":10},"end":{"line":153,"column":11}},"type":"if","locations":[{"start":{"line":151,"column":10},"end":{"line":153,"column":11}}]},"14":{"loc":{"start":{"line":151,"column":14},"end":{"line":151,"column":91}},"type":"binary-expr","locations":[{"start":{"line":151,"column":14},"end":{"line":151,"column":42}},{"start":{"line":151,"column":46},"end":{"line":151,"column":66}},{"start":{"line":151,"column":70},"end":{"line":151,"column":91}}]},"15":{"loc":{"start":{"line":159,"column":12},"end":{"line":167,"column":13}},"type":"if","locations":[{"start":{"line":159,"column":12},"end":{"line":167,"column":13}},{"start":{"line":161,"column":19},"end":{"line":167,"column":13}}]},"16":{"loc":{"start":{"line":164,"column":14},"end":{"line":166,"column":15}},"type":"if","locations":[{"start":{"line":164,"column":14},"end":{"line":166,"column":15}}]},"17":{"loc":{"start":{"line":164,"column":18},"end":{"line":164,"column":72}},"type":"binary-expr","locations":[{"start":{"line":164,"column":18},"end":{"line":164,"column":31}},{"start":{"line":164,"column":35},"end":{"line":164,"column":49}},{"start":{"line":164,"column":53},"end":{"line":164,"column":72}}]},"18":{"loc":{"start":{"line":193,"column":4},"end":{"line":195,"column":5}},"type":"if","locations":[{"start":{"line":193,"column":4},"end":{"line":195,"column":5}}]},"19":{"loc":{"start":{"line":193,"column":8},"end":{"line":193,"column":43}},"type":"binary-expr","locations":[{"start":{"line":193,"column":8},"end":{"line":193,"column":14}},{"start":{"line":193,"column":18},"end":{"line":193,"column":43}}]},"20":{"loc":{"start":{"line":198,"column":26},"end":{"line":198,"column":57}},"type":"binary-expr","locations":[{"start":{"line":198,"column":26},"end":{"line":198,"column":48}},{"start":{"line":198,"column":52},"end":{"line":198,"column":57}}]},"21":{"loc":{"start":{"line":199,"column":21},"end":{"line":199,"column":47}},"type":"binary-expr","locations":[{"start":{"line":199,"column":21},"end":{"line":199,"column":38}},{"start":{"line":199,"column":42},"end":{"line":199,"column":47}}]},"22":{"loc":{"start":{"line":224,"column":31},"end":{"line":224,"column":72}},"type":"cond-expr","locations":[{"start":{"line":224,"column":47},"end":{"line":224,"column":67}},{"start":{"line":224,"column":70},"end":{"line":224,"column":72}}]},"23":{"loc":{"start":{"line":225,"column":30},"end":{"line":225,"column":86}},"type":"cond-expr","locations":[{"start":{"line":225,"column":61},"end":{"line":225,"column":81}},{"start":{"line":225,"column":84},"end":{"line":225,"column":86}}]},"24":{"loc":{"start":{"line":230,"column":10},"end":{"line":237,"column":11}},"type":"if","locations":[{"start":{"line":230,"column":10},"end":{"line":237,"column":11}}]},"25":{"loc":{"start":{"line":276,"column":26},"end":{"line":276,"column":57}},"type":"binary-expr","locations":[{"start":{"line":276,"column":26},"end":{"line":276,"column":48}},{"start":{"line":276,"column":52},"end":{"line":276,"column":57}}]},"26":{"loc":{"start":{"line":277,"column":21},"end":{"line":277,"column":47}},"type":"binary-expr","locations":[{"start":{"line":277,"column":21},"end":{"line":277,"column":38}},{"start":{"line":277,"column":42},"end":{"line":277,"column":47}}]},"27":{"loc":{"start":{"line":282,"column":6},"end":{"line":290,"column":7}},"type":"if","locations":[{"start":{"line":282,"column":6},"end":{"line":290,"column":7}},{"start":{"line":287,"column":13},"end":{"line":290,"column":7}}]},"28":{"loc":{"start":{"line":282,"column":10},"end":{"line":282,"column":59}},"type":"binary-expr","locations":[{"start":{"line":282,"column":10},"end":{"line":282,"column":27}},{"start":{"line":282,"column":31},"end":{"line":282,"column":59}}]},"29":{"loc":{"start":{"line":307,"column":10},"end":{"line":319,"column":11}},"type":"if","locations":[{"start":{"line":307,"column":10},"end":{"line":319,"column":11}}]},"30":{"loc":{"start":{"line":324,"column":19},"end":{"line":324,"column":51}},"type":"binary-expr","locations":[{"start":{"line":324,"column":19},"end":{"line":324,"column":32}},{"start":{"line":324,"column":36},"end":{"line":324,"column":51}}]},"31":{"loc":{"start":{"line":356,"column":10},"end":{"line":358,"column":11}},"type":"if","locations":[{"start":{"line":356,"column":10},"end":{"line":358,"column":11}}]},"32":{"loc":{"start":{"line":361,"column":10},"end":{"line":363,"column":11}},"type":"if","locations":[{"start":{"line":361,"column":10},"end":{"line":363,"column":11}}]},"33":{"loc":{"start":{"line":361,"column":14},"end":{"line":361,"column":91}},"type":"binary-expr","locations":[{"start":{"line":361,"column":14},"end":{"line":361,"column":42}},{"start":{"line":361,"column":46},"end":{"line":361,"column":66}},{"start":{"line":361,"column":70},"end":{"line":361,"column":91}}]},"34":{"loc":{"start":{"line":368,"column":12},"end":{"line":376,"column":13}},"type":"if","locations":[{"start":{"line":368,"column":12},"end":{"line":376,"column":13}},{"start":{"line":370,"column":19},"end":{"line":376,"column":13}}]},"35":{"loc":{"start":{"line":373,"column":14},"end":{"line":375,"column":15}},"type":"if","locations":[{"start":{"line":373,"column":14},"end":{"line":375,"column":15}}]},"36":{"loc":{"start":{"line":373,"column":18},"end":{"line":373,"column":54}},"type":"binary-expr","locations":[{"start":{"line":373,"column":18},"end":{"line":373,"column":31}},{"start":{"line":373,"column":35},"end":{"line":373,"column":54}}]},"37":{"loc":{"start":{"line":402,"column":4},"end":{"line":430,"column":5}},"type":"if","locations":[{"start":{"line":402,"column":4},"end":{"line":430,"column":5}},{"start":{"line":418,"column":11},"end":{"line":430,"column":5}}]},"38":{"loc":{"start":{"line":404,"column":22},"end":{"line":404,"column":48}},"type":"cond-expr","locations":[{"start":{"line":404,"column":38},"end":{"line":404,"column":41}},{"start":{"line":404,"column":44},"end":{"line":404,"column":48}}]},"39":{"loc":{"start":{"line":419,"column":25},"end":{"line":419,"column":66}},"type":"cond-expr","locations":[{"start":{"line":419,"column":41},"end":{"line":419,"column":45}},{"start":{"line":419,"column":48},"end":{"line":419,"column":66}}]},"40":{"loc":{"start":{"line":420,"column":26},"end":{"line":420,"column":69}},"type":"cond-expr","locations":[{"start":{"line":420,"column":42},"end":{"line":420,"column":47}},{"start":{"line":420,"column":50},"end":{"line":420,"column":69}}]},"41":{"loc":{"start":{"line":446,"column":4},"end":{"line":473,"column":5}},"type":"if","locations":[{"start":{"line":446,"column":4},"end":{"line":473,"column":5}},{"start":{"line":461,"column":11},"end":{"line":473,"column":5}}]},"42":{"loc":{"start":{"line":448,"column":22},"end":{"line":448,"column":48}},"type":"cond-expr","locations":[{"start":{"line":448,"column":38},"end":{"line":448,"column":41}},{"start":{"line":448,"column":44},"end":{"line":448,"column":48}}]},"43":{"loc":{"start":{"line":462,"column":28},"end":{"line":462,"column":75}},"type":"cond-expr","locations":[{"start":{"line":462,"column":44},"end":{"line":462,"column":51}},{"start":{"line":462,"column":54},"end":{"line":462,"column":75}}]},"44":{"loc":{"start":{"line":463,"column":26},"end":{"line":463,"column":69}},"type":"cond-expr","locations":[{"start":{"line":463,"column":42},"end":{"line":463,"column":47}},{"start":{"line":463,"column":50},"end":{"line":463,"column":69}}]},"45":{"loc":{"start":{"line":488,"column":4},"end":{"line":504,"column":5}},"type":"if","locations":[{"start":{"line":488,"column":4},"end":{"line":504,"column":5}},{"start":{"line":497,"column":11},"end":{"line":504,"column":5}}]},"46":{"loc":{"start":{"line":490,"column":22},"end":{"line":490,"column":48}},"type":"cond-expr","locations":[{"start":{"line":490,"column":38},"end":{"line":490,"column":41}},{"start":{"line":490,"column":44},"end":{"line":490,"column":48}}]},"47":{"loc":{"start":{"line":498,"column":6},"end":{"line":503,"column":7}},"type":"if","locations":[{"start":{"line":498,"column":6},"end":{"line":503,"column":7}},{"start":{"line":500,"column":13},"end":{"line":503,"column":7}}]}},"s":{"0":1,"1":1,"2":1,"3":5,"4":5,"5":0,"6":0,"7":0,"8":5,"9":0,"10":1,"11":1,"12":1,"13":0,"14":0,"15":0,"16":0,"17":0,"18":0,"19":0,"20":0,"21":0,"22":0,"23":0,"24":0,"25":0,"26":0,"27":0,"28":0,"29":0,"30":0,"31":0,"32":0,"33":0,"34":0,"35":0,"36":0,"37":0,"38":0,"39":0,"40":0,"41":0,"42":0,"43":0,"44":0,"45":0,"46":0,"47":0,"48":0,"49":0,"50":0,"51":0,"52":0,"53":0,"54":0,"55":0,"56":0,"57":0,"58":0,"59":0,"60":0,"61":0,"62":0,"63":0,"64":0,"65":0,"66":0,"67":0,"68":0,"69":1,"70":1,"71":1,"72":0,"73":0,"74":0,"75":0,"76":0,"77":0,"78":0,"79":0,"80":0,"81":0,"82":0,"83":0,"84":0,"85":0,"86":0,"87":0,"88":0,"89":0,"90":0,"91":0,"92":0,"93":0,"94":0,"95":0,"96":0,"97":0,"98":3,"99":3,"100":3,"101":3,"102":3,"103":3,"104":3,"105":3,"106":0,"107":3,"108":3,"109":3,"110":3,"111":3,"112":2,"113":2,"114":1,"115":1,"116":1,"117":1,"118":1,"119":1,"120":1,"121":1,"122":3,"123":3,"124":0,"125":0,"126":0,"127":0,"128":0,"129":0,"130":0,"131":0,"132":0,"133":0,"134":0,"135":0,"136":0,"137":0,"138":0,"139":0,"140":0,"141":0,"142":0,"143":0,"144":0,"145":0,"146":0,"147":0,"148":0,"149":0,"150":0,"151":0,"152":0,"153":0,"154":0,"155":0,"156":0,"157":0,"158":0,"159":0,"160":0,"161":0,"162":0,"163":1,"164":1,"165":0,"166":0,"167":0,"168":0,"169":0,"170":0,"171":1,"172":1,"173":1,"174":1,"175":2,"176":2,"177":1,"178":2,"179":0,"180":0,"181":0,"182":0,"183":0,"184":2,"185":0,"186":2,"187":2,"188":1},"f":{"0":5,"1":0,"2":0,"3":5,"4":1,"5":0,"6":0,"7":1,"8":0,"9":3,"10":3,"11":0,"12":0,"13":0,"14":1,"15":2},"b":{"0":[0],"1":[1],"2":[1,0],"3":[0,0],"4":[0],"5":[0],"6":[0],"7":[0,0],"8":[0,0],"9":[0],"10":[0],"11":[0,0],"12":[0],"13":[0],"14":[0,0,0],"15":[0,0],"16":[0],"17":[0,0,0],"18":[1],"19":[1,0],"20":[0,0],"21":[0,0],"22":[0,0],"23":[0,0],"24":[0],"25":[3,3],"26":[3,3],"27":[3,0],"28":[3,3],"29":[1],"30":[1,0],"31":[0],"32":[0],"33":[0,0,0],"34":[0,0],"35":[0],"36":[0,0],"37":[0,0],"38":[0,0],"39":[0,0],"40":[0,0],"41":[0,1],"42":[0,0],"43":[0,1],"44":[0,1],"45":[0,2],"46":[0,0],"47":[0,2]}}
,"/Users/sca/Documents/repo/notegit/src/backend/utils/logger.ts": {"path":"/Users/sca/Documents/repo/notegit/src/backend/utils/logger.ts","statementMap":{"0":{"start":{"line":1,"column":0},"end":{"line":1,"column":35}},"1":{"start":{"line":2,"column":0},"end":{"line":2,"column":29}},"2":{"start":{"line":3,"column":0},"end":{"line":3,"column":31}},"3":{"start":{"line":6,"column":21},"end":{"line":6,"column":44}},"4":{"start":{"line":7,"column":16},"end":{"line":7,"column":47}},"5":{"start":{"line":10,"column":13},"end":{"line":34,"column":3}},"6":{"start":{"line":37,"column":0},"end":{"line":43,"column":1}},"7":{"start":{"line":38,"column":2},"end":{"line":42,"column":4}},"8":{"start":{"line":45,"column":0},"end":{"line":45,"column":22}}},"fnMap":{},"branchMap":{"0":{"loc":{"start":{"line":11,"column":9},"end":{"line":11,"column":66}},"type":"cond-expr","locations":[{"start":{"line":11,"column":50},"end":{"line":11,"column":57}},{"start":{"line":11,"column":60},"end":{"line":11,"column":66}}]},"1":{"loc":{"start":{"line":37,"column":0},"end":{"line":43,"column":1}},"type":"if","locations":[{"start":{"line":37,"column":0},"end":{"line":43,"column":1}}]}},"s":{"0":0,"1":0,"2":0,"3":0,"4":0,"5":0,"6":0,"7":0,"8":0},"f":{},"b":{"0":[0,0],"1":[0]}}
}
