{"/Users/sca/Documents/repo/notegit/src/backend/adapters/CryptoAdapter.ts": {"path":"/Users/sca/Documents/repo/notegit/src/backend/adapters/CryptoAdapter.ts","statementMap":{"0":{"start":{"line":1,"column":0},"end":{"line":1,"column":33}},"1":{"start":{"line":2,"column":0},"end":{"line":2,"column":48}},"2":{"start":{"line":4,"column":18},"end":{"line":4,"column":31}},"3":{"start":{"line":5,"column":18},"end":{"line":5,"column":20}},"4":{"start":{"line":6,"column":20},"end":{"line":6,"column":22}},"5":{"start":{"line":7,"column":19},"end":{"line":7,"column":21}},"6":{"start":{"line":8,"column":19},"end":{"line":8,"column":21}},"7":{"start":{"line":9,"column":19},"end":{"line":9,"column":25}},"8":{"start":{"line":17,"column":22},"end":{"line":17,"column":37}},"9":{"start":{"line":18,"column":4},"end":{"line":18,"column":39}},"10":{"start":{"line":28,"column":17},"end":{"line":28,"column":48}},"11":{"start":{"line":31,"column":16},"end":{"line":31,"column":84}},"12":{"start":{"line":34,"column":15},"end":{"line":34,"column":44}},"13":{"start":{"line":37,"column":19},"end":{"line":37,"column":60}},"14":{"start":{"line":40,"column":20},"end":{"line":40,"column":62}},"15":{"start":{"line":41,"column":4},"end":{"line":41,"column":40}},"16":{"start":{"line":44,"column":20},"end":{"line":44,"column":39}},"17":{"start":{"line":47,"column":19},"end":{"line":52,"column":6}},"18":{"start":{"line":54,"column":4},"end":{"line":54,"column":37}},"19":{"start":{"line":64,"column":19},"end":{"line":64,"column":52}},"20":{"start":{"line":67,"column":17},"end":{"line":67,"column":48}},"21":{"start":{"line":68,"column":15},"end":{"line":68,"column":68}},"22":{"start":{"line":69,"column":20},"end":{"line":71,"column":null}},"23":{"start":{"line":73,"column":22},"end":{"line":73,"column":75}},"24":{"start":{"line":76,"column":16},"end":{"line":76,"column":84}},"25":{"start":{"line":79,"column":21},"end":{"line":79,"column":64}},"26":{"start":{"line":80,"column":4},"end":{"line":80,"column":33}},"27":{"start":{"line":83,"column":20},"end":{"line":83,"column":83}},"28":{"start":{"line":84,"column":4},"end":{"line":84,"column":40}},"29":{"start":{"line":86,"column":4},"end":{"line":86,"column":21}},"30":{"start":{"line":11,"column":0},"end":{"line":11,"column":13}}},"fnMap":{"0":{"name":"(anonymous_9)","decl":{"start":{"line":14,"column":2},"end":{"line":14,"column":null}},"loc":{"start":{"line":14,"column":2},"end":{"line":19,"column":3}}},"1":{"name":"(anonymous_10)","decl":{"start":{"line":26,"column":2},"end":{"line":26,"column":9}},"loc":{"start":{"line":26,"column":27},"end":{"line":55,"column":3}}},"2":{"name":"(anonymous_11)","decl":{"start":{"line":62,"column":2},"end":{"line":62,"column":9}},"loc":{"start":{"line":62,"column":28},"end":{"line":87,"column":3}}}},"branchMap":{},"s":{"0":2,"1":2,"2":2,"3":2,"4":2,"5":2,"6":2,"7":2,"8":16,"9":16,"10":23,"11":23,"12":23,"13":23,"14":23,"15":23,"16":23,"17":23,"18":23,"19":18,"20":18,"21":18,"22":18,"23":18,"24":18,"25":18,"26":17,"27":17,"28":17,"29":16,"30":2},"f":{"0":16,"1":23,"2":18},"b":{}}
,"/Users/sca/Documents/repo/notegit/src/backend/adapters/FsAdapter.ts": {"path":"/Users/sca/Documents/repo/notegit/src/backend/adapters/FsAdapter.ts","statementMap":{"0":{"start":{"line":1,"column":0},"end":{"line":1,"column":34}},"1":{"start":{"line":2,"column":0},"end":{"line":2,"column":29}},"2":{"start":{"line":3,"column":0},"end":{"line":3,"column":29}},"3":{"start":{"line":5,"column":0},"end":{"line":5,"column":60}},"4":{"start":{"line":9,"column":4},"end":{"line":23,"column":5}},"5":{"start":{"line":10,"column":6},"end":{"line":10,"column":50}},"6":{"start":{"line":12,"column":6},"end":{"line":14,"column":7}},"7":{"start":{"line":13,"column":8},"end":{"line":13,"column":96}},"8":{"start":{"line":15,"column":6},"end":{"line":21,"column":7}},"9":{"start":{"line":16,"column":8},"end":{"line":20,"column":10}},"10":{"start":{"line":22,"column":6},"end":{"line":22,"column":100}},"11":{"start":{"line":27,"column":4},"end":{"line":41,"column":5}},"12":{"start":{"line":29,"column":18},"end":{"line":29,"column":40}},"13":{"start":{"line":30,"column":6},"end":{"line":30,"column":49}},"14":{"start":{"line":31,"column":6},"end":{"line":31,"column":53}},"15":{"start":{"line":33,"column":6},"end":{"line":39,"column":7}},"16":{"start":{"line":34,"column":8},"end":{"line":38,"column":10}},"17":{"start":{"line":40,"column":6},"end":{"line":40,"column":101}},"18":{"start":{"line":45,"column":4},"end":{"line":63,"column":5}},"19":{"start":{"line":46,"column":6},"end":{"line":46,"column":32}},"20":{"start":{"line":48,"column":6},"end":{"line":50,"column":7}},"21":{"start":{"line":49,"column":8},"end":{"line":49,"column":96}},"22":{"start":{"line":51,"column":6},"end":{"line":57,"column":7}},"23":{"start":{"line":52,"column":8},"end":{"line":56,"column":10}},"24":{"start":{"line":58,"column":6},"end":{"line":62,"column":8}},"25":{"start":{"line":67,"column":4},"end":{"line":85,"column":5}},"26":{"start":{"line":68,"column":6},"end":{"line":68,"column":40}},"27":{"start":{"line":70,"column":6},"end":{"line":72,"column":7}},"28":{"start":{"line":71,"column":8},"end":{"line":71,"column":95}},"29":{"start":{"line":73,"column":6},"end":{"line":79,"column":7}},"30":{"start":{"line":74,"column":8},"end":{"line":78,"column":10}},"31":{"start":{"line":80,"column":6},"end":{"line":84,"column":8}},"32":{"start":{"line":89,"column":4},"end":{"line":108,"column":5}},"33":{"start":{"line":90,"column":6},"end":{"line":90,"column":39}},"34":{"start":{"line":92,"column":6},"end":{"line":95,"column":7}},"35":{"start":{"line":94,"column":8},"end":{"line":94,"column":15}},"36":{"start":{"line":96,"column":6},"end":{"line":102,"column":7}},"37":{"start":{"line":97,"column":8},"end":{"line":101,"column":10}},"38":{"start":{"line":103,"column":6},"end":{"line":107,"column":8}},"39":{"start":{"line":112,"column":4},"end":{"line":130,"column":5}},"40":{"start":{"line":113,"column":6},"end":{"line":113,"column":39}},"41":{"start":{"line":115,"column":6},"end":{"line":117,"column":7}},"42":{"start":{"line":116,"column":8},"end":{"line":116,"column":100}},"43":{"start":{"line":118,"column":6},"end":{"line":124,"column":7}},"44":{"start":{"line":119,"column":8},"end":{"line":123,"column":10}},"45":{"start":{"line":125,"column":6},"end":{"line":129,"column":8}},"46":{"start":{"line":134,"column":4},"end":{"line":141,"column":5}},"47":{"start":{"line":135,"column":6},"end":{"line":135,"column":37}},"48":{"start":{"line":137,"column":6},"end":{"line":139,"column":7}},"49":{"start":{"line":138,"column":8},"end":{"line":138,"column":96}},"50":{"start":{"line":140,"column":6},"end":{"line":140,"column":95}},"51":{"start":{"line":145,"column":4},"end":{"line":150,"column":5}},"52":{"start":{"line":146,"column":6},"end":{"line":146,"column":32}},"53":{"start":{"line":147,"column":6},"end":{"line":147,"column":18}},"54":{"start":{"line":149,"column":6},"end":{"line":149,"column":19}},"55":{"start":{"line":154,"column":4},"end":{"line":174,"column":5}},"56":{"start":{"line":155,"column":22},"end":{"line":155,"column":40}},"57":{"start":{"line":156,"column":6},"end":{"line":156,"column":53}},"58":{"start":{"line":157,"column":6},"end":{"line":157,"column":35}},"59":{"start":{"line":159,"column":6},"end":{"line":161,"column":7}},"60":{"start":{"line":160,"column":8},"end":{"line":160,"column":98}},"61":{"start":{"line":162,"column":6},"end":{"line":168,"column":7}},"62":{"start":{"line":163,"column":8},"end":{"line":167,"column":10}},"63":{"start":{"line":169,"column":6},"end":{"line":173,"column":8}},"64":{"start":{"line":178,"column":4},"end":{"line":178,"column":39}},"65":{"start":{"line":182,"column":4},"end":{"line":186,"column":6}},"66":{"start":{"line":7,"column":0},"end":{"line":7,"column":13}}},"fnMap":{"0":{"name":"(anonymous_9)","decl":{"start":{"line":8,"column":2},"end":{"line":8,"column":7}},"loc":{"start":{"line":8,"column":33},"end":{"line":24,"column":3}}},"1":{"name":"(anonymous_10)","decl":{"start":{"line":26,"column":2},"end":{"line":26,"column":7}},"loc":{"start":{"line":26,"column":51},"end":{"line":42,"column":3}}},"2":{"name":"(anonymous_11)","decl":{"start":{"line":44,"column":2},"end":{"line":44,"column":7}},"loc":{"start":{"line":44,"column":35},"end":{"line":64,"column":3}}},"3":{"name":"(anonymous_12)","decl":{"start":{"line":66,"column":2},"end":{"line":66,"column":7}},"loc":{"start":{"line":66,"column":47},"end":{"line":86,"column":3}}},"4":{"name":"(anonymous_13)","decl":{"start":{"line":88,"column":2},"end":{"line":88,"column":7}},"loc":{"start":{"line":88,"column":64},"end":{"line":109,"column":3}}},"5":{"name":"(anonymous_14)","decl":{"start":{"line":111,"column":2},"end":{"line":111,"column":7}},"loc":{"start":{"line":111,"column":31},"end":{"line":131,"column":3}}},"6":{"name":"(anonymous_15)","decl":{"start":{"line":133,"column":2},"end":{"line":133,"column":7}},"loc":{"start":{"line":133,"column":29},"end":{"line":142,"column":3}}},"7":{"name":"(anonymous_16)","decl":{"start":{"line":144,"column":2},"end":{"line":144,"column":7}},"loc":{"start":{"line":144,"column":31},"end":{"line":151,"column":3}}},"8":{"name":"(anonymous_17)","decl":{"start":{"line":153,"column":2},"end":{"line":153,"column":7}},"loc":{"start":{"line":153,"column":42},"end":{"line":175,"column":3}}},"9":{"name":"(anonymous_18)","decl":{"start":{"line":177,"column":2},"end":{"line":177,"column":12}},"loc":{"start":{"line":177,"column":29},"end":{"line":179,"column":3}}},"10":{"name":"(anonymous_19)","decl":{"start":{"line":181,"column":10},"end":{"line":181,"column":21}},"loc":{"start":{"line":181,"column":72},"end":{"line":187,"column":3}}}},"branchMap":{"0":{"loc":{"start":{"line":12,"column":6},"end":{"line":14,"column":7}},"type":"if","locations":[{"start":{"line":12,"column":6},"end":{"line":14,"column":7}}]},"1":{"loc":{"start":{"line":15,"column":6},"end":{"line":21,"column":7}},"type":"if","locations":[{"start":{"line":15,"column":6},"end":{"line":21,"column":7}}]},"2":{"loc":{"start":{"line":33,"column":6},"end":{"line":39,"column":7}},"type":"if","locations":[{"start":{"line":33,"column":6},"end":{"line":39,"column":7}}]},"3":{"loc":{"start":{"line":48,"column":6},"end":{"line":50,"column":7}},"type":"if","locations":[{"start":{"line":48,"column":6},"end":{"line":50,"column":7}}]},"4":{"loc":{"start":{"line":51,"column":6},"end":{"line":57,"column":7}},"type":"if","locations":[{"start":{"line":51,"column":6},"end":{"line":57,"column":7}}]},"5":{"loc":{"start":{"line":70,"column":6},"end":{"line":72,"column":7}},"type":"if","locations":[{"start":{"line":70,"column":6},"end":{"line":72,"column":7}}]},"6":{"loc":{"start":{"line":73,"column":6},"end":{"line":79,"column":7}},"type":"if","locations":[{"start":{"line":73,"column":6},"end":{"line":79,"column":7}}]},"7":{"loc":{"start":{"line":92,"column":6},"end":{"line":95,"column":7}},"type":"if","locations":[{"start":{"line":92,"column":6},"end":{"line":95,"column":7}}]},"8":{"loc":{"start":{"line":96,"column":6},"end":{"line":102,"column":7}},"type":"if","locations":[{"start":{"line":96,"column":6},"end":{"line":102,"column":7}}]},"9":{"loc":{"start":{"line":115,"column":6},"end":{"line":117,"column":7}},"type":"if","locations":[{"start":{"line":115,"column":6},"end":{"line":117,"column":7}}]},"10":{"loc":{"start":{"line":118,"column":6},"end":{"line":124,"column":7}},"type":"if","locations":[{"start":{"line":118,"column":6},"end":{"line":124,"column":7}}]},"11":{"loc":{"start":{"line":137,"column":6},"end":{"line":139,"column":7}},"type":"if","locations":[{"start":{"line":137,"column":6},"end":{"line":139,"column":7}}]},"12":{"loc":{"start":{"line":159,"column":6},"end":{"line":161,"column":7}},"type":"if","locations":[{"start":{"line":159,"column":6},"end":{"line":161,"column":7}}]},"13":{"loc":{"start":{"line":162,"column":6},"end":{"line":168,"column":7}},"type":"if","locations":[{"start":{"line":162,"column":6},"end":{"line":168,"column":7}}]}},"s":{"0":3,"1":3,"2":3,"3":3,"4":4,"5":4,"6":3,"7":1,"8":2,"9":1,"10":1,"11":3,"12":3,"13":3,"14":3,"15":1,"16":1,"17":0,"18":2,"19":2,"20":1,"21":1,"22":0,"23":0,"24":0,"25":2,"26":2,"27":1,"28":1,"29":0,"30":0,"31":0,"32":9,"33":9,"34":2,"35":1,"36":1,"37":1,"38":0,"39":2,"40":2,"41":1,"42":1,"43":0,"44":0,"45":0,"46":0,"47":0,"48":0,"49":0,"50":0,"51":2,"52":2,"53":1,"54":1,"55":3,"56":3,"57":3,"58":3,"59":1,"60":1,"61":0,"62":0,"63":0,"64":0,"65":9,"66":3},"f":{"0":4,"1":3,"2":2,"3":2,"4":9,"5":2,"6":0,"7":2,"8":3,"9":0,"10":9},"b":{"0":[1],"1":[1],"2":[1],"3":[1],"4":[0],"5":[1],"6":[0],"7":[1],"8":[1],"9":[1],"10":[0],"11":[0],"12":[1],"13":[0]}}
,"/Users/sca/Documents/repo/notegit/src/backend/adapters/GitAdapter.ts": {"path":"/Users/sca/Documents/repo/notegit/src/backend/adapters/GitAdapter.ts","statementMap":{"0":{"start":{"line":1,"column":0},"end":{"line":1,"column":50}},"1":{"start":{"line":2,"column":0},"end":{"line":2,"column":37}},"2":{"start":{"line":3,"column":0},"end":{"line":3,"column":33}},"3":{"start":{"line":4,"column":0},"end":{"line":4,"column":60}},"4":{"start":{"line":5,"column":0},"end":{"line":5,"column":41}},"5":{"start":{"line":7,"column":18},"end":{"line":7,"column":33}},"6":{"start":{"line":10,"column":10},"end":{"line":10,"column":39}},"7":{"start":{"line":11,"column":10},"end":{"line":11,"column":41}},"8":{"start":{"line":17,"column":4},"end":{"line":24,"column":5}},"9":{"start":{"line":18,"column":25},"end":{"line":18,"column":57}},"10":{"start":{"line":19,"column":6},"end":{"line":19,"column":63}},"11":{"start":{"line":20,"column":6},"end":{"line":20,"column":18}},"12":{"start":{"line":22,"column":6},"end":{"line":22,"column":51}},"13":{"start":{"line":23,"column":6},"end":{"line":23,"column":19}},"14":{"start":{"line":31,"column":4},"end":{"line":31,"column":29}},"15":{"start":{"line":32,"column":4},"end":{"line":32,"column":35}},"16":{"start":{"line":33,"column":4},"end":{"line":33,"column":57}},"17":{"start":{"line":40,"column":4},"end":{"line":72,"column":5}},"18":{"start":{"line":41,"column":6},"end":{"line":41,"column":74}},"19":{"start":{"line":44,"column":20},"end":{"line":44,"column":29}},"20":{"start":{"line":45,"column":6},"end":{"line":48,"column":7}},"21":{"start":{"line":47,"column":8},"end":{"line":47,"column":67}},"22":{"start":{"line":50,"column":6},"end":{"line":50,"column":72}},"23":{"start":{"line":53,"column":6},"end":{"line":53,"column":33}},"24":{"start":{"line":55,"column":6},"end":{"line":55,"column":52}},"25":{"start":{"line":57,"column":6},"end":{"line":57,"column":60}},"26":{"start":{"line":59,"column":6},"end":{"line":65,"column":7}},"27":{"start":{"line":60,"column":8},"end":{"line":64,"column":10}},"28":{"start":{"line":67,"column":6},"end":{"line":71,"column":8}},"29":{"start":{"line":79,"column":4},"end":{"line":79,"column":29}},"30":{"start":{"line":81,"column":4},"end":{"line":92,"column":5}},"31":{"start":{"line":82,"column":21},"end":{"line":82,"column":45}},"32":{"start":{"line":83,"column":6},"end":{"line":83,"column":45}},"33":{"start":{"line":84,"column":6},"end":{"line":84,"column":20}},"34":{"start":{"line":86,"column":6},"end":{"line":86,"column":58}},"35":{"start":{"line":87,"column":6},"end":{"line":91,"column":8}},"36":{"start":{"line":99,"column":4},"end":{"line":99,"column":29}},"37":{"start":{"line":101,"column":4},"end":{"line":135,"column":5}},"38":{"start":{"line":102,"column":6},"end":{"line":102,"column":41}},"39":{"start":{"line":105,"column":6},"end":{"line":107,"column":7}},"40":{"start":{"line":106,"column":8},"end":{"line":106,"column":38}},"41":{"start":{"line":109,"column":6},"end":{"line":109,"column":29}},"42":{"start":{"line":110,"column":6},"end":{"line":110,"column":49}},"43":{"start":{"line":112,"column":6},"end":{"line":112,"column":48}},"44":{"start":{"line":114,"column":6},"end":{"line":120,"column":7}},"45":{"start":{"line":115,"column":8},"end":{"line":119,"column":10}},"46":{"start":{"line":122,"column":6},"end":{"line":128,"column":7}},"47":{"start":{"line":123,"column":8},"end":{"line":127,"column":10}},"48":{"start":{"line":130,"column":6},"end":{"line":134,"column":8}},"49":{"start":{"line":142,"column":4},"end":{"line":142,"column":29}},"50":{"start":{"line":144,"column":4},"end":{"line":170,"column":5}},"51":{"start":{"line":145,"column":6},"end":{"line":145,"column":39}},"52":{"start":{"line":148,"column":6},"end":{"line":150,"column":7}},"53":{"start":{"line":149,"column":8},"end":{"line":149,"column":38}},"54":{"start":{"line":152,"column":6},"end":{"line":152,"column":29}},"55":{"start":{"line":153,"column":6},"end":{"line":153,"column":49}},"56":{"start":{"line":155,"column":6},"end":{"line":155,"column":48}},"57":{"start":{"line":157,"column":6},"end":{"line":163,"column":7}},"58":{"start":{"line":158,"column":8},"end":{"line":162,"column":10}},"59":{"start":{"line":165,"column":6},"end":{"line":169,"column":8}},"60":{"start":{"line":177,"column":4},"end":{"line":177,"column":29}},"61":{"start":{"line":179,"column":4},"end":{"line":185,"column":5}},"62":{"start":{"line":180,"column":6},"end":{"line":180,"column":43}},"63":{"start":{"line":181,"column":6},"end":{"line":181,"column":30}},"64":{"start":{"line":183,"column":6},"end":{"line":183,"column":63}},"65":{"start":{"line":184,"column":6},"end":{"line":184,"column":18}},"66":{"start":{"line":192,"column":4},"end":{"line":192,"column":29}},"67":{"start":{"line":194,"column":4},"end":{"line":204,"column":5}},"68":{"start":{"line":195,"column":6},"end":{"line":195,"column":36}},"69":{"start":{"line":196,"column":6},"end":{"line":196,"column":58}},"70":{"start":{"line":198,"column":6},"end":{"line":198,"column":62}},"71":{"start":{"line":199,"column":6},"end":{"line":203,"column":8}},"72":{"start":{"line":211,"column":4},"end":{"line":211,"column":29}},"73":{"start":{"line":213,"column":4},"end":{"line":223,"column":5}},"74":{"start":{"line":214,"column":6},"end":{"line":214,"column":38}},"75":{"start":{"line":215,"column":6},"end":{"line":215,"column":49}},"76":{"start":{"line":217,"column":6},"end":{"line":217,"column":50}},"77":{"start":{"line":218,"column":6},"end":{"line":222,"column":8}},"78":{"start":{"line":230,"column":4},"end":{"line":230,"column":29}},"79":{"start":{"line":232,"column":4},"end":{"line":248,"column":5}},"80":{"start":{"line":233,"column":27},"end":{"line":236,"column":8}},"81":{"start":{"line":238,"column":18},"end":{"line":238,"column":46}},"82":{"start":{"line":239,"column":6},"end":{"line":239,"column":71}},"83":{"start":{"line":240,"column":6},"end":{"line":240,"column":26}},"84":{"start":{"line":242,"column":6},"end":{"line":242,"column":55}},"85":{"start":{"line":243,"column":6},"end":{"line":247,"column":8}},"86":{"start":{"line":255,"column":4},"end":{"line":255,"column":29}},"87":{"start":{"line":257,"column":4},"end":{"line":268,"column":5}},"88":{"start":{"line":258,"column":22},"end":{"line":258,"column":73}},"89":{"start":{"line":259,"column":6},"end":{"line":259,"column":83}},"90":{"start":{"line":260,"column":6},"end":{"line":260,"column":21}},"91":{"start":{"line":262,"column":6},"end":{"line":262,"column":87}},"92":{"start":{"line":263,"column":6},"end":{"line":267,"column":8}},"93":{"start":{"line":275,"column":4},"end":{"line":275,"column":29}},"94":{"start":{"line":277,"column":4},"end":{"line":293,"column":5}},"95":{"start":{"line":278,"column":19},"end":{"line":278,"column":37}},"96":{"start":{"line":279,"column":6},"end":{"line":281,"column":7}},"97":{"start":{"line":280,"column":8},"end":{"line":280,"column":34}},"98":{"start":{"line":283,"column":19},"end":{"line":283,"column":45}},"99":{"start":{"line":284,"column":6},"end":{"line":284,"column":69}},"100":{"start":{"line":285,"column":6},"end":{"line":285,"column":18}},"101":{"start":{"line":287,"column":6},"end":{"line":287,"column":70}},"102":{"start":{"line":288,"column":6},"end":{"line":292,"column":8}},"103":{"start":{"line":300,"column":4},"end":{"line":300,"column":29}},"104":{"start":{"line":302,"column":4},"end":{"line":311,"column":5}},"105":{"start":{"line":303,"column":21},"end":{"line":303,"column":45}},"106":{"start":{"line":304,"column":6},"end":{"line":307,"column":8}},"107":{"start":{"line":309,"column":6},"end":{"line":309,"column":66}},"108":{"start":{"line":310,"column":6},"end":{"line":310,"column":37}},"109":{"start":{"line":318,"column":4},"end":{"line":318,"column":29}},"110":{"start":{"line":320,"column":4},"end":{"line":326,"column":5}},"111":{"start":{"line":321,"column":21},"end":{"line":321,"column":45}},"112":{"start":{"line":322,"column":6},"end":{"line":322,"column":38}},"113":{"start":{"line":324,"column":6},"end":{"line":324,"column":62}},"114":{"start":{"line":325,"column":6},"end":{"line":325,"column":20}},"115":{"start":{"line":332,"column":4},"end":{"line":332,"column":60}},"116":{"start":{"line":336,"column":4},"end":{"line":342,"column":5}},"117":{"start":{"line":337,"column":6},"end":{"line":341,"column":8}},"118":{"start":{"line":346,"column":4},"end":{"line":350,"column":6}},"119":{"start":{"line":9,"column":0},"end":{"line":9,"column":13}}},"fnMap":{"0":{"name":"(anonymous_1)","decl":{"start":{"line":9,"column":0},"end":{"line":9,"column":13}},"loc":{"start":{"line":9,"column":0},"end":{"line":352,"column":1}}},"1":{"name":"(anonymous_2)","decl":{"start":{"line":16,"column":2},"end":{"line":16,"column":7}},"loc":{"start":{"line":16,"column":25},"end":{"line":25,"column":3}}},"2":{"name":"(anonymous_3)","decl":{"start":{"line":30,"column":2},"end":{"line":30,"column":7}},"loc":{"start":{"line":30,"column":29},"end":{"line":34,"column":3}}},"3":{"name":"(anonymous_4)","decl":{"start":{"line":39,"column":2},"end":{"line":39,"column":7}},"loc":{"start":{"line":39,"column":80},"end":{"line":73,"column":3}}},"4":{"name":"(anonymous_5)","decl":{"start":{"line":78,"column":2},"end":{"line":78,"column":7}},"loc":{"start":{"line":78,"column":14},"end":{"line":93,"column":3}}},"5":{"name":"(anonymous_6)","decl":{"start":{"line":98,"column":2},"end":{"line":98,"column":7}},"loc":{"start":{"line":98,"column":25},"end":{"line":136,"column":3}}},"6":{"name":"(anonymous_7)","decl":{"start":{"line":141,"column":2},"end":{"line":141,"column":7}},"loc":{"start":{"line":141,"column":25},"end":{"line":171,"column":3}}},"7":{"name":"(anonymous_8)","decl":{"start":{"line":176,"column":2},"end":{"line":176,"column":7}},"loc":{"start":{"line":176,"column":13},"end":{"line":186,"column":3}}},"8":{"name":"(anonymous_9)","decl":{"start":{"line":191,"column":2},"end":{"line":191,"column":7}},"loc":{"start":{"line":191,"column":28},"end":{"line":205,"column":3}}},"9":{"name":"(anonymous_10)","decl":{"start":{"line":210,"column":2},"end":{"line":210,"column":7}},"loc":{"start":{"line":210,"column":30},"end":{"line":224,"column":3}}},"10":{"name":"(anonymous_11)","decl":{"start":{"line":229,"column":2},"end":{"line":229,"column":7}},"loc":{"start":{"line":229,"column":29},"end":{"line":249,"column":3}}},"11":{"name":"(anonymous_12)","decl":{"start":{"line":254,"column":2},"end":{"line":254,"column":7}},"loc":{"start":{"line":254,"column":49},"end":{"line":269,"column":3}}},"12":{"name":"(anonymous_13)","decl":{"start":{"line":274,"column":2},"end":{"line":274,"column":7}},"loc":{"start":{"line":274,"column":64},"end":{"line":294,"column":3}}},"13":{"name":"(anonymous_14)","decl":{"start":{"line":299,"column":2},"end":{"line":299,"column":7}},"loc":{"start":{"line":299,"column":22},"end":{"line":312,"column":3}}},"14":{"name":"(anonymous_15)","decl":{"start":{"line":317,"column":2},"end":{"line":317,"column":7}},"loc":{"start":{"line":317,"column":24},"end":{"line":327,"column":3}}},"15":{"name":"(anonymous_16)","decl":{"start":{"line":329,"column":10},"end":{"line":329,"column":15}},"loc":{"start":{"line":329,"column":41},"end":{"line":333,"column":3}}},"16":{"name":"(anonymous_17)","decl":{"start":{"line":335,"column":10},"end":{"line":335,"column":27}},"loc":{"start":{"line":335,"column":27},"end":{"line":343,"column":3}}},"17":{"name":"(anonymous_18)","decl":{"start":{"line":345,"column":10},"end":{"line":345,"column":21}},"loc":{"start":{"line":345,"column":72},"end":{"line":351,"column":3}}}},"branchMap":{"0":{"loc":{"start":{"line":45,"column":6},"end":{"line":48,"column":7}},"type":"if","locations":[{"start":{"line":45,"column":6},"end":{"line":48,"column":7}}]},"1":{"loc":{"start":{"line":45,"column":10},"end":{"line":45,"column":49}},"type":"binary-expr","locations":[{"start":{"line":45,"column":10},"end":{"line":45,"column":13}},{"start":{"line":45,"column":17},"end":{"line":45,"column":49}}]},"2":{"loc":{"start":{"line":59,"column":6},"end":{"line":65,"column":7}},"type":"if","locations":[{"start":{"line":59,"column":6},"end":{"line":65,"column":7}}]},"3":{"loc":{"start":{"line":105,"column":6},"end":{"line":107,"column":7}},"type":"if","locations":[{"start":{"line":105,"column":6},"end":{"line":107,"column":7}}]},"4":{"loc":{"start":{"line":114,"column":6},"end":{"line":120,"column":7}},"type":"if","locations":[{"start":{"line":114,"column":6},"end":{"line":120,"column":7}}]},"5":{"loc":{"start":{"line":114,"column":10},"end":{"line":114,"column":92}},"type":"binary-expr","locations":[{"start":{"line":114,"column":10},"end":{"line":114,"column":58}},{"start":{"line":114,"column":62},"end":{"line":114,"column":92}}]},"6":{"loc":{"start":{"line":122,"column":6},"end":{"line":128,"column":7}},"type":"if","locations":[{"start":{"line":122,"column":6},"end":{"line":128,"column":7}}]},"7":{"loc":{"start":{"line":148,"column":6},"end":{"line":150,"column":7}},"type":"if","locations":[{"start":{"line":148,"column":6},"end":{"line":150,"column":7}}]},"8":{"loc":{"start":{"line":157,"column":6},"end":{"line":163,"column":7}},"type":"if","locations":[{"start":{"line":157,"column":6},"end":{"line":163,"column":7}}]},"9":{"loc":{"start":{"line":157,"column":10},"end":{"line":157,"column":92}},"type":"binary-expr","locations":[{"start":{"line":157,"column":10},"end":{"line":157,"column":58}},{"start":{"line":157,"column":62},"end":{"line":157,"column":92}}]},"10":{"loc":{"start":{"line":279,"column":6},"end":{"line":281,"column":7}},"type":"if","locations":[{"start":{"line":279,"column":6},"end":{"line":281,"column":7}}]},"11":{"loc":{"start":{"line":322,"column":13},"end":{"line":322,"column":37}},"type":"binary-expr","locations":[{"start":{"line":322,"column":13},"end":{"line":322,"column":27}},{"start":{"line":322,"column":31},"end":{"line":322,"column":37}}]},"12":{"loc":{"start":{"line":336,"column":4},"end":{"line":342,"column":5}},"type":"if","locations":[{"start":{"line":336,"column":4},"end":{"line":342,"column":5}}]},"13":{"loc":{"start":{"line":336,"column":8},"end":{"line":336,"column":35}},"type":"binary-expr","locations":[{"start":{"line":336,"column":8},"end":{"line":336,"column":17}},{"start":{"line":336,"column":21},"end":{"line":336,"column":35}}]}},"s":{"0":3,"1":3,"2":3,"3":3,"4":3,"5":3,"6":21,"7":21,"8":1,"9":1,"10":1,"11":1,"12":0,"13":0,"14":17,"15":17,"16":17,"17":3,"18":3,"19":3,"20":3,"21":2,"22":3,"23":2,"24":2,"25":1,"26":1,"27":1,"28":0,"29":3,"30":2,"31":2,"32":2,"33":2,"34":0,"35":0,"36":3,"37":3,"38":3,"39":3,"40":1,"41":3,"42":2,"43":1,"44":1,"45":0,"46":1,"47":0,"48":1,"49":2,"50":2,"51":2,"52":2,"53":1,"54":2,"55":2,"56":0,"57":0,"58":0,"59":0,"60":1,"61":1,"62":1,"63":1,"64":0,"65":0,"66":1,"67":1,"68":1,"69":1,"70":0,"71":0,"72":1,"73":1,"74":1,"75":1,"76":0,"77":0,"78":2,"79":2,"80":2,"81":2,"82":2,"83":2,"84":0,"85":0,"86":1,"87":1,"88":1,"89":1,"90":1,"91":0,"92":0,"93":1,"94":1,"95":1,"96":1,"97":1,"98":1,"99":1,"100":1,"101":0,"102":0,"103":0,"104":0,"105":0,"106":0,"107":0,"108":0,"109":0,"110":0,"111":0,"112":0,"113":0,"114":0,"115":2,"116":15,"117":1,"118":3,"119":3},"f":{"0":21,"1":1,"2":17,"3":3,"4":3,"5":3,"6":2,"7":1,"8":1,"9":1,"10":2,"11":1,"12":1,"13":0,"14":0,"15":2,"16":15,"17":3},"b":{"0":[2],"1":[3,2],"2":[1],"3":[1],"4":[0],"5":[1,1],"6":[0],"7":[1],"8":[0],"9":[0,0],"10":[1],"11":[0,0],"12":[1],"13":[15,14]}}
,"/Users/sca/Documents/repo/notegit/src/backend/handlers/configHandlers.ts": {"path":"/Users/sca/Documents/repo/notegit/src/backend/handlers/configHandlers.ts","statementMap":{"0":{"start":{"line":13,"column":0},"end":{"line":13,"column":16}},"1":{"start":{"line":2,"column":0},"end":{"line":2,"column":null}},"2":{"start":{"line":11,"column":0},"end":{"line":11,"column":41}},"3":{"start":{"line":18,"column":2},"end":{"line":36,"column":5}},"4":{"start":{"line":19,"column":4},"end":{"line":35,"column":5}},"5":{"start":{"line":20,"column":21},"end":{"line":20,"column":50}},"6":{"start":{"line":21,"column":6},"end":{"line":24,"column":8}},"7":{"start":{"line":26,"column":6},"end":{"line":26,"column":59}},"8":{"start":{"line":27,"column":6},"end":{"line":34,"column":8}},"9":{"start":{"line":38,"column":2},"end":{"line":58,"column":4}},"10":{"start":{"line":41,"column":6},"end":{"line":56,"column":7}},"11":{"start":{"line":42,"column":8},"end":{"line":42,"column":56}},"12":{"start":{"line":43,"column":8},"end":{"line":45,"column":10}},"13":{"start":{"line":47,"column":8},"end":{"line":47,"column":65}},"14":{"start":{"line":48,"column":8},"end":{"line":55,"column":10}},"15":{"start":{"line":60,"column":2},"end":{"line":80,"column":4}},"16":{"start":{"line":63,"column":6},"end":{"line":78,"column":7}},"17":{"start":{"line":64,"column":8},"end":{"line":64,"column":57}},"18":{"start":{"line":65,"column":8},"end":{"line":67,"column":10}},"19":{"start":{"line":69,"column":8},"end":{"line":69,"column":66}},"20":{"start":{"line":70,"column":8},"end":{"line":77,"column":10}},"21":{"start":{"line":82,"column":2},"end":{"line":96,"column":5}},"22":{"start":{"line":83,"column":4},"end":{"line":95,"column":5}},"23":{"start":{"line":84,"column":26},"end":{"line":84,"column":62}},"24":{"start":{"line":85,"column":6},"end":{"line":88,"column":8}},"25":{"start":{"line":90,"column":6},"end":{"line":90,"column":66}},"26":{"start":{"line":91,"column":6},"end":{"line":94,"column":8}}},"fnMap":{"0":{"name":"registerConfigHandlers","decl":{"start":{"line":13,"column":16},"end":{"line":13,"column":38}},"loc":{"start":{"line":16,"column":24},"end":{"line":97,"column":1}}},"1":{"name":"(anonymous_1)","decl":{"start":{"line":18,"column":35},"end":{"line":18,"column":40}},"loc":{"start":{"line":18,"column":80},"end":{"line":36,"column":3}}},"2":{"name":"(anonymous_2)","decl":{"start":{"line":40,"column":4},"end":{"line":40,"column":9}},"loc":{"start":{"line":40,"column":81},"end":{"line":57,"column":5}}},"3":{"name":"(anonymous_3)","decl":{"start":{"line":62,"column":4},"end":{"line":62,"column":9}},"loc":{"start":{"line":62,"column":73},"end":{"line":79,"column":5}}},"4":{"name":"(anonymous_4)","decl":{"start":{"line":82,"column":45},"end":{"line":82,"column":50}},"loc":{"start":{"line":82,"column":87},"end":{"line":96,"column":3}}}},"branchMap":{},"s":{"0":0,"1":0,"2":0,"3":0,"4":0,"5":0,"6":0,"7":0,"8":0,"9":0,"10":0,"11":0,"12":0,"13":0,"14":0,"15":0,"16":0,"17":0,"18":0,"19":0,"20":0,"21":0,"22":0,"23":0,"24":0,"25":0,"26":0},"f":{"0":0,"1":0,"2":0,"3":0,"4":0},"b":{}}
,"/Users/sca/Documents/repo/notegit/src/backend/handlers/filesHandlers.ts": {"path":"/Users/sca/Documents/repo/notegit/src/backend/handlers/filesHandlers.ts","statementMap":{"0":{"start":{"line":11,"column":0},"end":{"line":11,"column":16}},"1":{"start":{"line":2,"column":0},"end":{"line":2,"column":null}},"2":{"start":{"line":9,"column":0},"end":{"line":9,"column":41}},"3":{"start":{"line":12,"column":2},"end":{"line":32,"column":5}},"4":{"start":{"line":13,"column":4},"end":{"line":31,"column":5}},"5":{"start":{"line":14,"column":19},"end":{"line":14,"column":48}},"6":{"start":{"line":15,"column":6},"end":{"line":18,"column":8}},"7":{"start":{"line":20,"column":6},"end":{"line":20,"column":58}},"8":{"start":{"line":21,"column":6},"end":{"line":30,"column":8}},"9":{"start":{"line":34,"column":2},"end":{"line":54,"column":5}},"10":{"start":{"line":35,"column":4},"end":{"line":53,"column":5}},"11":{"start":{"line":36,"column":22},"end":{"line":36,"column":55}},"12":{"start":{"line":37,"column":6},"end":{"line":40,"column":8}},"13":{"start":{"line":42,"column":6},"end":{"line":42,"column":59}},"14":{"start":{"line":43,"column":6},"end":{"line":52,"column":8}},"15":{"start":{"line":56,"column":2},"end":{"line":78,"column":4}},"16":{"start":{"line":59,"column":6},"end":{"line":76,"column":7}},"17":{"start":{"line":60,"column":8},"end":{"line":60,"column":51}},"18":{"start":{"line":61,"column":8},"end":{"line":63,"column":10}},"19":{"start":{"line":65,"column":8},"end":{"line":65,"column":61}},"20":{"start":{"line":66,"column":8},"end":{"line":75,"column":10}},"21":{"start":{"line":80,"column":2},"end":{"line":102,"column":4}},"22":{"start":{"line":83,"column":6},"end":{"line":100,"column":7}},"23":{"start":{"line":84,"column":8},"end":{"line":84,"column":53}},"24":{"start":{"line":85,"column":8},"end":{"line":87,"column":10}},"25":{"start":{"line":89,"column":8},"end":{"line":89,"column":63}},"26":{"start":{"line":90,"column":8},"end":{"line":99,"column":10}},"27":{"start":{"line":104,"column":2},"end":{"line":126,"column":4}},"28":{"start":{"line":107,"column":6},"end":{"line":124,"column":7}},"29":{"start":{"line":108,"column":8},"end":{"line":108,"column":56}},"30":{"start":{"line":109,"column":8},"end":{"line":111,"column":10}},"31":{"start":{"line":113,"column":8},"end":{"line":113,"column":75}},"32":{"start":{"line":114,"column":8},"end":{"line":123,"column":10}},"33":{"start":{"line":128,"column":2},"end":{"line":150,"column":4}},"34":{"start":{"line":131,"column":6},"end":{"line":148,"column":7}},"35":{"start":{"line":132,"column":8},"end":{"line":132,"column":58}},"36":{"start":{"line":133,"column":8},"end":{"line":135,"column":10}},"37":{"start":{"line":137,"column":8},"end":{"line":137,"column":77}},"38":{"start":{"line":138,"column":8},"end":{"line":147,"column":10}},"39":{"start":{"line":152,"column":2},"end":{"line":171,"column":5}},"40":{"start":{"line":153,"column":4},"end":{"line":170,"column":5}},"41":{"start":{"line":154,"column":6},"end":{"line":154,"column":42}},"42":{"start":{"line":155,"column":6},"end":{"line":157,"column":8}},"43":{"start":{"line":159,"column":6},"end":{"line":159,"column":61}},"44":{"start":{"line":160,"column":6},"end":{"line":169,"column":8}},"45":{"start":{"line":173,"column":2},"end":{"line":195,"column":4}},"46":{"start":{"line":176,"column":6},"end":{"line":193,"column":7}},"47":{"start":{"line":177,"column":8},"end":{"line":177,"column":56}},"48":{"start":{"line":178,"column":8},"end":{"line":180,"column":10}},"49":{"start":{"line":182,"column":8},"end":{"line":182,"column":75}},"50":{"start":{"line":183,"column":8},"end":{"line":192,"column":10}},"51":{"start":{"line":197,"column":2},"end":{"line":219,"column":4}},"52":{"start":{"line":200,"column":6},"end":{"line":217,"column":7}},"53":{"start":{"line":201,"column":8},"end":{"line":201,"column":58}},"54":{"start":{"line":202,"column":8},"end":{"line":204,"column":10}},"55":{"start":{"line":206,"column":8},"end":{"line":206,"column":78}},"56":{"start":{"line":207,"column":8},"end":{"line":216,"column":10}}},"fnMap":{"0":{"name":"registerFilesHandlers","decl":{"start":{"line":11,"column":16},"end":{"line":11,"column":37}},"loc":{"start":{"line":11,"column":82},"end":{"line":220,"column":1}}},"1":{"name":"(anonymous_1)","decl":{"start":{"line":12,"column":35},"end":{"line":12,"column":40}},"loc":{"start":{"line":12,"column":84},"end":{"line":32,"column":3}}},"2":{"name":"(anonymous_2)","decl":{"start":{"line":34,"column":31},"end":{"line":34,"column":36}},"loc":{"start":{"line":34,"column":97},"end":{"line":54,"column":3}}},"3":{"name":"(anonymous_3)","decl":{"start":{"line":58,"column":4},"end":{"line":58,"column":9}},"loc":{"start":{"line":58,"column":80},"end":{"line":77,"column":5}}},"4":{"name":"(anonymous_4)","decl":{"start":{"line":82,"column":4},"end":{"line":82,"column":9}},"loc":{"start":{"line":82,"column":80},"end":{"line":101,"column":5}}},"5":{"name":"(anonymous_5)","decl":{"start":{"line":106,"column":4},"end":{"line":106,"column":9}},"loc":{"start":{"line":106,"column":83},"end":{"line":125,"column":5}}},"6":{"name":"(anonymous_6)","decl":{"start":{"line":130,"column":4},"end":{"line":130,"column":9}},"loc":{"start":{"line":130,"column":83},"end":{"line":149,"column":5}}},"7":{"name":"(anonymous_7)","decl":{"start":{"line":152,"column":33},"end":{"line":152,"column":38}},"loc":{"start":{"line":152,"column":92},"end":{"line":171,"column":3}}},"8":{"name":"(anonymous_8)","decl":{"start":{"line":175,"column":4},"end":{"line":175,"column":9}},"loc":{"start":{"line":175,"column":83},"end":{"line":194,"column":5}}},"9":{"name":"(anonymous_9)","decl":{"start":{"line":199,"column":4},"end":{"line":199,"column":9}},"loc":{"start":{"line":199,"column":85},"end":{"line":218,"column":5}}}},"branchMap":{"0":{"loc":{"start":{"line":23,"column":15},"end":{"line":29,"column":null}},"type":"cond-expr","locations":[{"start":{"line":24,"column":12},"end":{"line":24,"column":17}},{"start":{"line":25,"column":12},"end":{"line":29,"column":null}}]},"1":{"loc":{"start":{"line":27,"column":23},"end":{"line":27,"column":62}},"type":"binary-expr","locations":[{"start":{"line":27,"column":23},"end":{"line":27,"column":36}},{"start":{"line":27,"column":40},"end":{"line":27,"column":62}}]},"2":{"loc":{"start":{"line":45,"column":15},"end":{"line":51,"column":null}},"type":"cond-expr","locations":[{"start":{"line":46,"column":12},"end":{"line":46,"column":17}},{"start":{"line":47,"column":12},"end":{"line":51,"column":null}}]},"3":{"loc":{"start":{"line":49,"column":23},"end":{"line":49,"column":61}},"type":"binary-expr","locations":[{"start":{"line":49,"column":23},"end":{"line":49,"column":36}},{"start":{"line":49,"column":40},"end":{"line":49,"column":61}}]},"4":{"loc":{"start":{"line":68,"column":17},"end":{"line":74,"column":null}},"type":"cond-expr","locations":[{"start":{"line":69,"column":14},"end":{"line":69,"column":19}},{"start":{"line":70,"column":14},"end":{"line":74,"column":null}}]},"5":{"loc":{"start":{"line":72,"column":25},"end":{"line":72,"column":63}},"type":"binary-expr","locations":[{"start":{"line":72,"column":25},"end":{"line":72,"column":38}},{"start":{"line":72,"column":42},"end":{"line":72,"column":63}}]},"6":{"loc":{"start":{"line":92,"column":17},"end":{"line":98,"column":null}},"type":"cond-expr","locations":[{"start":{"line":93,"column":14},"end":{"line":93,"column":19}},{"start":{"line":94,"column":14},"end":{"line":98,"column":null}}]},"7":{"loc":{"start":{"line":96,"column":25},"end":{"line":96,"column":65}},"type":"binary-expr","locations":[{"start":{"line":96,"column":25},"end":{"line":96,"column":38}},{"start":{"line":96,"column":42},"end":{"line":96,"column":65}}]},"8":{"loc":{"start":{"line":116,"column":17},"end":{"line":122,"column":null}},"type":"cond-expr","locations":[{"start":{"line":117,"column":14},"end":{"line":117,"column":19}},{"start":{"line":118,"column":14},"end":{"line":122,"column":null}}]},"9":{"loc":{"start":{"line":120,"column":25},"end":{"line":120,"column":65}},"type":"binary-expr","locations":[{"start":{"line":120,"column":25},"end":{"line":120,"column":38}},{"start":{"line":120,"column":42},"end":{"line":120,"column":65}}]},"10":{"loc":{"start":{"line":140,"column":17},"end":{"line":146,"column":null}},"type":"cond-expr","locations":[{"start":{"line":141,"column":14},"end":{"line":141,"column":19}},{"start":{"line":142,"column":14},"end":{"line":146,"column":null}}]},"11":{"loc":{"start":{"line":144,"column":25},"end":{"line":144,"column":67}},"type":"binary-expr","locations":[{"start":{"line":144,"column":25},"end":{"line":144,"column":38}},{"start":{"line":144,"column":42},"end":{"line":144,"column":67}}]},"12":{"loc":{"start":{"line":162,"column":15},"end":{"line":168,"column":null}},"type":"cond-expr","locations":[{"start":{"line":163,"column":12},"end":{"line":163,"column":17}},{"start":{"line":164,"column":12},"end":{"line":168,"column":null}}]},"13":{"loc":{"start":{"line":166,"column":23},"end":{"line":166,"column":58}},"type":"binary-expr","locations":[{"start":{"line":166,"column":23},"end":{"line":166,"column":36}},{"start":{"line":166,"column":40},"end":{"line":166,"column":58}}]},"14":{"loc":{"start":{"line":185,"column":17},"end":{"line":191,"column":null}},"type":"cond-expr","locations":[{"start":{"line":186,"column":14},"end":{"line":186,"column":19}},{"start":{"line":187,"column":14},"end":{"line":191,"column":null}}]},"15":{"loc":{"start":{"line":189,"column":25},"end":{"line":189,"column":60}},"type":"binary-expr","locations":[{"start":{"line":189,"column":25},"end":{"line":189,"column":38}},{"start":{"line":189,"column":42},"end":{"line":189,"column":60}}]},"16":{"loc":{"start":{"line":209,"column":17},"end":{"line":215,"column":null}},"type":"cond-expr","locations":[{"start":{"line":210,"column":14},"end":{"line":210,"column":19}},{"start":{"line":211,"column":14},"end":{"line":215,"column":null}}]},"17":{"loc":{"start":{"line":213,"column":25},"end":{"line":213,"column":63}},"type":"binary-expr","locations":[{"start":{"line":213,"column":25},"end":{"line":213,"column":38}},{"start":{"line":213,"column":42},"end":{"line":213,"column":63}}]}},"s":{"0":0,"1":0,"2":0,"3":0,"4":0,"5":0,"6":0,"7":0,"8":0,"9":0,"10":0,"11":0,"12":0,"13":0,"14":0,"15":0,"16":0,"17":0,"18":0,"19":0,"20":0,"21":0,"22":0,"23":0,"24":0,"25":0,"26":0,"27":0,"28":0,"29":0,"30":0,"31":0,"32":0,"33":0,"34":0,"35":0,"36":0,"37":0,"38":0,"39":0,"40":0,"41":0,"42":0,"43":0,"44":0,"45":0,"46":0,"47":0,"48":0,"49":0,"50":0,"51":0,"52":0,"53":0,"54":0,"55":0,"56":0},"f":{"0":0,"1":0,"2":0,"3":0,"4":0,"5":0,"6":0,"7":0,"8":0,"9":0},"b":{"0":[0,0],"1":[0,0],"2":[0,0],"3":[0,0],"4":[0,0],"5":[0,0],"6":[0,0],"7":[0,0],"8":[0,0],"9":[0,0],"10":[0,0],"11":[0,0],"12":[0,0],"13":[0,0],"14":[0,0],"15":[0,0],"16":[0,0],"17":[0,0]}}
,"/Users/sca/Documents/repo/notegit/src/backend/handlers/historyHandlers.ts": {"path":"/Users/sca/Documents/repo/notegit/src/backend/handlers/historyHandlers.ts","statementMap":{"0":{"start":{"line":11,"column":0},"end":{"line":11,"column":16}},"1":{"start":{"line":2,"column":0},"end":{"line":2,"column":null}},"2":{"start":{"line":9,"column":0},"end":{"line":9,"column":41}},"3":{"start":{"line":12,"column":2},"end":{"line":35,"column":4}},"4":{"start":{"line":15,"column":6},"end":{"line":33,"column":7}},"5":{"start":{"line":16,"column":24},"end":{"line":16,"column":61}},"6":{"start":{"line":17,"column":8},"end":{"line":20,"column":10}},"7":{"start":{"line":22,"column":8},"end":{"line":22,"column":68}},"8":{"start":{"line":23,"column":8},"end":{"line":32,"column":10}},"9":{"start":{"line":37,"column":2},"end":{"line":60,"column":4}},"10":{"start":{"line":40,"column":6},"end":{"line":58,"column":7}},"11":{"start":{"line":41,"column":24},"end":{"line":41,"column":73}},"12":{"start":{"line":42,"column":8},"end":{"line":45,"column":10}},"13":{"start":{"line":47,"column":8},"end":{"line":47,"column":80}},"14":{"start":{"line":48,"column":8},"end":{"line":57,"column":10}},"15":{"start":{"line":62,"column":2},"end":{"line":85,"column":4}},"16":{"start":{"line":65,"column":6},"end":{"line":83,"column":7}},"17":{"start":{"line":66,"column":21},"end":{"line":66,"column":69}},"18":{"start":{"line":67,"column":8},"end":{"line":70,"column":10}},"19":{"start":{"line":72,"column":8},"end":{"line":72,"column":74}},"20":{"start":{"line":73,"column":8},"end":{"line":82,"column":10}}},"fnMap":{"0":{"name":"registerHistoryHandlers","decl":{"start":{"line":11,"column":16},"end":{"line":11,"column":39}},"loc":{"start":{"line":11,"column":88},"end":{"line":86,"column":1}}},"1":{"name":"(anonymous_1)","decl":{"start":{"line":14,"column":4},"end":{"line":14,"column":9}},"loc":{"start":{"line":14,"column":72},"end":{"line":34,"column":5}}},"2":{"name":"(anonymous_2)","decl":{"start":{"line":39,"column":4},"end":{"line":39,"column":9}},"loc":{"start":{"line":39,"column":85},"end":{"line":59,"column":5}}},"3":{"name":"(anonymous_3)","decl":{"start":{"line":64,"column":4},"end":{"line":64,"column":9}},"loc":{"start":{"line":64,"column":99},"end":{"line":84,"column":5}}}},"branchMap":{"0":{"loc":{"start":{"line":25,"column":17},"end":{"line":31,"column":null}},"type":"cond-expr","locations":[{"start":{"line":26,"column":14},"end":{"line":26,"column":19}},{"start":{"line":27,"column":14},"end":{"line":31,"column":null}}]},"1":{"loc":{"start":{"line":29,"column":25},"end":{"line":29,"column":70}},"type":"binary-expr","locations":[{"start":{"line":29,"column":25},"end":{"line":29,"column":38}},{"start":{"line":29,"column":42},"end":{"line":29,"column":70}}]},"2":{"loc":{"start":{"line":50,"column":17},"end":{"line":56,"column":null}},"type":"cond-expr","locations":[{"start":{"line":51,"column":14},"end":{"line":51,"column":19}},{"start":{"line":52,"column":14},"end":{"line":56,"column":null}}]},"3":{"loc":{"start":{"line":54,"column":25},"end":{"line":54,"column":70}},"type":"binary-expr","locations":[{"start":{"line":54,"column":25},"end":{"line":54,"column":38}},{"start":{"line":54,"column":42},"end":{"line":54,"column":70}}]},"4":{"loc":{"start":{"line":75,"column":17},"end":{"line":81,"column":null}},"type":"cond-expr","locations":[{"start":{"line":76,"column":14},"end":{"line":76,"column":19}},{"start":{"line":77,"column":14},"end":{"line":81,"column":null}}]},"5":{"loc":{"start":{"line":79,"column":25},"end":{"line":79,"column":62}},"type":"binary-expr","locations":[{"start":{"line":79,"column":25},"end":{"line":79,"column":38}},{"start":{"line":79,"column":42},"end":{"line":79,"column":62}}]}},"s":{"0":0,"1":0,"2":0,"3":0,"4":0,"5":0,"6":0,"7":0,"8":0,"9":0,"10":0,"11":0,"12":0,"13":0,"14":0,"15":0,"16":0,"17":0,"18":0,"19":0,"20":0},"f":{"0":0,"1":0,"2":0,"3":0},"b":{"0":[0,0],"1":[0,0],"2":[0,0],"3":[0,0],"4":[0,0],"5":[0,0]}}
,"/Users/sca/Documents/repo/notegit/src/backend/handlers/repoHandlers.ts": {"path":"/Users/sca/Documents/repo/notegit/src/backend/handlers/repoHandlers.ts","statementMap":{"0":{"start":{"line":12,"column":0},"end":{"line":12,"column":16}},"1":{"start":{"line":2,"column":0},"end":{"line":2,"column":null}},"2":{"start":{"line":10,"column":0},"end":{"line":10,"column":41}},"3":{"start":{"line":13,"column":2},"end":{"line":36,"column":4}},"4":{"start":{"line":16,"column":6},"end":{"line":34,"column":7}},"5":{"start":{"line":17,"column":23},"end":{"line":17,"column":62}},"6":{"start":{"line":18,"column":8},"end":{"line":21,"column":10}},"7":{"start":{"line":23,"column":8},"end":{"line":23,"column":70}},"8":{"start":{"line":24,"column":8},"end":{"line":33,"column":10}},"9":{"start":{"line":38,"column":2},"end":{"line":58,"column":5}},"10":{"start":{"line":39,"column":4},"end":{"line":57,"column":5}},"11":{"start":{"line":40,"column":21},"end":{"line":40,"column":50}},"12":{"start":{"line":41,"column":6},"end":{"line":44,"column":8}},"13":{"start":{"line":46,"column":6},"end":{"line":46,"column":65}},"14":{"start":{"line":47,"column":6},"end":{"line":56,"column":8}},"15":{"start":{"line":60,"column":2},"end":{"line":79,"column":5}},"16":{"start":{"line":61,"column":4},"end":{"line":78,"column":5}},"17":{"start":{"line":62,"column":6},"end":{"line":62,"column":31}},"18":{"start":{"line":63,"column":6},"end":{"line":65,"column":8}},"19":{"start":{"line":67,"column":6},"end":{"line":67,"column":48}},"20":{"start":{"line":68,"column":6},"end":{"line":77,"column":8}},"21":{"start":{"line":81,"column":2},"end":{"line":100,"column":5}},"22":{"start":{"line":82,"column":4},"end":{"line":99,"column":5}},"23":{"start":{"line":83,"column":6},"end":{"line":83,"column":31}},"24":{"start":{"line":84,"column":6},"end":{"line":86,"column":8}},"25":{"start":{"line":88,"column":6},"end":{"line":88,"column":48}},"26":{"start":{"line":89,"column":6},"end":{"line":98,"column":8}},"27":{"start":{"line":102,"column":2},"end":{"line":119,"column":5}},"28":{"start":{"line":103,"column":4},"end":{"line":118,"column":5}},"29":{"start":{"line":104,"column":6},"end":{"line":104,"column":34}},"30":{"start":{"line":105,"column":6},"end":{"line":107,"column":8}},"31":{"start":{"line":109,"column":6},"end":{"line":109,"column":59}},"32":{"start":{"line":110,"column":6},"end":{"line":117,"column":8}}},"fnMap":{"0":{"name":"registerRepoHandlers","decl":{"start":{"line":12,"column":16},"end":{"line":12,"column":36}},"loc":{"start":{"line":12,"column":79},"end":{"line":120,"column":1}}},"1":{"name":"(anonymous_1)","decl":{"start":{"line":15,"column":4},"end":{"line":15,"column":9}},"loc":{"start":{"line":15,"column":92},"end":{"line":35,"column":5}}},"2":{"name":"(anonymous_2)","decl":{"start":{"line":38,"column":35},"end":{"line":38,"column":40}},"loc":{"start":{"line":38,"column":80},"end":{"line":58,"column":3}}},"3":{"name":"(anonymous_3)","decl":{"start":{"line":60,"column":30},"end":{"line":60,"column":35}},"loc":{"start":{"line":60,"column":69},"end":{"line":79,"column":3}}},"4":{"name":"(anonymous_4)","decl":{"start":{"line":81,"column":30},"end":{"line":81,"column":35}},"loc":{"start":{"line":81,"column":69},"end":{"line":100,"column":3}}},"5":{"name":"(anonymous_5)","decl":{"start":{"line":102,"column":39},"end":{"line":102,"column":44}},"loc":{"start":{"line":102,"column":78},"end":{"line":119,"column":3}}}},"branchMap":{"0":{"loc":{"start":{"line":26,"column":17},"end":{"line":32,"column":null}},"type":"cond-expr","locations":[{"start":{"line":27,"column":14},"end":{"line":27,"column":19}},{"start":{"line":28,"column":14},"end":{"line":32,"column":null}}]},"1":{"loc":{"start":{"line":30,"column":25},"end":{"line":30,"column":78}},"type":"binary-expr","locations":[{"start":{"line":30,"column":25},"end":{"line":30,"column":38}},{"start":{"line":30,"column":42},"end":{"line":30,"column":78}}]},"2":{"loc":{"start":{"line":49,"column":15},"end":{"line":55,"column":null}},"type":"cond-expr","locations":[{"start":{"line":50,"column":12},"end":{"line":50,"column":17}},{"start":{"line":51,"column":12},"end":{"line":55,"column":null}}]},"3":{"loc":{"start":{"line":53,"column":23},"end":{"line":53,"column":73}},"type":"binary-expr","locations":[{"start":{"line":53,"column":23},"end":{"line":53,"column":36}},{"start":{"line":53,"column":40},"end":{"line":53,"column":73}}]},"4":{"loc":{"start":{"line":70,"column":15},"end":{"line":76,"column":null}},"type":"cond-expr","locations":[{"start":{"line":71,"column":12},"end":{"line":71,"column":17}},{"start":{"line":72,"column":12},"end":{"line":76,"column":null}}]},"5":{"loc":{"start":{"line":74,"column":23},"end":{"line":74,"column":68}},"type":"binary-expr","locations":[{"start":{"line":74,"column":23},"end":{"line":74,"column":36}},{"start":{"line":74,"column":40},"end":{"line":74,"column":68}}]},"6":{"loc":{"start":{"line":91,"column":15},"end":{"line":97,"column":null}},"type":"cond-expr","locations":[{"start":{"line":92,"column":12},"end":{"line":92,"column":17}},{"start":{"line":93,"column":12},"end":{"line":97,"column":null}}]},"7":{"loc":{"start":{"line":95,"column":23},"end":{"line":95,"column":66}},"type":"binary-expr","locations":[{"start":{"line":95,"column":23},"end":{"line":95,"column":36}},{"start":{"line":95,"column":40},"end":{"line":95,"column":66}}]},"8":{"loc":{"start":{"line":114,"column":19},"end":{"line":114,"column":63}},"type":"binary-expr","locations":[{"start":{"line":114,"column":19},"end":{"line":114,"column":32}},{"start":{"line":114,"column":36},"end":{"line":114,"column":63}}]}},"s":{"0":0,"1":0,"2":0,"3":0,"4":0,"5":0,"6":0,"7":0,"8":0,"9":0,"10":0,"11":0,"12":0,"13":0,"14":0,"15":0,"16":0,"17":0,"18":0,"19":0,"20":0,"21":0,"22":0,"23":0,"24":0,"25":0,"26":0,"27":0,"28":0,"29":0,"30":0,"31":0,"32":0},"f":{"0":0,"1":0,"2":0,"3":0,"4":0,"5":0},"b":{"0":[0,0],"1":[0,0],"2":[0,0],"3":[0,0],"4":[0,0],"5":[0,0],"6":[0,0],"7":[0,0],"8":[0,0]}}
,"/Users/sca/Documents/repo/notegit/src/backend/services/ConfigService.ts": {"path":"/Users/sca/Documents/repo/notegit/src/backend/services/ConfigService.ts","statementMap":{"0":{"start":{"line":1,"column":0},"end":{"line":1,"column":29}},"1":{"start":{"line":2,"column":0},"end":{"line":2,"column":31}},"2":{"start":{"line":5,"column":0},"end":{"line":5,"column":null}},"3":{"start":{"line":13,"column":0},"end":{"line":13,"column":41}},"4":{"start":{"line":22,"column":12},"end":{"line":22,"column":32}},"5":{"start":{"line":23,"column":12},"end":{"line":23,"column":40}},"6":{"start":{"line":25,"column":4},"end":{"line":25,"column":66}},"7":{"start":{"line":26,"column":4},"end":{"line":26,"column":74}},"8":{"start":{"line":27,"column":4},"end":{"line":27,"column":76}},"9":{"start":{"line":28,"column":4},"end":{"line":28,"column":68}},"10":{"start":{"line":32,"column":4},"end":{"line":32,"column":68}},"11":{"start":{"line":36,"column":4},"end":{"line":36,"column":46}},"12":{"start":{"line":38,"column":4},"end":{"line":38,"column":33}},"13":{"start":{"line":40,"column":24},"end":{"line":40,"column":51}},"14":{"start":{"line":41,"column":25},"end":{"line":41,"column":53}},"15":{"start":{"line":42,"column":29},"end":{"line":42,"column":53}},"16":{"start":{"line":44,"column":4},"end":{"line":48,"column":6}},"17":{"start":{"line":52,"column":4},"end":{"line":62,"column":5}},"18":{"start":{"line":53,"column":6},"end":{"line":59,"column":7}},"19":{"start":{"line":54,"column":24},"end":{"line":54,"column":75}},"20":{"start":{"line":55,"column":25},"end":{"line":55,"column":44}},"21":{"start":{"line":56,"column":8},"end":{"line":56,"column":58}},"22":{"start":{"line":58,"column":8},"end":{"line":58,"column":56}},"23":{"start":{"line":61,"column":6},"end":{"line":61,"column":77}},"24":{"start":{"line":65,"column":4},"end":{"line":65,"column":32}},"25":{"start":{"line":69,"column":4},"end":{"line":69,"column":55}},"26":{"start":{"line":71,"column":4},"end":{"line":71,"column":33}},"27":{"start":{"line":73,"column":20},"end":{"line":73,"column":47}},"28":{"start":{"line":74,"column":20},"end":{"line":74,"column":47}},"29":{"start":{"line":76,"column":4},"end":{"line":76,"column":91}},"30":{"start":{"line":77,"column":4},"end":{"line":77,"column":39}},"31":{"start":{"line":81,"column":4},"end":{"line":96,"column":5}},"32":{"start":{"line":82,"column":6},"end":{"line":93,"column":7}},"33":{"start":{"line":83,"column":24},"end":{"line":83,"column":76}},"34":{"start":{"line":84,"column":25},"end":{"line":84,"column":44}},"35":{"start":{"line":87,"column":8},"end":{"line":89,"column":9}},"36":{"start":{"line":88,"column":10},"end":{"line":88,"column":66}},"37":{"start":{"line":91,"column":8},"end":{"line":91,"column":61}},"38":{"start":{"line":92,"column":8},"end":{"line":92,"column":24}},"39":{"start":{"line":95,"column":6},"end":{"line":95,"column":62}},"40":{"start":{"line":98,"column":4},"end":{"line":98,"column":16}},"41":{"start":{"line":102,"column":4},"end":{"line":106,"column":7}},"42":{"start":{"line":108,"column":4},"end":{"line":108,"column":33}},"43":{"start":{"line":111,"column":19},"end":{"line":111,"column":34}},"44":{"start":{"line":112,"column":4},"end":{"line":114,"column":5}},"45":{"start":{"line":113,"column":6},"end":{"line":113,"column":58}},"46":{"start":{"line":116,"column":4},"end":{"line":116,"column":91}},"47":{"start":{"line":117,"column":4},"end":{"line":117,"column":56}},"48":{"start":{"line":121,"column":4},"end":{"line":130,"column":5}},"49":{"start":{"line":122,"column":6},"end":{"line":127,"column":7}},"50":{"start":{"line":123,"column":24},"end":{"line":123,"column":72}},"51":{"start":{"line":124,"column":22},"end":{"line":124,"column":41}},"52":{"start":{"line":125,"column":8},"end":{"line":125,"column":52}},"53":{"start":{"line":126,"column":8},"end":{"line":126,"column":50}},"54":{"start":{"line":129,"column":6},"end":{"line":129,"column":74}},"55":{"start":{"line":132,"column":4},"end":{"line":132,"column":29}},"56":{"start":{"line":136,"column":4},"end":{"line":136,"column":33}},"57":{"start":{"line":138,"column":20},"end":{"line":138,"column":44}},"58":{"start":{"line":139,"column":20},"end":{"line":139,"column":44}},"59":{"start":{"line":141,"column":4},"end":{"line":141,"column":88}},"60":{"start":{"line":142,"column":4},"end":{"line":142,"column":36}},"61":{"start":{"line":146,"column":4},"end":{"line":146,"column":42}},"62":{"start":{"line":148,"column":4},"end":{"line":150,"column":5}},"63":{"start":{"line":149,"column":6},"end":{"line":149,"column":61}},"64":{"start":{"line":15,"column":0},"end":{"line":15,"column":13}}},"fnMap":{"0":{"name":"(anonymous_9)","decl":{"start":{"line":21,"column":2},"end":{"line":21,"column":null}},"loc":{"start":{"line":23,"column":40},"end":{"line":29,"column":3}}},"1":{"name":"(anonymous_10)","decl":{"start":{"line":31,"column":2},"end":{"line":31,"column":7}},"loc":{"start":{"line":31,"column":23},"end":{"line":33,"column":3}}},"2":{"name":"(anonymous_11)","decl":{"start":{"line":35,"column":2},"end":{"line":35,"column":7}},"loc":{"start":{"line":35,"column":15},"end":{"line":49,"column":3}}},"3":{"name":"(anonymous_12)","decl":{"start":{"line":51,"column":2},"end":{"line":51,"column":7}},"loc":{"start":{"line":51,"column":22},"end":{"line":66,"column":3}}},"4":{"name":"(anonymous_13)","decl":{"start":{"line":68,"column":2},"end":{"line":68,"column":7}},"loc":{"start":{"line":68,"column":56},"end":{"line":78,"column":3}}},"5":{"name":"(anonymous_14)","decl":{"start":{"line":80,"column":2},"end":{"line":80,"column":7}},"loc":{"start":{"line":80,"column":23},"end":{"line":99,"column":3}}},"6":{"name":"(anonymous_15)","decl":{"start":{"line":101,"column":2},"end":{"line":101,"column":7}},"loc":{"start":{"line":101,"column":49},"end":{"line":118,"column":3}}},"7":{"name":"(anonymous_16)","decl":{"start":{"line":120,"column":2},"end":{"line":120,"column":7}},"loc":{"start":{"line":120,"column":19},"end":{"line":133,"column":3}}},"8":{"name":"(anonymous_17)","decl":{"start":{"line":135,"column":2},"end":{"line":135,"column":7}},"loc":{"start":{"line":135,"column":55},"end":{"line":143,"column":3}}},"9":{"name":"(anonymous_18)","decl":{"start":{"line":145,"column":2},"end":{"line":145,"column":7}},"loc":{"start":{"line":145,"column":25},"end":{"line":151,"column":3}}}},"branchMap":{"0":{"loc":{"start":{"line":53,"column":6},"end":{"line":59,"column":7}},"type":"if","locations":[{"start":{"line":53,"column":6},"end":{"line":59,"column":7}}]},"1":{"loc":{"start":{"line":82,"column":6},"end":{"line":93,"column":7}},"type":"if","locations":[{"start":{"line":82,"column":6},"end":{"line":93,"column":7}}]},"2":{"loc":{"start":{"line":87,"column":8},"end":{"line":89,"column":9}},"type":"if","locations":[{"start":{"line":87,"column":8},"end":{"line":89,"column":9}}]},"3":{"loc":{"start":{"line":112,"column":4},"end":{"line":114,"column":5}},"type":"if","locations":[{"start":{"line":112,"column":4},"end":{"line":114,"column":5}}]},"4":{"loc":{"start":{"line":122,"column":6},"end":{"line":127,"column":7}},"type":"if","locations":[{"start":{"line":122,"column":6},"end":{"line":127,"column":7}}]},"5":{"loc":{"start":{"line":148,"column":4},"end":{"line":150,"column":5}},"type":"if","locations":[{"start":{"line":148,"column":4},"end":{"line":150,"column":5}}]}},"s":{"0":3,"1":3,"2":3,"3":3,"4":11,"5":11,"6":11,"7":11,"8":11,"9":11,"10":7,"11":4,"12":4,"13":4,"14":4,"15":4,"16":4,"17":6,"18":6,"19":3,"20":3,"21":3,"22":3,"23":0,"24":3,"25":2,"26":2,"27":2,"28":2,"29":2,"30":2,"31":6,"32":6,"33":1,"34":1,"35":1,"36":1,"37":1,"38":1,"39":0,"40":5,"41":1,"42":1,"43":1,"44":1,"45":1,"46":1,"47":1,"48":4,"49":4,"50":0,"51":0,"52":0,"53":0,"54":0,"55":4,"56":0,"57":0,"58":0,"59":0,"60":0,"61":2,"62":2,"63":1,"64":3},"f":{"0":11,"1":7,"2":4,"3":6,"4":2,"5":6,"6":1,"7":4,"8":0,"9":2},"b":{"0":[3],"1":[1],"2":[1],"3":[1],"4":[0],"5":[1]}}
,"/Users/sca/Documents/repo/notegit/src/backend/services/FilesService.ts": {"path":"/Users/sca/Documents/repo/notegit/src/backend/services/FilesService.ts","statementMap":{"0":{"start":{"line":1,"column":0},"end":{"line":1,"column":29}},"1":{"start":{"line":5,"column":0},"end":{"line":5,"column":null}},"2":{"start":{"line":12,"column":0},"end":{"line":12,"column":41}},"3":{"start":{"line":19,"column":12},"end":{"line":19,"column":32}},"4":{"start":{"line":20,"column":12},"end":{"line":20,"column":40}},"5":{"start":{"line":15,"column":10},"end":{"line":15,"column":41}},"6":{"start":{"line":16,"column":10},"end":{"line":16,"column":47}},"7":{"start":{"line":27,"column":4},"end":{"line":27,"column":33}},"8":{"start":{"line":34,"column":25},"end":{"line":34,"column":67}},"9":{"start":{"line":35,"column":4},"end":{"line":38,"column":5}},"10":{"start":{"line":36,"column":6},"end":{"line":36,"column":45}},"11":{"start":{"line":37,"column":6},"end":{"line":37,"column":76}},"12":{"start":{"line":45,"column":4},"end":{"line":45,"column":32}},"13":{"start":{"line":47,"column":4},"end":{"line":47,"column":67}},"14":{"start":{"line":49,"column":4},"end":{"line":56,"column":5}},"15":{"start":{"line":50,"column":19},"end":{"line":50,"column":55}},"16":{"start":{"line":51,"column":6},"end":{"line":51,"column":76}},"17":{"start":{"line":52,"column":6},"end":{"line":52,"column":18}},"18":{"start":{"line":54,"column":6},"end":{"line":54,"column":59}},"19":{"start":{"line":55,"column":6},"end":{"line":55,"column":18}},"20":{"start":{"line":63,"column":4},"end":{"line":63,"column":32}},"21":{"start":{"line":65,"column":21},"end":{"line":65,"column":56}},"22":{"start":{"line":67,"column":4},"end":{"line":82,"column":5}},"23":{"start":{"line":68,"column":22},"end":{"line":68,"column":61}},"24":{"start":{"line":69,"column":20},"end":{"line":69,"column":55}},"25":{"start":{"line":70,"column":23},"end":{"line":70,"column":49}},"26":{"start":{"line":72,"column":6},"end":{"line":78,"column":8}},"27":{"start":{"line":80,"column":6},"end":{"line":80,"column":63}},"28":{"start":{"line":81,"column":6},"end":{"line":81,"column":18}},"29":{"start":{"line":89,"column":4},"end":{"line":89,"column":32}},"30":{"start":{"line":91,"column":21},"end":{"line":91,"column":56}},"31":{"start":{"line":93,"column":4},"end":{"line":99,"column":5}},"32":{"start":{"line":94,"column":6},"end":{"line":94,"column":56}},"33":{"start":{"line":95,"column":6},"end":{"line":95,"column":46}},"34":{"start":{"line":97,"column":6},"end":{"line":97,"column":63}},"35":{"start":{"line":98,"column":6},"end":{"line":98,"column":18}},"36":{"start":{"line":106,"column":4},"end":{"line":106,"column":32}},"37":{"start":{"line":108,"column":4},"end":{"line":114,"column":5}},"38":{"start":{"line":109,"column":6},"end":{"line":113,"column":8}},"39":{"start":{"line":116,"column":4},"end":{"line":130,"column":5}},"40":{"start":{"line":118,"column":6},"end":{"line":118,"column":49}},"41":{"start":{"line":121,"column":6},"end":{"line":121,"column":42}},"42":{"start":{"line":124,"column":6},"end":{"line":124,"column":44}},"43":{"start":{"line":126,"column":6},"end":{"line":126,"column":59}},"44":{"start":{"line":128,"column":6},"end":{"line":128,"column":65}},"45":{"start":{"line":129,"column":6},"end":{"line":129,"column":18}},"46":{"start":{"line":137,"column":4},"end":{"line":137,"column":32}},"47":{"start":{"line":139,"column":21},"end":{"line":139,"column":68}},"48":{"start":{"line":140,"column":21},"end":{"line":140,"column":56}},"49":{"start":{"line":142,"column":4},"end":{"line":154,"column":5}},"50":{"start":{"line":144,"column":20},"end":{"line":144,"column":22}},"51":{"start":{"line":145,"column":6},"end":{"line":147,"column":7}},"52":{"start":{"line":146,"column":8},"end":{"line":146,"column":53}},"53":{"start":{"line":149,"column":6},"end":{"line":149,"column":56}},"54":{"start":{"line":150,"column":6},"end":{"line":150,"column":48}},"55":{"start":{"line":152,"column":6},"end":{"line":152,"column":65}},"56":{"start":{"line":153,"column":6},"end":{"line":153,"column":18}},"57":{"start":{"line":161,"column":4},"end":{"line":161,"column":32}},"58":{"start":{"line":163,"column":23},"end":{"line":163,"column":70}},"59":{"start":{"line":164,"column":21},"end":{"line":164,"column":58}},"60":{"start":{"line":166,"column":4},"end":{"line":172,"column":5}},"61":{"start":{"line":167,"column":6},"end":{"line":167,"column":65}},"62":{"start":{"line":168,"column":6},"end":{"line":168,"column":52}},"63":{"start":{"line":170,"column":6},"end":{"line":170,"column":69}},"64":{"start":{"line":171,"column":6},"end":{"line":171,"column":18}},"65":{"start":{"line":179,"column":4},"end":{"line":179,"column":32}},"66":{"start":{"line":181,"column":21},"end":{"line":181,"column":56}},"67":{"start":{"line":183,"column":4},"end":{"line":198,"column":5}},"68":{"start":{"line":184,"column":20},"end":{"line":184,"column":55}},"69":{"start":{"line":186,"column":6},"end":{"line":192,"column":7}},"70":{"start":{"line":189,"column":8},"end":{"line":189,"column":45}},"71":{"start":{"line":191,"column":8},"end":{"line":191,"column":50}},"72":{"start":{"line":194,"column":6},"end":{"line":194,"column":48}},"73":{"start":{"line":196,"column":6},"end":{"line":196,"column":65}},"74":{"start":{"line":197,"column":6},"end":{"line":197,"column":18}},"75":{"start":{"line":205,"column":4},"end":{"line":205,"column":32}},"76":{"start":{"line":207,"column":24},"end":{"line":207,"column":58}},"77":{"start":{"line":208,"column":24},"end":{"line":208,"column":58}},"78":{"start":{"line":210,"column":4},"end":{"line":216,"column":5}},"79":{"start":{"line":211,"column":6},"end":{"line":211,"column":60}},"80":{"start":{"line":212,"column":6},"end":{"line":212,"column":56}},"81":{"start":{"line":214,"column":6},"end":{"line":214,"column":73}},"82":{"start":{"line":215,"column":6},"end":{"line":215,"column":18}},"83":{"start":{"line":223,"column":4},"end":{"line":223,"column":32}},"84":{"start":{"line":225,"column":25},"end":{"line":225,"column":60}},"85":{"start":{"line":227,"column":4},"end":{"line":233,"column":5}},"86":{"start":{"line":228,"column":6},"end":{"line":228,"column":60}},"87":{"start":{"line":229,"column":6},"end":{"line":229,"column":59}},"88":{"start":{"line":231,"column":6},"end":{"line":231,"column":76}},"89":{"start":{"line":232,"column":6},"end":{"line":232,"column":18}},"90":{"start":{"line":240,"column":20},"end":{"line":240,"column":57}},"91":{"start":{"line":242,"column":4},"end":{"line":251,"column":5}},"92":{"start":{"line":243,"column":23},"end":{"line":243,"column":48}},"93":{"start":{"line":244,"column":20},"end":{"line":244,"column":55}},"94":{"start":{"line":246,"column":6},"end":{"line":250,"column":7}},"95":{"start":{"line":247,"column":8},"end":{"line":247,"column":45}},"96":{"start":{"line":249,"column":8},"end":{"line":249,"column":50}},"97":{"start":{"line":254,"column":4},"end":{"line":254,"column":45}},"98":{"start":{"line":261,"column":20},"end":{"line":261,"column":57}},"99":{"start":{"line":262,"column":34},"end":{"line":262,"column":36}},"100":{"start":{"line":264,"column":4},"end":{"line":303,"column":5}},"101":{"start":{"line":266,"column":6},"end":{"line":268,"column":7}},"102":{"start":{"line":267,"column":8},"end":{"line":267,"column":17}},"103":{"start":{"line":270,"column":23},"end":{"line":270,"column":48}},"104":{"start":{"line":271,"column":32},"end":{"line":271,"column":85}},"105":{"start":{"line":273,"column":6},"end":{"line":302,"column":7}},"106":{"start":{"line":274,"column":22},"end":{"line":274,"column":57}},"107":{"start":{"line":276,"column":8},"end":{"line":299,"column":9}},"108":{"start":{"line":278,"column":27},"end":{"line":278,"column":76}},"109":{"start":{"line":280,"column":10},"end":{"line":287,"column":13}},"110":{"start":{"line":290,"column":27},"end":{"line":290,"column":50}},"111":{"start":{"line":292,"column":10},"end":{"line":298,"column":13}},"112":{"start":{"line":301,"column":8},"end":{"line":301,"column":75}},"113":{"start":{"line":306,"column":4},"end":{"line":311,"column":7}},"114":{"start":{"line":307,"column":6},"end":{"line":309,"column":7}},"115":{"start":{"line":308,"column":8},"end":{"line":308,"column":44}},"116":{"start":{"line":310,"column":6},"end":{"line":310,"column":42}},"117":{"start":{"line":313,"column":4},"end":{"line":313,"column":17}},"118":{"start":{"line":320,"column":16},"end":{"line":320,"column":52}},"119":{"start":{"line":323,"column":4},"end":{"line":325,"column":5}},"120":{"start":{"line":324,"column":6},"end":{"line":324,"column":31}},"121":{"start":{"line":328,"column":4},"end":{"line":330,"column":5}},"122":{"start":{"line":329,"column":6},"end":{"line":329,"column":28}},"123":{"start":{"line":333,"column":4},"end":{"line":335,"column":5}},"124":{"start":{"line":334,"column":6},"end":{"line":334,"column":26}},"125":{"start":{"line":338,"column":4},"end":{"line":340,"column":5}},"126":{"start":{"line":339,"column":6},"end":{"line":339,"column":27}},"127":{"start":{"line":343,"column":4},"end":{"line":367,"column":5}},"128":{"start":{"line":366,"column":6},"end":{"line":366,"column":27}},"129":{"start":{"line":370,"column":4},"end":{"line":372,"column":5}},"130":{"start":{"line":371,"column":6},"end":{"line":371,"column":27}},"131":{"start":{"line":374,"column":4},"end":{"line":374,"column":26}},"132":{"start":{"line":381,"column":16},"end":{"line":381,"column":28}},"133":{"start":{"line":382,"column":4},"end":{"line":386,"column":5}},"134":{"start":{"line":383,"column":6},"end":{"line":385,"column":7}},"135":{"start":{"line":384,"column":8},"end":{"line":384,"column":48}},"136":{"start":{"line":387,"column":4},"end":{"line":387,"column":17}},"137":{"start":{"line":394,"column":4},"end":{"line":396,"column":5}},"138":{"start":{"line":395,"column":6},"end":{"line":395,"column":24}},"139":{"start":{"line":398,"column":4},"end":{"line":404,"column":5}},"140":{"start":{"line":399,"column":6},"end":{"line":403,"column":8}},"141":{"start":{"line":408,"column":4},"end":{"line":412,"column":6}},"142":{"start":{"line":14,"column":0},"end":{"line":14,"column":13}}},"fnMap":{"0":{"name":"(anonymous_9)","decl":{"start":{"line":18,"column":2},"end":{"line":18,"column":null}},"loc":{"start":{"line":20,"column":40},"end":{"line":21,"column":6}}},"1":{"name":"(anonymous_10)","decl":{"start":{"line":26,"column":2},"end":{"line":26,"column":15}},"loc":{"start":{"line":26,"column":38},"end":{"line":28,"column":3}}},"2":{"name":"(anonymous_11)","decl":{"start":{"line":33,"column":2},"end":{"line":33,"column":7}},"loc":{"start":{"line":33,"column":12},"end":{"line":39,"column":3}}},"3":{"name":"(anonymous_12)","decl":{"start":{"line":44,"column":2},"end":{"line":44,"column":7}},"loc":{"start":{"line":44,"column":16},"end":{"line":57,"column":3}}},"4":{"name":"(anonymous_13)","decl":{"start":{"line":62,"column":2},"end":{"line":62,"column":7}},"loc":{"start":{"line":62,"column":33},"end":{"line":83,"column":3}}},"5":{"name":"(anonymous_14)","decl":{"start":{"line":88,"column":2},"end":{"line":88,"column":7}},"loc":{"start":{"line":88,"column":50},"end":{"line":100,"column":3}}},"6":{"name":"(anonymous_15)","decl":{"start":{"line":105,"column":2},"end":{"line":105,"column":7}},"loc":{"start":{"line":105,"column":52},"end":{"line":131,"column":3}}},"7":{"name":"(anonymous_16)","decl":{"start":{"line":136,"column":2},"end":{"line":136,"column":7}},"loc":{"start":{"line":136,"column":51},"end":{"line":155,"column":3}}},"8":{"name":"(anonymous_17)","decl":{"start":{"line":160,"column":2},"end":{"line":160,"column":7}},"loc":{"start":{"line":160,"column":53},"end":{"line":173,"column":3}}},"9":{"name":"(anonymous_18)","decl":{"start":{"line":178,"column":2},"end":{"line":178,"column":7}},"loc":{"start":{"line":178,"column":35},"end":{"line":199,"column":3}}},"10":{"name":"(anonymous_19)","decl":{"start":{"line":204,"column":2},"end":{"line":204,"column":7}},"loc":{"start":{"line":204,"column":51},"end":{"line":217,"column":3}}},"11":{"name":"(anonymous_20)","decl":{"start":{"line":222,"column":2},"end":{"line":222,"column":7}},"loc":{"start":{"line":222,"column":53},"end":{"line":234,"column":3}}},"12":{"name":"(anonymous_21)","decl":{"start":{"line":239,"column":10},"end":{"line":239,"column":15}},"loc":{"start":{"line":239,"column":47},"end":{"line":255,"column":3}}},"13":{"name":"(anonymous_22)","decl":{"start":{"line":260,"column":10},"end":{"line":260,"column":15}},"loc":{"start":{"line":260,"column":68},"end":{"line":314,"column":3}}},"14":{"name":"(anonymous_23)","decl":{"start":{"line":306,"column":15},"end":{"line":306,"column":16}},"loc":{"start":{"line":306,"column":24},"end":{"line":311,"column":5}}},"15":{"name":"(anonymous_24)","decl":{"start":{"line":319,"column":2},"end":{"line":319,"column":13}},"loc":{"start":{"line":319,"column":30},"end":{"line":375,"column":3}}},"16":{"name":"(anonymous_25)","decl":{"start":{"line":380,"column":10},"end":{"line":380,"column":20}},"loc":{"start":{"line":380,"column":42},"end":{"line":388,"column":3}}},"17":{"name":"(anonymous_26)","decl":{"start":{"line":393,"column":10},"end":{"line":393,"column":15}},"loc":{"start":{"line":393,"column":30},"end":{"line":405,"column":3}}},"18":{"name":"(anonymous_27)","decl":{"start":{"line":407,"column":10},"end":{"line":407,"column":21}},"loc":{"start":{"line":407,"column":72},"end":{"line":413,"column":3}}}},"branchMap":{"0":{"loc":{"start":{"line":35,"column":4},"end":{"line":38,"column":5}},"type":"if","locations":[{"start":{"line":35,"column":4},"end":{"line":38,"column":5}}]},"1":{"loc":{"start":{"line":108,"column":4},"end":{"line":114,"column":5}},"type":"if","locations":[{"start":{"line":108,"column":4},"end":{"line":114,"column":5}}]},"2":{"loc":{"start":{"line":139,"column":21},"end":{"line":139,"column":68}},"type":"cond-expr","locations":[{"start":{"line":139,"column":34},"end":{"line":139,"column":61}},{"start":{"line":139,"column":64},"end":{"line":139,"column":68}}]},"3":{"loc":{"start":{"line":145,"column":6},"end":{"line":147,"column":7}},"type":"if","locations":[{"start":{"line":145,"column":6},"end":{"line":147,"column":7}}]},"4":{"loc":{"start":{"line":163,"column":23},"end":{"line":163,"column":70}},"type":"cond-expr","locations":[{"start":{"line":163,"column":36},"end":{"line":163,"column":63}},{"start":{"line":163,"column":66},"end":{"line":163,"column":70}}]},"5":{"loc":{"start":{"line":186,"column":6},"end":{"line":192,"column":7}},"type":"if","locations":[{"start":{"line":186,"column":6},"end":{"line":192,"column":7}},{"start":{"line":190,"column":13},"end":{"line":192,"column":7}}]},"6":{"loc":{"start":{"line":246,"column":6},"end":{"line":250,"column":7}},"type":"if","locations":[{"start":{"line":246,"column":6},"end":{"line":250,"column":7}},{"start":{"line":248,"column":13},"end":{"line":250,"column":7}}]},"7":{"loc":{"start":{"line":260,"column":43},"end":{"line":260,"column":68}},"type":"default-arg","locations":[{"start":{"line":260,"column":66},"end":{"line":260,"column":68}}]},"8":{"loc":{"start":{"line":266,"column":6},"end":{"line":268,"column":7}},"type":"if","locations":[{"start":{"line":266,"column":6},"end":{"line":268,"column":7}}]},"9":{"loc":{"start":{"line":271,"column":32},"end":{"line":271,"column":85}},"type":"cond-expr","locations":[{"start":{"line":271,"column":47},"end":{"line":271,"column":77}},{"start":{"line":271,"column":80},"end":{"line":271,"column":85}}]},"10":{"loc":{"start":{"line":276,"column":8},"end":{"line":299,"column":9}},"type":"if","locations":[{"start":{"line":276,"column":8},"end":{"line":299,"column":9}},{"start":{"line":288,"column":15},"end":{"line":299,"column":9}}]},"11":{"loc":{"start":{"line":307,"column":6},"end":{"line":309,"column":7}},"type":"if","locations":[{"start":{"line":307,"column":6},"end":{"line":309,"column":7}}]},"12":{"loc":{"start":{"line":308,"column":15},"end":{"line":308,"column":43}},"type":"cond-expr","locations":[{"start":{"line":308,"column":37},"end":{"line":308,"column":39}},{"start":{"line":308,"column":42},"end":{"line":308,"column":43}}]},"13":{"loc":{"start":{"line":323,"column":4},"end":{"line":325,"column":5}},"type":"if","locations":[{"start":{"line":323,"column":4},"end":{"line":325,"column":5}}]},"14":{"loc":{"start":{"line":323,"column":8},"end":{"line":323,"column":44}},"type":"binary-expr","locations":[{"start":{"line":323,"column":8},"end":{"line":323,"column":21}},{"start":{"line":323,"column":25},"end":{"line":323,"column":44}}]},"15":{"loc":{"start":{"line":328,"column":4},"end":{"line":330,"column":5}},"type":"if","locations":[{"start":{"line":328,"column":4},"end":{"line":330,"column":5}}]},"16":{"loc":{"start":{"line":333,"column":4},"end":{"line":335,"column":5}},"type":"if","locations":[{"start":{"line":333,"column":4},"end":{"line":335,"column":5}}]},"17":{"loc":{"start":{"line":338,"column":4},"end":{"line":340,"column":5}},"type":"if","locations":[{"start":{"line":338,"column":4},"end":{"line":340,"column":5}}]},"18":{"loc":{"start":{"line":343,"column":4},"end":{"line":367,"column":5}},"type":"if","locations":[{"start":{"line":343,"column":4},"end":{"line":367,"column":5}}]},"19":{"loc":{"start":{"line":370,"column":4},"end":{"line":372,"column":5}},"type":"if","locations":[{"start":{"line":370,"column":4},"end":{"line":372,"column":5}}]},"20":{"loc":{"start":{"line":383,"column":6},"end":{"line":385,"column":7}},"type":"if","locations":[{"start":{"line":383,"column":6},"end":{"line":385,"column":7}}]},"21":{"loc":{"start":{"line":394,"column":4},"end":{"line":396,"column":5}},"type":"if","locations":[{"start":{"line":394,"column":4},"end":{"line":396,"column":5}}]},"22":{"loc":{"start":{"line":398,"column":4},"end":{"line":404,"column":5}},"type":"if","locations":[{"start":{"line":398,"column":4},"end":{"line":404,"column":5}}]}},"s":{"0":1,"1":1,"2":1,"3":20,"4":20,"5":20,"6":20,"7":20,"8":13,"9":13,"10":13,"11":13,"12":3,"13":3,"14":3,"15":3,"16":3,"17":3,"18":0,"19":0,"20":1,"21":1,"22":1,"23":1,"24":1,"25":1,"26":1,"27":0,"28":0,"29":1,"30":1,"31":1,"32":1,"33":1,"34":0,"35":0,"36":1,"37":1,"38":0,"39":1,"40":1,"41":1,"42":1,"43":1,"44":0,"45":0,"46":2,"47":2,"48":2,"49":2,"50":2,"51":2,"52":1,"53":2,"54":2,"55":0,"56":0,"57":1,"58":1,"59":1,"60":1,"61":1,"62":1,"63":0,"64":0,"65":2,"66":2,"67":2,"68":2,"69":2,"70":1,"71":1,"72":2,"73":0,"74":0,"75":1,"76":1,"77":1,"78":1,"79":1,"80":1,"81":0,"82":0,"83":0,"84":0,"85":0,"86":0,"87":0,"88":0,"89":0,"90":1,"91":1,"92":1,"93":1,"94":1,"95":0,"96":1,"97":1,"98":5,"99":5,"100":5,"101":10,"102":2,"103":8,"104":8,"105":8,"106":8,"107":8,"108":2,"109":2,"110":6,"111":6,"112":0,"113":5,"114":6,"115":4,"116":2,"117":5,"118":24,"119":24,"120":9,"121":15,"122":4,"123":11,"124":1,"125":10,"126":1,"127":9,"128":4,"129":5,"130":3,"131":2,"132":5,"133":5,"134":8,"135":2,"136":5,"137":12,"138":12,"139":12,"140":0,"141":0,"142":1},"f":{"0":20,"1":20,"2":13,"3":3,"4":1,"5":1,"6":1,"7":2,"8":1,"9":2,"10":1,"11":0,"12":1,"13":5,"14":6,"15":24,"16":5,"17":12,"18":0},"b":{"0":[13],"1":[0],"2":[2,0],"3":[1],"4":[1,0],"5":[1,1],"6":[0,1],"7":[3],"8":[2],"9":[2,6],"10":[2,6],"11":[4],"12":[1,3],"13":[9],"14":[24,16],"15":[4],"16":[1],"17":[1],"18":[4],"19":[3],"20":[2],"21":[12],"22":[0]}}
[...]
}},"27":{"start":{"line":81,"column":20},"end":{"line":81,"column":40}},"28":{"start":{"line":83,"column":41},"end":{"line":83,"column":45}},"29":{"start":{"line":85,"column":6},"end":{"line":117,"column":7}},"30":{"start":{"line":87,"column":26},"end":{"line":87,"column":73}},"31":{"start":{"line":88,"column":8},"end":{"line":100,"column":9}},"32":{"start":{"line":89,"column":10},"end":{"line":91,"column":11}},"33":{"start":{"line":90,"column":12},"end":{"line":90,"column":36}},"34":{"start":{"line":92,"column":10},"end":{"line":98,"column":12}},"35":{"start":{"line":99,"column":10},"end":{"line":99,"column":19}},"36":{"start":{"line":102,"column":8},"end":{"line":116,"column":9}},"37":{"start":{"line":104,"column":10},"end":{"line":110,"column":11}},"38":{"start":{"line":105,"column":12},"end":{"line":105,"column":25}},"39":{"start":{"line":106,"column":17},"end":{"line":110,"column":11}},"40":{"start":{"line":107,"column":12},"end":{"line":107,"column":28}},"41":{"start":{"line":109,"column":12},"end":{"line":109,"column":29}},"42":{"start":{"line":112,"column":10},"end":{"line":115,"column":13}},"43":{"start":{"line":119,"column":6},"end":{"line":121,"column":7}},"44":{"start":{"line":120,"column":8},"end":{"line":120,"column":32}},"45":{"start":{"line":123,"column":6},"end":{"line":123,"column":19}},"46":{"start":{"line":125,"column":6},"end":{"line":125,"column":76}},"47":{"start":{"line":126,"column":6},"end":{"line":126,"column":18}},"48":{"start":{"line":131,"column":4},"end":{"line":133,"column":5}},"49":{"start":{"line":132,"column":6},"end":{"line":132,"column":24}},"50":{"start":{"line":135,"column":4},"end":{"line":141,"column":5}},"51":{"start":{"line":136,"column":6},"end":{"line":140,"column":8}},"52":{"start":{"line":145,"column":4},"end":{"line":149,"column":6}},"53":{"start":{"line":12,"column":0},"end":{"line":12,"column":13}}},"fnMap":{"0":{"name":"(anonymous_0)","decl":{"start":{"line":15,"column":2},"end":{"line":15,"column":null}},"loc":{"start":{"line":17,"column":40},"end":{"line":18,"column":6}}},"1":{"name":"(anonymous_1)","decl":{"start":{"line":23,"column":2},"end":{"line":23,"column":7}},"loc":{"start":{"line":23,"column":12},"end":{"line":30,"column":3}}},"2":{"name":"(anonymous_2)","decl":{"start":{"line":35,"column":2},"end":{"line":35,"column":7}},"loc":{"start":{"line":35,"column":35},"end":{"line":53,"column":3}}},"3":{"name":"(anonymous_3)","decl":{"start":{"line":41,"column":25},"end":{"line":41,"column":26}},"loc":{"start":{"line":41,"column":43},"end":{"line":48,"column":8}}},"4":{"name":"(anonymous_4)","decl":{"start":{"line":58,"column":2},"end":{"line":58,"column":7}},"loc":{"start":{"line":58,"column":55},"end":{"line":68,"column":3}}},"5":{"name":"(anonymous_5)","decl":{"start":{"line":73,"column":2},"end":{"line":73,"column":7}},"loc":{"start":{"line":73,"column":62},"end":{"line":128,"column":3}}},"6":{"name":"(anonymous_6)","decl":{"start":{"line":130,"column":10},"end":{"line":130,"column":15}},"loc":{"start":{"line":130,"column":30},"end":{"line":142,"column":3}}},"7":{"name":"(anonymous_7)","decl":{"start":{"line":144,"column":10},"end":{"line":144,"column":21}},"loc":{"start":{"line":144,"column":72},"end":{"line":150,"column":3}}}},"branchMap":{"0":{"loc":{"start":{"line":25,"column":4},"end":{"line":29,"column":5}},"type":"if","locations":[{"start":{"line":25,"column":4},"end":{"line":29,"column":5}}]},"1":{"loc":{"start":{"line":88,"column":8},"end":{"line":100,"column":9}},"type":"if","locations":[{"start":{"line":88,"column":8},"end":{"line":100,"column":9}}]},"2":{"loc":{"start":{"line":89,"column":10},"end":{"line":91,"column":11}},"type":"if","locations":[{"start":{"line":89,"column":10},"end":{"line":91,"column":11}}]},"3":{"loc":{"start":{"line":102,"column":8},"end":{"line":116,"column":9}},"type":"if","locations":[{"start":{"line":102,"column":8},"end":{"line":116,"column":9}}]},"4":{"loc":{"start":{"line":104,"column":10},"end":{"line":110,"column":11}},"type":"if","locations":[{"start":{"line":104,"column":10},"end":{"line":110,"column":11}},{"start":{"line":106,"column":17},"end":{"line":110,"column":11}}]},"5":{"loc":{"start":{"line":106,"column":17},"end":{"line":110,"column":11}},"type":"if","locations":[{"start":{"line":106,"column":17},"end":{"line":110,"column":11}},{"start":{"line":108,"column":17},"end":{"line":110,"column":11}}]},"6":{"loc":{"start":{"line":119,"column":6},"end":{"line":121,"column":7}},"type":"if","locations":[{"start":{"line":119,"column":6},"end":{"line":121,"column":7}}]},"7":{"loc":{"start":{"line":131,"column":4},"end":{"line":133,"column":5}},"type":"if","locations":[{"start":{"line":131,"column":4},"end":{"line":133,"column":5}}]},"8":{"loc":{"start":{"line":135,"column":4},"end":{"line":141,"column":5}},"type":"if","locations":[{"start":{"line":135,"column":4},"end":{"line":141,"column":5}}]}},"s":{"0":1,"1":1,"2":7,"3":7,"4":7,"5":7,"6":7,"7":7,"8":7,"9":7,"10":2,"11":2,"12":2,"13":2,"14":2,"15":0,"16":0,"17":1,"18":1,"19":1,"20":1,"21":0,"22":0,"23":3,"24":3,"25":3,"26":3,"27":3,"28":3,"29":3,"30":21,"31":21,"32":3,"33":1,"34":3,"35":3,"36":18,"37":12,"38":5,"39":7,"40":3,"41":4,"42":12,"43":3,"44":2,"45":3,"46":0,"47":0,"48":6,"49":6,"50":6,"51":0,"52":0,"53":1},"f":{"0":7,"1":7,"2":2,"3":2,"4":1,"5":3,"6":6,"7":0},"b":{"0":[7],"1":[3],"2":[1],"3":[12],"4":[5,7],"5":[3,4],"6":[2],"7":[6],"8":[0]}}
,"/Users/sca/Documents/repo/notegit/src/backend/services/RepoService.ts": {"path":"/Users/sca/Documents/repo/notegit/src/backend/services/RepoService.ts","statementMap":{"0":{"start":{"line":1,"column":0},"end":{"line":1,"column":29}},"1":{"start":{"line":2,"column":0},"end":{"line":2,"column":31}},"2":{"start":{"line":7,"column":0},"end":{"line":7,"column":null}},"3":{"start":{"line":15,"column":0},"end":{"line":15,"column":41}},"4":{"start":{"line":24,"column":12},"end":{"line":24,"column":34}},"5":{"start":{"line":25,"column":12},"end":{"line":25,"column":32}},"6":{"start":{"line":26,"column":12},"end":{"line":26,"column":40}},"7":{"start":{"line":18,"column":10},"end":{"line":18,"column":54}},"8":{"start":{"line":19,"column":19},"end":{"line":19,"column":46}},"9":{"start":{"line":20,"column":10},"end":{"line":20,"column":48}},"10":{"start":{"line":21,"column":10},"end":{"line":21,"column":51}},"11":{"start":{"line":33,"column":4},"end":{"line":33,"column":37}},"12":{"start":{"line":40,"column":4},"end":{"line":43,"column":7}},"13":{"start":{"line":46,"column":21},"end":{"line":46,"column":64}},"14":{"start":{"line":47,"column":4},"end":{"line":47,"column":62}},"15":{"start":{"line":50,"column":21},"end":{"line":50,"column":61}},"16":{"start":{"line":51,"column":22},"end":{"line":51,"column":51}},"17":{"start":{"line":53,"column":4},"end":{"line":94,"column":5}},"18":{"start":{"line":55,"column":21},"end":{"line":55,"column":59}},"19":{"start":{"line":57,"column":6},"end":{"line":65,"column":7}},"20":{"start":{"line":59,"column":8},"end":{"line":59,"column":79}},"21":{"start":{"line":60,"column":8},"end":{"line":60,"column":98}},"22":{"start":{"line":63,"column":8},"end":{"line":63,"column":76}},"23":{"start":{"line":64,"column":8},"end":{"line":64,"column":46}},"24":{"start":{"line":67,"column":6},"end":{"line":67,"column":39}},"25":{"start":{"line":70,"column":6},"end":{"line":70,"column":37}},"26":{"start":{"line":71,"column":6},"end":{"line":71,"column":60}},"27":{"start":{"line":74,"column":21},"end":{"line":74,"column":43}},"28":{"start":{"line":77,"column":33},"end":{"line":77,"column":35}},"29":{"start":{"line":78,"column":6},"end":{"line":81,"column":7}},"30":{"start":{"line":79,"column":8},"end":{"line":79,"column":39}},"31":{"start":{"line":80,"column":8},"end":{"line":80,"column":50}},"32":{"start":{"line":84,"column":6},"end":{"line":84,"column":27}},"33":{"start":{"line":86,"column":6},"end":{"line":90,"column":8}},"34":{"start":{"line":92,"column":6},"end":{"line":92,"column":68}},"35":{"start":{"line":93,"column":6},"end":{"line":93,"column":18}},"36":{"start":{"line":101,"column":4},"end":{"line":113,"column":5}},"37":{"start":{"line":102,"column":27},"end":{"line":102,"column":69}},"38":{"start":{"line":103,"column":6},"end":{"line":112,"column":7}},"39":{"start":{"line":104,"column":8},"end":{"line":104,"column":54}},"40":{"start":{"line":105,"column":8},"end":{"line":105,"column":57}},"41":{"start":{"line":107,"column":8},"end":{"line":111,"column":10}},"42":{"start":{"line":115,"column":4},"end":{"line":133,"column":5}},"43":{"start":{"line":116,"column":24},"end":{"line":116,"column":54}},"44":{"start":{"line":117,"column":21},"end":{"line":117,"column":61}},"45":{"start":{"line":118,"column":32},"end":{"line":118,"column":70}},"46":{"start":{"line":120,"column":33},"end":{"line":126,"column":8}},"47":{"start":{"line":128,"column":6},"end":{"line":128,"column":52}},"48":{"start":{"line":129,"column":6},"end":{"line":129,"column":20}},"49":{"start":{"line":131,"column":6},"end":{"line":131,"column":65}},"50":{"start":{"line":132,"column":6},"end":{"line":132,"column":18}},"51":{"start":{"line":140,"column":4},"end":{"line":146,"column":5}},"52":{"start":{"line":141,"column":6},"end":{"line":145,"column":8}},"53":{"start":{"line":148,"column":4},"end":{"line":164,"column":5}},"54":{"start":{"line":149,"column":27},"end":{"line":149,"column":69}},"55":{"start":{"line":150,"column":6},"end":{"line":156,"column":7}},"56":{"start":{"line":151,"column":8},"end":{"line":155,"column":10}},"57":{"start":{"line":158,"column":6},"end":{"line":158,"column":41}},"58":{"start":{"line":159,"column":6},"end":{"line":159,"column":51}},"59":{"start":{"line":160,"column":6},"end":{"line":160,"column":49}},"60":{"start":{"line":162,"column":6},"end":{"line":162,"column":48}},"61":{"start":{"line":163,"column":6},"end":{"line":163,"column":18}},"62":{"start":{"line":171,"column":4},"end":{"line":177,"column":5}},"63":{"start":{"line":172,"column":6},"end":{"line":176,"column":8}},"64":{"start":{"line":179,"column":4},"end":{"line":196,"column":5}},"65":{"start":{"line":180,"column":27},"end":{"line":180,"column":69}},"66":{"start":{"line":181,"column":6},"end":{"line":187,"column":7}},"67":{"start":{"line":182,"column":8},"end":{"line":186,"column":10}},"68":{"start":{"line":189,"column":6},"end":{"line":189,"column":39}},"69":{"start":{"line":190,"column":6},"end":{"line":190,"column":51}},"70":{"start":{"line":191,"column":6},"end":{"line":191,"column":49}},"71":{"start":{"line":193,"column":6},"end":{"line":193,"column":48}},"72":{"start":{"line":195,"column":6},"end":{"line":195,"column":18}},"73":{"start":{"line":204,"column":4},"end":{"line":207,"column":5}},"74":{"start":{"line":205,"column":6},"end":{"line":205,"column":54}},"75":{"start":{"line":206,"column":6},"end":{"line":206,"column":13}},"76":{"start":{"line":209,"column":4},"end":{"line":211,"column":7}},"77":{"start":{"line":213,"column":4},"end":{"line":220,"column":32}},"78":{"start":{"line":214,"column":6},"end":{"line":219,"column":7}},"79":{"start":{"line":215,"column":8},"end":{"line":215,"column":33}},"80":{"start":{"line":218,"column":8},"end":{"line":218,"column":72}},"81":{"start":{"line":227,"column":4},"end":{"line":231,"column":5}},"82":{"start":{"line":228,"column":6},"end":{"line":228,"column":46}},"83":{"start":{"line":229,"column":6},"end":{"line":229,"column":40}},"84":{"start":{"line":230,"column":6},"end":{"line":230,"column":32}},"85":{"start":{"line":238,"column":4},"end":{"line":240,"column":5}},"86":{"start":{"line":239,"column":6},"end":{"line":239,"column":13}},"87":{"start":{"line":242,"column":4},"end":{"line":274,"column":5}},"88":{"start":{"line":244,"column":21},"end":{"line":244,"column":43}},"89":{"start":{"line":247,"column":6},"end":{"line":249,"column":7}},"90":{"start":{"line":248,"column":8},"end":{"line":248,"column":15}},"91":{"start":{"line":251,"column":6},"end":{"line":251,"column":74}},"92":{"start":{"line":254,"column":27},"end":{"line":254,"column":69}},"93":{"start":{"line":255,"column":6},"end":{"line":257,"column":7}},"94":{"start":{"line":256,"column":8},"end":{"line":256,"column":15}},"95":{"start":{"line":259,"column":6},"end":{"line":259,"column":36}},"96":{"start":{"line":262,"column":6},"end":{"line":264,"column":9}},"97":{"start":{"line":266,"column":6},"end":{"line":266,"column":24}},"98":{"start":{"line":268,"column":6},"end":{"line":270,"column":9}},"99":{"start":{"line":273,"column":6},"end":{"line":273,"column":62}},"100":{"start":{"line":284,"column":18},"end":{"line":284,"column":59}},"101":{"start":{"line":285,"column":4},"end":{"line":287,"column":5}},"102":{"start":{"line":286,"column":6},"end":{"line":286,"column":22}},"103":{"start":{"line":290,"column":19},"end":{"line":290,"column":36}},"104":{"start":{"line":291,"column":4},"end":{"line":291,"column":84}},"105":{"start":{"line":295,"column":4},"end":{"line":299,"column":6}},"106":{"start":{"line":306,"column":4},"end":{"line":306,"column":24}},"107":{"start":{"line":17,"column":0},"end":{"line":17,"column":13}}},"fnMap":{"0":{"name":"(anonymous_9)","decl":{"start":{"line":23,"column":2},"end":{"line":23,"column":null}},"loc":{"start":{"line":26,"column":40},"end":{"line":27,"column":6}}},"1":{"name":"(anonymous_10)","decl":{"start":{"line":32,"column":2},"end":{"line":32,"column":17}},"loc":{"start":{"line":32,"column":44},"end":{"line":34,"column":3}}},"2":{"name":"(anonymous_11)","decl":{"start":{"line":39,"column":2},"end":{"line":39,"column":7}},"loc":{"start":{"line":39,"column":42},"end":{"line":95,"column":3}}},"3":{"name":"(anonymous_12)","decl":{"start":{"line":100,"column":2},"end":{"line":100,"column":7}},"loc":{"start":{"line":100,"column":17},"end":{"line":134,"column":3}}},"4":{"name":"(anonymous_13)","decl":{"start":{"line":139,"column":2},"end":{"line":139,"column":7}},"loc":{"start":{"line":139,"column":12},"end":{"line":165,"column":3}}},"5":{"name":"(anonymous_14)","decl":{"start":{"line":170,"column":2},"end":{"line":170,"column":7}},"loc":{"start":{"line":170,"column":12},"end":{"line":197,"column":3}}},"6":{"name":"(anonymous_15)","decl":{"start":{"line":203,"column":2},"end":{"line":203,"column":15}},"loc":{"start":{"line":203,"column":15},"end":{"line":221,"column":3}}},"7":{"name":"(anonymous_16)","decl":{"start":{"line":213,"column":37},"end":{"line":213,"column":42}},"loc":{"start":{"line":213,"column":48},"end":{"line":220,"column":5}}},"8":{"name":"(anonymous_17)","decl":{"start":{"line":226,"column":2},"end":{"line":226,"column":14}},"loc":{"start":{"line":226,"column":14},"end":{"line":232,"column":3}}},"9":{"name":"(anonymous_18)","decl":{"start":{"line":237,"column":10},"end":{"line":237,"column":15}},"loc":{"start":{"line":237,"column":27},"end":{"line":275,"column":3}}},"10":{"name":"(anonymous_19)","decl":{"start":{"line":280,"column":10},"end":{"line":280,"column":25}},"loc":{"start":{"line":280,"column":43},"end":{"line":292,"column":3}}},"11":{"name":"(anonymous_20)","decl":{"start":{"line":294,"column":10},"end":{"line":294,"column":21}},"loc":{"start":{"line":294,"column":72},"end":{"line":300,"column":3}}},"12":{"name":"(anonymous_21)","decl":{"start":{"line":305,"column":2},"end":{"line":305,"column":9}},"loc":{"start":{"line":305,"column":9},"end":{"line":307,"column":3}}}},"branchMap":{"0":{"loc":{"start":{"line":57,"column":6},"end":{"line":65,"column":7}},"type":"if","locations":[{"start":{"line":57,"column":6},"end":{"line":65,"column":7}},{"start":{"line":61,"column":13},"end":{"line":65,"column":7}}]},"1":{"loc":{"start":{"line":78,"column":6},"end":{"line":81,"column":7}},"type":"if","locations":[{"start":{"line":78,"column":6},"end":{"line":81,"column":7}}]},"2":{"loc":{"start":{"line":101,"column":4},"end":{"line":113,"column":5}},"type":"if","locations":[{"start":{"line":101,"column":4},"end":{"line":113,"column":5}}]},"3":{"loc":{"start":{"line":103,"column":6},"end":{"line":112,"column":7}},"type":"if","locations":[{"start":{"line":103,"column":6},"end":{"line":112,"column":7}},{"start":{"line":106,"column":13},"end":{"line":112,"column":7}}]},"4":{"loc":{"start":{"line":140,"column":4},"end":{"line":146,"column":5}},"type":"if","locations":[{"start":{"line":140,"column":4},"end":{"line":146,"column":5}}]},"5":{"loc":{"start":{"line":150,"column":6},"end":{"line":156,"column":7}},"type":"if","locations":[{"start":{"line":150,"column":6},"end":{"line":156,"column":7}}]},"6":{"loc":{"start":{"line":171,"column":4},"end":{"line":177,"column":5}},"type":"if","locations":[{"start":{"line":171,"column":4},"end":{"line":177,"column":5}}]},"7":{"loc":{"start":{"line":181,"column":6},"end":{"line":187,"column":7}},"type":"if","locations":[{"start":{"line":181,"column":6},"end":{"line":187,"column":7}}]},"8":{"loc":{"start":{"line":204,"column":4},"end":{"line":207,"column":5}},"type":"if","locations":[{"start":{"line":204,"column":4},"end":{"line":207,"column":5}}]},"9":{"loc":{"start":{"line":227,"column":4},"end":{"line":231,"column":5}},"type":"if","locations":[{"start":{"line":227,"column":4},"end":{"line":231,"column":5}}]},"10":{"loc":{"start":{"line":238,"column":4},"end":{"line":240,"column":5}},"type":"if","locations":[{"start":{"line":238,"column":4},"end":{"line":240,"column":5}}]},"11":{"loc":{"start":{"line":247,"column":6},"end":{"line":249,"column":7}},"type":"if","locations":[{"start":{"line":247,"column":6},"end":{"line":249,"column":7}}]},"12":{"loc":{"start":{"line":255,"column":6},"end":{"line":257,"column":7}},"type":"if","locations":[{"start":{"line":255,"column":6},"end":{"line":257,"column":7}}]},"13":{"loc":{"start":{"line":285,"column":4},"end":{"line":287,"column":5}},"type":"if","locations":[{"start":{"line":285,"column":4},"end":{"line":287,"column":5}}]}},"s":{"0":0,"1":0,"2":0,"3":0,"4":0,"5":0,"6":0,"7":0,"8":0,"9":0,"10":0,"11":0,"12":0,"13":0,"14":0,"15":0,"16":0,"17":0,"18":0,"19":0,"20":0,"21":0,"22":0,"23":0,"24":0,"25":0,"26":0,"27":0,"28":0,"29":0,"30":0,"31":0,"32":0,"33":0,"34":0,"35":0,"36":0,"37":0,"38":0,"39":0,"40":0,"41":0,"42":0,"43":0,"44":0,"45":0,"46":0,"47":0,"48":0,"49":0,"50":0,"51":0,"52":0,"53":0,"54":0,"55":0,"56":0,"57":0,"58":0,"59":0,"60":0,"61":0,"62":0,"63":0,"64":0,"65":0,"66":0,"67":0,"68":0,"69":0,"70":0,"71":0,"72":0,"73":0,"74":0,"75":0,"76":0,"77":0,"78":0,"79":0,"80":0,"81":0,"82":0,"83":0,"84":0,"85":0,"86":0,"87":0,"88":0,"89":0,"90":0,"91":0,"92":0,"93":0,"94":0,"95":0,"96":0,"97":0,"98":0,"99":0,"100":0,"101":0,"102":0,"103":0,"104":0,"105":0,"106":0,"107":0},"f":{"0":0,"1":0,"2":0,"3":0,"4":0,"5":0,"6":0,"7":0,"8":0,"9":0,"10":0,"11":0,"12":0},"b":{"0":[0,0],"1":[0],"2":[0],"3":[0,0],"4":[0],"5":[0],"6":[0],"7":[0],"8":[0],"9":[0],"10":[0],"11":[0],"12":[0],"13":[0]}}
,"/Users/sca/Documents/repo/notegit/src/backend/utils/logger.ts": {"path":"/Users/sca/Documents/repo/notegit/src/backend/utils/logger.ts","statementMap":{"0":{"start":{"line":1,"column":0},"end":{"line":1,"column":35}},"1":{"start":{"line":2,"column":0},"end":{"line":2,"column":29}},"2":{"start":{"line":3,"column":0},"end":{"line":3,"column":31}},"3":{"start":{"line":6,"column":21},"end":{"line":6,"column":44}},"4":{"start":{"line":7,"column":16},"end":{"line":7,"column":47}},"5":{"start":{"line":10,"column":13},"end":{"line":34,"column":3}},"6":{"start":{"line":37,"column":0},"end":{"line":43,"column":1}},"7":{"start":{"line":38,"column":2},"end":{"line":42,"column":4}},"8":{"start":{"line":45,"column":0},"end":{"line":45,"column":22}}},"fnMap":{},"branchMap":{"0":{"loc":{"start":{"line":11,"column":9},"end":{"line":11,"column":66}},"type":"cond-expr","locations":[{"start":{"line":11,"column":50},"end":{"line":11,"column":57}},{"start":{"line":11,"column":60},"end":{"line":11,"column":66}}]},"1":{"loc":{"start":{"line":37,"column":0},"end":{"line":43,"column":1}},"type":"if","locations":[{"start":{"line":37,"column":0},"end":{"line":43,"column":1}}]}},"s":{"0":8,"1":8,"2":8,"3":8,"4":8,"5":8,"6":8,"7":0,"8":8},"f":{},"b":{"0":[0,8],"1":[0]}}
}
