TN:
SF:src/backend/adapters/CryptoAdapter.ts
FN:14,(anonymous_9)
FN:26,(anonymous_10)
FN:62,(anonymous_11)
FNF:3
FNH:3
FNDA:16,(anonymous_9)
FNDA:23,(anonymous_10)
FNDA:18,(anonymous_11)
DA:1,2
DA:2,2
DA:4,2
DA:5,2
DA:6,2
DA:7,2
DA:8,2
DA:9,2
DA:11,2
DA:17,16
DA:18,16
DA:28,23
DA:31,23
DA:34,23
DA:37,23
DA:40,23
DA:41,23
DA:44,23
DA:47,23
DA:54,23
DA:64,18
DA:67,18
DA:68,18
DA:69,18
DA:73,18
DA:76,18
DA:79,18
DA:80,17
DA:83,17
DA:84,17
DA:86,16
LF:31
LH:31
BRF:0
BRH:0
end_of_record
TN:
SF:src/backend/adapters/FsAdapter.ts
FN:8,(anonymous_9)
FN:26,(anonymous_10)
FN:44,(anonymous_11)
FN:66,(anonymous_12)
FN:88,(anonymous_13)
FN:111,(anonymous_14)
FN:133,(anonymous_15)
FN:144,(anonymous_16)
FN:153,(anonymous_17)
FN:177,(anonymous_18)
FN:181,(anonymous_19)
FNF:11
FNH:9
FNDA:4,(anonymous_9)
FNDA:3,(anonymous_10)
FNDA:2,(anonymous_11)
FNDA:2,(anonymous_12)
FNDA:9,(anonymous_13)
FNDA:2,(anonymous_14)
FNDA:0,(anonymous_15)
FNDA:2,(anonymous_16)
FNDA:3,(anonymous_17)
FNDA:0,(anonymous_18)
FNDA:9,(anonymous_19)
DA:1,3
DA:2,3
DA:3,3
DA:5,3
DA:7,3
DA:9,4
DA:10,4
DA:12,3
DA:13,1
DA:15,2
DA:16,1
DA:22,1
DA:27,3
DA:29,3
DA:30,3
DA:31,3
DA:33,1
DA:34,1
DA:40,0
DA:45,2
DA:46,2
DA:48,1
DA:49,1
DA:51,0
DA:52,0
DA:58,0
DA:67,2
DA:68,2
DA:70,1
DA:71,1
DA:73,0
DA:74,0
DA:80,0
DA:89,9
DA:90,9
DA:92,2
DA:94,1
DA:96,1
DA:97,1
DA:103,0
DA:112,2
DA:113,2
DA:115,1
DA:116,1
DA:118,0
DA:119,0
DA:125,0
DA:134,0
DA:135,0
DA:137,0
DA:138,0
DA:140,0
DA:145,2
DA:146,2
DA:147,1
DA:149,1
DA:154,3
DA:155,3
DA:156,3
DA:157,3
DA:159,1
DA:160,1
DA:162,0
DA:163,0
DA:169,0
DA:178,0
DA:182,9
LF:67
LH:47
BRDA:12,0,0,1
BRDA:15,1,0,1
BRDA:33,2,0,1
BRDA:48,3,0,1
BRDA:51,4,0,0
BRDA:70,5,0,1
BRDA:73,6,0,0
BRDA:92,7,0,1
BRDA:96,8,0,1
BRDA:115,9,0,1
BRDA:118,10,0,0
BRDA:137,11,0,0
BRDA:159,12,0,1
BRDA:162,13,0,0
BRF:14
BRH:9
end_of_record
TN:
SF:src/backend/adapters/GitAdapter.ts
FN:9,(anonymous_1)
FN:16,(anonymous_2)
FN:30,(anonymous_3)
FN:39,(anonymous_4)
FN:78,(anonymous_5)
FN:98,(anonymous_6)
FN:141,(anonymous_7)
FN:176,(anonymous_8)
FN:191,(anonymous_9)
FN:210,(anonymous_10)
FN:229,(anonymous_11)
FN:254,(anonymous_12)
FN:274,(anonymous_13)
FN:299,(anonymous_14)
FN:317,(anonymous_15)
FN:329,(anonymous_16)
FN:335,(anonymous_17)
FN:345,(anonymous_18)
FNF:18
FNH:16
FNDA:21,(anonymous_1)
FNDA:1,(anonymous_2)
FNDA:17,(anonymous_3)
FNDA:3,(anonymous_4)
FNDA:3,(anonymous_5)
FNDA:3,(anonymous_6)
FNDA:2,(anonymous_7)
FNDA:1,(anonymous_8)
FNDA:1,(anonymous_9)
FNDA:1,(anonymous_10)
FNDA:2,(anonymous_11)
FNDA:1,(anonymous_12)
FNDA:1,(anonymous_13)
FNDA:0,(anonymous_14)
FNDA:0,(anonymous_15)
FNDA:2,(anonymous_16)
FNDA:15,(anonymous_17)
FNDA:3,(anonymous_18)
DA:1,3
DA:2,3
DA:3,3
DA:4,3
DA:5,3
DA:7,3
DA:9,3
DA:10,21
DA:11,21
DA:17,1
DA:18,1
DA:19,1
DA:20,1
DA:22,0
DA:23,0
DA:31,17
DA:32,17
DA:33,17
DA:40,3
DA:41,3
DA:44,3
DA:45,3
DA:47,2
DA:50,3
DA:53,2
DA:55,2
DA:57,1
DA:59,1
DA:60,1
DA:67,0
DA:79,3
DA:81,2
DA:82,2
DA:83,2
DA:84,2
DA:86,0
DA:87,0
DA:99,3
DA:101,3
DA:102,3
DA:105,3
DA:106,1
DA:109,3
DA:110,2
DA:112,1
DA:114,1
DA:115,0
DA:122,1
DA:123,0
DA:130,1
DA:142,2
DA:144,2
DA:145,2
DA:148,2
DA:149,1
DA:152,2
DA:153,2
DA:155,0
DA:157,0
DA:158,0
DA:165,0
DA:177,1
DA:179,1
DA:180,1
DA:181,1
DA:183,0
DA:184,0
DA:192,1
DA:194,1
DA:195,1
DA:196,1
DA:198,0
DA:199,0
DA:211,1
DA:213,1
DA:214,1
DA:215,1
DA:217,0
DA:218,0
DA:230,2
DA:232,2
DA:233,2
DA:238,2
DA:239,2
DA:240,2
DA:242,0
DA:243,0
DA:255,1
DA:257,1
DA:258,1
DA:259,1
DA:260,1
DA:262,0
DA:263,0
DA:275,1
DA:277,1
DA:278,1
DA:279,1
DA:280,1
DA:283,1
DA:284,1
DA:285,1
DA:287,0
DA:288,0
DA:300,0
DA:302,0
DA:303,0
DA:304,0
DA:309,0
DA:310,0
DA:318,0
DA:320,0
DA:321,0
DA:322,0
DA:324,0
DA:325,0
DA:332,2
DA:336,15
DA:337,1
DA:346,3
LF:120
LH:85
BRDA:45,0,0,2
BRDA:45,1,0,3
BRDA:45,1,1,2
BRDA:59,2,0,1
BRDA:105,3,0,1
BRDA:114,4,0,0
BRDA:114,5,0,1
BRDA:114,5,1,1
BRDA:122,6,0,0
BRDA:148,7,0,1
BRDA:157,8,0,0
BRDA:157,9,0,0
BRDA:157,9,1,0
BRDA:279,10,0,1
BRDA:322,11,0,0
BRDA:322,11,1,0
BRDA:336,12,0,1
BRDA:336,13,0,15
BRDA:336,13,1,14
BRF:19
BRH:12
end_of_record
TN:
SF:src/backend/handlers/configHandlers.ts
FN:13,registerConfigHandlers
FN:18,(anonymous_1)
FN:40,(anonymous_2)
FN:62,(anonymous_3)
FN:82,(anonymous_4)
FNF:5
FNH:0
FNDA:0,registerConfigHandlers
FNDA:0,(anonymous_1)
FNDA:0,(anonymous_2)
FNDA:0,(anonymous_3)
FNDA:0,(anonymous_4)
DA:2,0
DA:11,0
DA:13,0
DA:18,0
DA:19,0
DA:20,0
DA:21,0
DA:26,0
DA:27,0
DA:38,0
DA:41,0
DA:42,0
DA:43,0
DA:47,0
DA:48,0
DA:60,0
DA:63,0
DA:64,0
DA:65,0
DA:69,0
DA:70,0
DA:82,0
DA:83,0
DA:84,0
DA:85,0
DA:90,0
DA:91,0
LF:27
LH:0
BRF:0
BRH:0
end_of_record
TN:
SF:src/backend/handlers/filesHandlers.ts
FN:11,registerFilesHandlers
FN:12,(anonymous_1)
FN:34,(anonymous_2)
FN:58,(anonymous_3)
FN:82,(anonymous_4)
FN:106,(anonymous_5)
FN:130,(anonymous_6)
FN:152,(anonymous_7)
FN:175,(anonymous_8)
FN:199,(anonymous_9)
FNF:10
FNH:0
FNDA:0,registerFilesHandlers
FNDA:0,(anonymous_1)
FNDA:0,(anonymous_2)
FNDA:0,(anonymous_3)
FNDA:0,(anonymous_4)
FNDA:0,(anonymous_5)
FNDA:0,(anonymous_6)
FNDA:0,(anonymous_7)
FNDA:0,(anonymous_8)
FNDA:0,(anonymous_9)
DA:2,0
DA:9,0
DA:11,0
DA:12,0
DA:13,0
DA:14,0
DA:15,0
DA:20,0
DA:21,0
DA:34,0
DA:35,0
DA:36,0
DA:37,0
DA:42,0
DA:43,0
DA:56,0
DA:59,0
DA:60,0
DA:61,0
DA:65,0
DA:66,0
DA:80,0
DA:83,0
DA:84,0
DA:85,0
DA:89,0
DA:90,0
DA:104,0
DA:107,0
DA:108,0
DA:109,0
DA:113,0
DA:114,0
DA:128,0
DA:131,0
DA:132,0
DA:133,0
DA:137,0
DA:138,0
DA:152,0
DA:153,0
DA:154,0
DA:155,0
DA:159,0
DA:160,0
DA:173,0
DA:176,0
DA:177,0
DA:178,0
DA:182,0
DA:183,0
DA:197,0
DA:200,0
DA:201,0
DA:202,0
DA:206,0
DA:207,0
LF:57
LH:0
BRDA:23,0,0,0
BRDA:23,0,1,0
BRDA:27,1,0,0
BRDA:27,1,1,0
BRDA:45,2,0,0
BRDA:45,2,1,0
BRDA:49,3,0,0
BRDA:49,3,1,0
BRDA:68,4,0,0
BRDA:68,4,1,0
BRDA:72,5,0,0
BRDA:72,5,1,0
BRDA:92,6,0,0
BRDA:92,6,1,0
BRDA:96,7,0,0
BRDA:96,7,1,0
BRDA:116,8,0,0
BRDA:116,8,1,0
BRDA:120,9,0,0
BRDA:120,9,1,0
BRDA:140,10,0,0
BRDA:140,10,1,0
BRDA:144,11,0,0
BRDA:144,11,1,0
BRDA:162,12,0,0
BRDA:162,12,1,0
BRDA:166,13,0,0
BRDA:166,13,1,0
BRDA:185,14,0,0
BRDA:185,14,1,0
BRDA:189,15,0,0
BRDA:189,15,1,0
BRDA:209,16,0,0
BRDA:209,16,1,0
BRDA:213,17,0,0
BRDA:213,17,1,0
BRF:36
BRH:0
end_of_record
TN:
SF:src/backend/handlers/historyHandlers.ts
FN:11,registerHistoryHandlers
FN:14,(anonymous_1)
FN:39,(anonymous_2)
FN:64,(anonymous_3)
FNF:4
FNH:0
FNDA:0,registerHistoryHandlers
FNDA:0,(anonymous_1)
FNDA:0,(anonymous_2)
FNDA:0,(anonymous_3)
DA:2,0
DA:9,0
DA:11,0
DA:12,0
DA:15,0
DA:16,0
DA:17,0
DA:22,0
DA:23,0
DA:37,0
DA:40,0
DA:41,0
DA:42,0
DA:47,0
DA:48,0
DA:62,0
DA:65,0
DA:66,0
DA:67,0
DA:72,0
DA:73,0
LF:21
LH:0
BRDA:25,0,0,0
BRDA:25,0,1,0
BRDA:29,1,0,0
BRDA:29,1,1,0
BRDA:50,2,0,0
BRDA:50,2,1,0
BRDA:54,3,0,0
BRDA:54,3,1,0
BRDA:75,4,0,0
BRDA:75,4,1,0
BRDA:79,5,0,0
BRDA:79,5,1,0
BRF:12
BRH:0
end_of_record
TN:
SF:src/backend/handlers/repoHandlers.ts
FN:12,registerRepoHandlers
FN:15,(anonymous_1)
FN:38,(anonymous_2)
FN:60,(anonymous_3)
FN:81,(anonymous_4)
FN:102,(anonymous_5)
FNF:6
FNH:0
FNDA:0,registerRepoHandlers
FNDA:0,(anonymous_1)
FNDA:0,(anonymous_2)
FNDA:0,(anonymous_3)
FNDA:0,(anonymous_4)
FNDA:0,(anonymous_5)
DA:2,0
DA:10,0
DA:12,0
DA:13,0
DA:16,0
DA:17,0
DA:18,0
DA:23,0
DA:24,0
DA:38,0
DA:39,0
DA:40,0
DA:41,0
DA:46,0
DA:47,0
DA:60,0
DA:61,0
DA:62,0
DA:63,0
DA:67,0
DA:68,0
DA:81,0
DA:82,0
DA:83,0
DA:84,0
DA:88,0
DA:89,0
DA:102,0
DA:103,0
DA:104,0
DA:105,0
DA:109,0
DA:110,0
LF:33
LH:0
BRDA:26,0,0,0
BRDA:26,0,1,0
BRDA:30,1,0,0
BRDA:30,1,1,0
BRDA:49,2,0,0
BRDA:49,2,1,0
BRDA:53,3,0,0
BRDA:53,3,1,0
BRDA:70,4,0,0
BRDA:70,4,1,0
BRDA:74,5,0,0
BRDA:74,5,1,0
BRDA:91,6,0,0
BRDA:91,6,1,0
BRDA:95,7,0,0
BRDA:95,7,1,0
BRDA:114,8,0,0
BRDA:114,8,1,0
BRF:18
BRH:0
end_of_record
TN:
SF:src/backend/services/ConfigService.ts
FN:21,(anonymous_9)
FN:31,(anonymous_10)
FN:35,(anonymous_11)
FN:51,(anonymous_12)
FN:68,(anonymous_13)
FN:80,(anonymous_14)
FN:101,(anonymous_15)
FN:120,(anonymous_16)
FN:135,(anonymous_17)
FN:145,(anonymous_18)
FNF:10
FNH:9
FNDA:11,(anonymous_9)
FNDA:7,(anonymous_10)
FNDA:4,(anonymous_11)
FNDA:6,(anonymous_12)
FNDA:2,(anonymous_13)
FNDA:6,(anonymous_14)
FNDA:1,(anonymous_15)
FNDA:4,(anonymous_16)
FNDA:0,(anonymous_17)
FNDA:2,(anonymous_18)
DA:1,3
DA:2,3
DA:5,3
DA:13,3
DA:15,3
DA:22,11
DA:23,11
DA:25,11
DA:26,11
DA:27,11
DA:28,11
DA:32,7
DA:36,4
DA:38,4
DA:40,4
DA:41,4
DA:42,4
DA:44,4
DA:52,6
DA:53,6
DA:54,3
DA:55,3
DA:56,3
DA:58,3
DA:61,0
DA:65,3
DA:69,2
DA:71,2
DA:73,2
DA:74,2
DA:76,2
DA:77,2
DA:81,6
DA:82,6
DA:83,1
DA:84,1
DA:87,1
DA:88,1
DA:91,1
DA:92,1
DA:95,0
DA:98,5
DA:102,1
DA:108,1
DA:111,1
DA:112,1
DA:113,1
DA:116,1
DA:117,1
DA:121,4
DA:122,4
DA:123,0
DA:124,0
DA:125,0
DA:126,0
DA:129,0
DA:132,4
DA:136,0
DA:138,0
DA:139,0
DA:141,0
DA:142,0
DA:146,2
DA:148,2
DA:149,1
LF:65
LH:53
BRDA:53,0,0,3
BRDA:82,1,0,1
BRDA:87,2,0,1
BRDA:112,3,0,1
BRDA:122,4,0,0
BRDA:148,5,0,1
BRF:6
BRH:5
end_of_record
TN:
SF:src/backend/services/FilesService.ts
FN:18,(anonymous_9)
FN:26,(anonymous_10)
FN:33,(anonymous_11)
FN:44,(anonymous_12)
FN:62,(anonymous_13)
FN:88,(anonymous_14)
FN:105,(anonymous_15)
FN:136,(anonymous_16)
FN:160,(anonymous_17)
FN:178,(anonymous_18)
FN:204,(anonymous_19)
FN:222,(anonymous_20)
FN:239,(anonymous_21)
FN:260,(anonymous_22)
FN:306,(anonymous_23)
FN:319,(anonymous_24)
FN:380,(anonymous_25)
FN:393,(anonymous_26)
FN:407,(anonymous_27)
FNF:19
FNH:17
FNDA:20,(anonymous_9)
FNDA:20,(anonymous_10)
FNDA:13,(anonymous_11)
FNDA:3,(anonymous_12)
FNDA:1,(anonymous_13)
FNDA:1,(anonymous_14)
FNDA:1,(anonymous_15)
FNDA:2,(anonymous_16)
FNDA:1,(anonymous_17)
FNDA:2,(anonymous_18)
FNDA:1,(anonymous_19)
FNDA:0,(anonymous_20)
FNDA:1,(anonymous_21)
FNDA:5,(anonymous_22)
FNDA:6,(anonymous_23)
FNDA:24,(anonymous_24)
FNDA:5,(anonymous_25)
FNDA:12,(anonymous_26)
FNDA:0,(anonymous_27)
DA:1,1
DA:5,1
DA:12,1
DA:14,1
DA:15,20
DA:16,20
DA:19,20
DA:20,20
DA:27,20
DA:34,13
DA:35,13
DA:36,13
DA:37,13
DA:45,3
DA:47,3
DA:49,3
DA:50,3
DA:51,3
DA:52,3
DA:54,0
DA:55,0
DA:63,1
DA:65,1
DA:67,1
DA:68,1
DA:69,1
DA:70,1
DA:72,1
DA:80,0
DA:81,0
DA:89,1
DA:91,1
DA:93,1
DA:94,1
DA:95,1
DA:97,0
DA:98,0
DA:106,1
DA:108,1
DA:109,0
DA:116,1
DA:118,1
DA:121,1
DA:124,1
DA:126,1
DA:128,0
DA:129,0
DA:137,2
DA:139,2
DA:140,2
DA:142,2
DA:144,2
DA:145,2
DA:146,1
DA:149,2
DA:150,2
DA:152,0
DA:153,0
DA:161,1
DA:163,1
DA:164,1
DA:166,1
DA:167,1
DA:168,1
DA:170,0
DA:171,0
DA:179,2
DA:181,2
DA:183,2
DA:184,2
DA:186,2
DA:189,1
DA:191,1
DA:194,2
DA:196,0
DA:197,0
DA:205,1
DA:207,1
DA:208,1
DA:210,1
DA:211,1
DA:212,1
DA:214,0
DA:215,0
DA:223,0
DA:225,0
DA:227,0
DA:228,0
DA:229,0
DA:231,0
DA:232,0
DA:240,1
DA:242,1
DA:243,1
DA:244,1
DA:246,1
DA:247,0
DA:249,1
DA:254,1
DA:261,5
DA:262,5
DA:264,5
DA:266,10
DA:267,2
DA:270,8
DA:271,8
DA:273,8
DA:274,8
DA:276,8
DA:278,2
DA:280,2
DA:290,6
DA:292,6
DA:301,0
DA:306,5
DA:307,6
DA:308,4
DA:310,2
DA:313,5
DA:320,24
DA:323,24
DA:324,9
DA:328,15
DA:329,4
DA:333,11
DA:334,1
DA:338,10
DA:339,1
DA:343,9
DA:366,4
DA:370,5
DA:371,3
DA:374,2
DA:381,5
DA:382,5
DA:383,8
DA:384,2
DA:387,5
DA:394,12
DA:395,12
DA:398,12
DA:399,0
DA:408,0
LF:143
LH:115
BRDA:35,0,0,13
BRDA:108,1,0,0
BRDA:139,2,0,2
BRDA:139,2,1,0
BRDA:145,3,0,1
BRDA:163,4,0,1
BRDA:163,4,1,0
BRDA:186,5,0,1
BRDA:186,5,1,1
BRDA:246,6,0,0
BRDA:246,6,1,1
BRDA:260,7,0,3
BRDA:266,8,0,2
BRDA:271,9,0,2
BRDA:271,9,1,6
BRDA:276,10,0,2
BRDA:276,10,1,6
BRDA:307,11,0,4
BRDA:308,12,0,1
BRDA:308,12,1,3
BRDA:323,13,0,9
BRDA:323,14,0,24
BRDA:323,14,1,16
BRDA:328,15,0,4
BRDA:333,16,0,1
BRDA:338,17,0,1
BRDA:343,18,0,4
BRDA:370,19,0,3
BRDA:383,20,0,2
BRDA:394,21,0,12
BRDA:398,22,0,0
BRF:31
BRH:26
end_of_record
TN:
SF:src/backend/services/HistoryService.ts
FN:15,(anonymous_0)
FN:23,(anonymous_1)
FN:35,(anonymous_2)
FN:41,(anonymous_3)
FN:58,(anonymous_4)
FN:73,(anonymous_5)
FN:130,(anonymous_6)
FN:144,(anonymous_7)
FNF:8
FNH:7
FNDA:7,(anonymous_0)
FNDA:7,(anonymous_1)
FNDA:2,(anonymous_2)
FNDA:2,(anonymous_3)
FNDA:1,(anonymous_4)
FNDA:3,(anonymous_5)
FNDA:6,(anonymous_6)
FNDA:0,(anonymous_7)
DA:3,1
DA:10,1
DA:12,1
DA:13,7
DA:16,7
DA:17,7
DA:24,7
DA:25,7
DA:26,7
DA:27,7
DA:28,7
DA:36,2
DA:38,2
DA:39,2
DA:41,2
DA:50,0
DA:51,0
DA:59,1
DA:61,1
DA:62,1
DA:63,1
DA:65,0
DA:66,0
DA:74,3
DA:76,3
DA:77,3
DA:80,3
DA:81,3
DA:83,3
DA:85,3
DA:87,21
DA:88,21
DA:89,3
DA:90,1
DA:92,3
DA:99,3
DA:102,18
DA:104,12
DA:105,5
DA:106,7
DA:107,3
DA:109,4
DA:112,12
DA:119,3
DA:120,2
DA:123,3
DA:125,0
DA:126,0
DA:131,6
DA:132,6
DA:135,6
DA:136,0
DA:145,0
LF:53
LH:45
BRDA:25,0,0,7
BRDA:88,1,0,3
BRDA:89,2,0,1
BRDA:102,3,0,12
BRDA:104,4,0,5
BRDA:104,4,1,7
BRDA:106,5,0,3
BRDA:106,5,1,4
BRDA:119,6,0,2
BRDA:131,7,0,6
BRDA:135,8,0,0
BRF:11
BRH:10
end_of_record
TN:
SF:src/backend/services/RepoService.ts
FN:23,(anonymous_9)
FN:32,(anonymous_10)
FN:39,(anonymous_11)
FN:100,(anonymous_12)
FN:139,(anonymous_13)
FN:170,(anonymous_14)
FN:203,(anonymous_15)
FN:213,(anonymous_16)
FN:226,(anonymous_17)
FN:237,(anonymous_18)
FN:280,(anonymous_19)
FN:294,(anonymous_20)
FN:305,(anonymous_21)
FNF:13
FNH:0
FNDA:0,(anonymous_9)
FNDA:0,(anonymous_10)
FNDA:0,(anonymous_11)
FNDA:0,(anonymous_12)
FNDA:0,(anonymous_13)
FNDA:0,(anonymous_14)
FNDA:0,(anonymous_15)
FNDA:0,(anonymous_16)
FNDA:0,(anonymous_17)
FNDA:0,(anonymous_18)
FNDA:0,(anonymous_19)
FNDA:0,(anonymous_20)
FNDA:0,(anonymous_21)
DA:1,0
DA:2,0
DA:7,0
DA:15,0
DA:17,0
DA:18,0
DA:19,0
DA:20,0
DA:21,0
DA:24,0
DA:25,0
DA:26,0
DA:33,0
DA:40,0
DA:46,0
DA:47,0
DA:50,0
DA:51,0
DA:53,0
DA:55,0
DA:57,0
DA:59,0
DA:60,0
DA:63,0
DA:64,0
DA:67,0
DA:70,0
DA:71,0
DA:74,0
DA:77,0
DA:78,0
DA:79,0
DA:80,0
DA:84,0
DA:86,0
DA:92,0
DA:93,0
DA:101,0
DA:102,0
DA:103,0
DA:104,0
DA:105,0
DA:107,0
DA:115,0
DA:116,0
DA:117,0
DA:118,0
DA:120,0
DA:128,0
DA:129,0
DA:131,0
DA:132,0
DA:140,0
DA:141,0
DA:148,0
DA:149,0
DA:150,0
DA:151,0
DA:158,0
DA:159,0
DA:160,0
DA:162,0
DA:163,0
DA:171,0
DA:172,0
DA:179,0
DA:180,0
DA:181,0
DA:182,0
DA:189,0
DA:190,0
DA:191,0
DA:193,0
DA:195,0
DA:204,0
DA:205,0
DA:206,0
DA:209,0
DA:213,0
DA:214,0
DA:215,0
DA:218,0
DA:227,0
DA:228,0
DA:229,0
DA:230,0
DA:238,0
DA:239,0
DA:242,0
DA:244,0
DA:247,0
DA:248,0
DA:251,0
DA:254,0
DA:255,0
DA:256,0
DA:259,0
DA:262,0
DA:266,0
DA:268,0
DA:273,0
DA:284,0
DA:285,0
DA:286,0
DA:290,0
DA:291,0
DA:295,0
DA:306,0
LF:108
LH:0
BRDA:57,0,0,0
BRDA:57,0,1,0
BRDA:78,1,0,0
BRDA:101,2,0,0
BRDA:103,3,0,0
BRDA:103,3,1,0
BRDA:140,4,0,0
BRDA:150,5,0,0
BRDA:171,6,0,0
BRDA:181,7,0,0
BRDA:204,8,0,0
BRDA:227,9,0,0
BRDA:238,10,0,0
BRDA:247,11,0,0
BRDA:255,12,0,0
BRDA:285,13,0,0
BRF:16
BRH:0
end_of_record
TN:
SF:src/backend/utils/logger.ts
FNF:0
FNH:0
DA:1,8
DA:2,8
DA:3,8
DA:6,8
DA:7,8
DA:10,8
DA:37,8
DA:38,0
DA:45,8
LF:9
LH:8
BRDA:11,0,0,0
BRDA:11,0,1,8
BRDA:37,1,0,0
BRF:3
BRH:1
end_of_record
