TN:
SF:src/backend/adapters/CryptoAdapter.ts
FN:14,(anonymous_9)
FN:26,(anonymous_10)
FN:62,(anonymous_11)
FNF:3
FNH:0
FNDA:0,(anonymous_9)
FNDA:0,(anonymous_10)
FNDA:0,(anonymous_11)
DA:1,0
DA:2,0
DA:4,0
DA:5,0
DA:6,0
DA:7,0
DA:8,0
DA:9,0
DA:11,0
DA:17,0
DA:18,0
DA:28,0
DA:31,0
DA:34,0
DA:37,0
DA:40,0
DA:41,0
DA:44,0
DA:47,0
DA:54,0
DA:64,0
DA:67,0
DA:68,0
DA:69,0
DA:73,0
DA:76,0
DA:79,0
DA:80,0
DA:83,0
DA:84,0
DA:86,0
LF:31
LH:0
BRF:0
BRH:0
end_of_record
TN:
SF:src/backend/adapters/FsAdapter.ts
FN:8,(anonymous_9)
FN:26,(anonymous_10)
FN:44,(anonymous_11)
FN:66,(anonymous_12)
FN:88,(anonymous_13)
FN:111,(anonymous_14)
FN:133,(anonymous_15)
FN:155,(anonymous_16)
FN:166,(anonymous_17)
FN:175,(anonymous_18)
FN:199,(anonymous_19)
FN:203,(anonymous_20)
FNF:12
FNH:0
FNDA:0,(anonymous_9)
FNDA:0,(anonymous_10)
FNDA:0,(anonymous_11)
FNDA:0,(anonymous_12)
FNDA:0,(anonymous_13)
FNDA:0,(anonymous_14)
FNDA:0,(anonymous_15)
FNDA:0,(anonymous_16)
FNDA:0,(anonymous_17)
FNDA:0,(anonymous_18)
FNDA:0,(anonymous_19)
FNDA:0,(anonymous_20)
DA:1,0
DA:2,0
DA:3,0
DA:5,0
DA:7,0
DA:9,0
DA:10,0
DA:12,0
DA:13,0
DA:15,0
DA:16,0
DA:22,0
DA:27,0
DA:29,0
DA:30,0
DA:31,0
DA:33,0
DA:34,0
DA:40,0
DA:45,0
DA:46,0
DA:48,0
DA:49,0
DA:51,0
DA:52,0
DA:58,0
DA:67,0
DA:68,0
DA:70,0
DA:71,0
DA:73,0
DA:74,0
DA:80,0
DA:89,0
DA:90,0
DA:92,0
DA:94,0
DA:96,0
DA:97,0
DA:103,0
DA:112,0
DA:113,0
DA:115,0
DA:116,0
DA:118,0
DA:119,0
DA:125,0
DA:134,0
DA:135,0
DA:137,0
DA:138,0
DA:140,0
DA:141,0
DA:147,0
DA:156,0
DA:157,0
DA:159,0
DA:160,0
DA:162,0
DA:167,0
DA:168,0
DA:169,0
DA:171,0
DA:176,0
DA:177,0
DA:178,0
DA:179,0
DA:181,0
DA:182,0
DA:184,0
DA:185,0
DA:191,0
DA:200,0
DA:204,0
LF:74
LH:0
BRDA:12,0,0,0
BRDA:15,1,0,0
BRDA:33,2,0,0
BRDA:48,3,0,0
BRDA:51,4,0,0
BRDA:70,5,0,0
BRDA:73,6,0,0
BRDA:92,7,0,0
BRDA:96,8,0,0
BRDA:113,9,0,0
BRDA:113,9,1,0
BRDA:115,10,0,0
BRDA:118,11,0,0
BRDA:137,12,0,0
BRDA:140,13,0,0
BRDA:159,14,0,0
BRDA:181,15,0,0
BRDA:184,16,0,0
BRF:18
BRH:0
end_of_record
TN:
SF:src/backend/adapters/GitAdapter.ts
FN:9,(anonymous_1)
FN:16,(anonymous_2)
FN:30,(anonymous_3)
FN:39,(anonymous_4)
FN:78,(anonymous_5)
FN:98,(anonymous_6)
FN:141,(anonymous_7)
FN:176,(anonymous_8)
FN:191,(anonymous_9)
FN:210,(anonymous_10)
FN:229,(anonymous_11)
FN:248,(anonymous_12)
FN:273,(anonymous_13)
FN:293,(anonymous_14)
FN:318,(anonymous_15)
FN:336,(anonymous_16)
FN:348,(anonymous_17)
FN:354,(anonymous_18)
FN:364,(anonymous_19)
FNF:19
FNH:0
FNDA:0,(anonymous_1)
FNDA:0,(anonymous_2)
FNDA:0,(anonymous_3)
FNDA:0,(anonymous_4)
FNDA:0,(anonymous_5)
FNDA:0,(anonymous_6)
FNDA:0,(anonymous_7)
FNDA:0,(anonymous_8)
FNDA:0,(anonymous_9)
FNDA:0,(anonymous_10)
FNDA:0,(anonymous_11)
FNDA:0,(anonymous_12)
FNDA:0,(anonymous_13)
FNDA:0,(anonymous_14)
FNDA:0,(anonymous_15)
FNDA:0,(anonymous_16)
FNDA:0,(anonymous_17)
FNDA:0,(anonymous_18)
FNDA:0,(anonymous_19)
DA:1,0
DA:2,0
DA:3,0
DA:4,0
DA:5,0
DA:7,0
DA:9,0
DA:10,0
DA:11,0
DA:17,0
DA:18,0
DA:19,0
DA:20,0
DA:22,0
DA:23,0
DA:31,0
DA:32,0
DA:33,0
DA:40,0
DA:41,0
DA:44,0
DA:45,0
DA:47,0
DA:50,0
DA:53,0
DA:55,0
DA:57,0
DA:59,0
DA:60,0
DA:67,0
DA:79,0
DA:81,0
DA:82,0
DA:83,0
DA:84,0
DA:86,0
DA:87,0
DA:99,0
DA:101,0
DA:102,0
DA:105,0
DA:106,0
DA:109,0
DA:110,0
DA:112,0
DA:114,0
DA:115,0
DA:122,0
DA:123,0
DA:130,0
DA:142,0
DA:144,0
DA:145,0
DA:148,0
DA:149,0
DA:152,0
DA:153,0
DA:155,0
DA:157,0
DA:158,0
DA:165,0
DA:177,0
DA:179,0
DA:180,0
DA:181,0
DA:183,0
DA:184,0
DA:192,0
DA:194,0
DA:195,0
DA:196,0
DA:198,0
DA:199,0
DA:211,0
DA:213,0
DA:214,0
DA:215,0
DA:217,0
DA:218,0
DA:230,0
DA:232,0
DA:233,0
DA:234,0
DA:236,0
DA:237,0
DA:249,0
DA:251,0
DA:252,0
DA:257,0
DA:258,0
DA:259,0
DA:261,0
DA:262,0
DA:274,0
DA:276,0
DA:277,0
DA:278,0
DA:279,0
DA:281,0
DA:282,0
DA:294,0
DA:296,0
DA:297,0
DA:298,0
DA:299,0
DA:302,0
DA:303,0
DA:304,0
DA:306,0
DA:307,0
DA:319,0
DA:321,0
DA:322,0
DA:323,0
DA:328,0
DA:329,0
DA:337,0
DA:339,0
DA:340,0
DA:341,0
DA:343,0
DA:344,0
DA:351,0
DA:355,0
DA:356,0
DA:365,0
LF:126
LH:0
BRDA:45,0,0,0
BRDA:45,1,0,0
BRDA:45,1,1,0
BRDA:59,2,0,0
BRDA:105,3,0,0
BRDA:114,4,0,0
BRDA:114,5,0,0
BRDA:114,5,1,0
BRDA:122,6,0,0
BRDA:148,7,0,0
BRDA:157,8,0,0
BRDA:157,9,0,0
BRDA:157,9,1,0
BRDA:229,10,0,0
BRDA:298,11,0,0
BRDA:341,12,0,0
BRDA:341,12,1,0
BRDA:355,13,0,0
BRDA:355,14,0,0
BRDA:355,14,1,0
BRF:20
BRH:0
end_of_record
TN:
SF:src/backend/handlers/configHandlers.ts
FN:13,registerConfigHandlers
FN:18,(anonymous_1)
FN:40,(anonymous_2)
FN:62,(anonymous_3)
FN:82,(anonymous_4)
FNF:5
FNH:0
FNDA:0,registerConfigHandlers
FNDA:0,(anonymous_1)
FNDA:0,(anonymous_2)
FNDA:0,(anonymous_3)
FNDA:0,(anonymous_4)
DA:2,0
DA:11,0
DA:13,0
DA:18,0
DA:19,0
DA:20,0
DA:21,0
DA:26,0
DA:27,0
DA:38,0
DA:41,0
DA:42,0
DA:43,0
DA:47,0
DA:48,0
DA:60,0
DA:63,0
DA:64,0
DA:65,0
DA:69,0
DA:70,0
DA:82,0
DA:83,0
DA:84,0
DA:85,0
DA:90,0
DA:91,0
LF:27
LH:0
BRF:0
BRH:0
end_of_record
TN:
SF:src/backend/handlers/dialogHandlers.ts
FN:4,registerDialogHandlers
FN:7,(anonymous_1)
FN:20,(anonymous_2)
FNF:3
FNH:0
FNDA:0,registerDialogHandlers
FNDA:0,(anonymous_1)
FNDA:0,(anonymous_2)
DA:1,0
DA:2,0
DA:4,0
DA:5,0
DA:8,0
DA:9,0
DA:10,0
DA:12,0
DA:13,0
DA:18,0
DA:21,0
DA:22,0
DA:23,0
DA:25,0
DA:26,0
LF:15
LH:0
BRF:0
BRH:0
end_of_record
TN:
SF:src/backend/handlers/exportHandlers.ts
FN:6,registerExportHandlers
FN:9,(anonymous_1)
FN:49,(anonymous_2)
FNF:3
FNH:0
FNDA:0,registerExportHandlers
FNDA:0,(anonymous_1)
FNDA:0,(anonymous_2)
DA:3,0
DA:4,0
DA:6,0
DA:7,0
DA:15,0
DA:16,0
DA:17,0
DA:23,0
DA:24,0
DA:34,0
DA:35,0
DA:49,0
DA:50,0
DA:51,0
DA:52,0
DA:58,0
DA:59,0
DA:69,0
DA:70,0
LF:19
LH:0
BRDA:13,0,0,0
BRDA:23,1,0,0
BRDA:23,2,0,0
BRDA:23,2,1,0
BRDA:37,3,0,0
BRDA:37,3,1,0
BRDA:41,4,0,0
BRDA:41,4,1,0
BRDA:58,5,0,0
BRDA:58,6,0,0
BRDA:58,6,1,0
BRDA:72,7,0,0
BRDA:72,7,1,0
BRDA:76,8,0,0
BRDA:76,8,1,0
BRF:15
BRH:0
end_of_record
TN:
SF:src/backend/handlers/filesHandlers.ts
FN:11,registerFilesHandlers
FN:12,(anonymous_1)
FN:34,(anonymous_2)
FN:58,(anonymous_3)
FN:82,(anonymous_4)
FN:114,(anonymous_5)
FN:138,(anonymous_6)
FN:162,(anonymous_7)
FN:186,(anonymous_8)
FN:208,(anonymous_9)
FN:231,(anonymous_10)
FN:255,(anonymous_11)
FN:279,(anonymous_12)
FNF:13
FNH:0
FNDA:0,registerFilesHandlers
FNDA:0,(anonymous_1)
FNDA:0,(anonymous_2)
FNDA:0,(anonymous_3)
FNDA:0,(anonymous_4)
FNDA:0,(anonymous_5)
FNDA:0,(anonymous_6)
FNDA:0,(anonymous_7)
FNDA:0,(anonymous_8)
FNDA:0,(anonymous_9)
FNDA:0,(anonymous_10)
FNDA:0,(anonymous_11)
FNDA:0,(anonymous_12)
DA:2,0
DA:9,0
DA:11,0
DA:12,0
DA:13,0
DA:14,0
DA:15,0
DA:20,0
DA:21,0
DA:34,0
DA:35,0
DA:36,0
DA:37,0
DA:42,0
DA:43,0
DA:56,0
DA:59,0
DA:60,0
DA:61,0
DA:65,0
DA:66,0
DA:80,0
DA:90,0
DA:91,0
DA:92,0
DA:97,0
DA:98,0
DA:112,0
DA:115,0
DA:116,0
DA:117,0
DA:121,0
DA:122,0
DA:136,0
DA:139,0
DA:140,0
DA:141,0
DA:145,0
DA:146,0
DA:160,0
DA:163,0
DA:164,0
DA:165,0
DA:169,0
DA:170,0
DA:184,0
DA:187,0
DA:188,0
DA:189,0
DA:193,0
DA:194,0
DA:208,0
DA:209,0
DA:210,0
DA:211,0
DA:215,0
DA:216,0
DA:229,0
DA:232,0
DA:233,0
DA:234,0
DA:238,0
DA:239,0
DA:253,0
DA:256,0
DA:257,0
DA:258,0
DA:262,0
DA:263,0
DA:277,0
DA:280,0
DA:281,0
DA:282,0
DA:286,0
DA:287,0
LF:75
LH:0
BRDA:23,0,0,0
BRDA:23,0,1,0
BRDA:27,1,0,0
BRDA:27,1,1,0
BRDA:45,2,0,0
BRDA:45,2,1,0
BRDA:49,3,0,0
BRDA:49,3,1,0
BRDA:68,4,0,0
BRDA:68,4,1,0
BRDA:72,5,0,0
BRDA:72,5,1,0
BRDA:86,6,0,0
BRDA:100,7,0,0
BRDA:100,7,1,0
BRDA:104,8,0,0
BRDA:104,8,1,0
BRDA:124,9,0,0
BRDA:124,9,1,0
BRDA:128,10,0,0
BRDA:128,10,1,0
BRDA:148,11,0,0
BRDA:148,11,1,0
BRDA:152,12,0,0
BRDA:152,12,1,0
BRDA:172,13,0,0
BRDA:172,13,1,0
BRDA:176,14,0,0
BRDA:176,14,1,0
BRDA:196,15,0,0
BRDA:196,15,1,0
BRDA:200,16,0,0
BRDA:200,16,1,0
BRDA:218,17,0,0
BRDA:218,17,1,0
BRDA:222,18,0,0
BRDA:222,18,1,0
BRDA:241,19,0,0
BRDA:241,19,1,0
BRDA:245,20,0,0
BRDA:245,20,1,0
BRDA:265,21,0,0
BRDA:265,21,1,0
BRDA:269,22,0,0
BRDA:269,22,1,0
BRDA:289,23,0,0
BRDA:289,23,1,0
BRDA:293,24,0,0
BRDA:293,24,1,0
BRF:49
BRH:0
end_of_record
TN:
SF:src/backend/handlers/historyHandlers.ts
FN:11,registerHistoryHandlers
FN:14,(anonymous_1)
FN:39,(anonymous_2)
FN:64,(anonymous_3)
FNF:4
FNH:0
FNDA:0,registerHistoryHandlers
FNDA:0,(anonymous_1)
FNDA:0,(anonymous_2)
FNDA:0,(anonymous_3)
DA:2,0
DA:9,0
DA:11,0
DA:12,0
DA:15,0
DA:16,0
DA:17,0
DA:22,0
DA:23,0
DA:37,0
DA:40,0
DA:41,0
DA:42,0
DA:47,0
DA:48,0
DA:62,0
DA:65,0
DA:66,0
DA:67,0
DA:72,0
DA:73,0
LF:21
LH:0
BRDA:25,0,0,0
BRDA:25,0,1,0
BRDA:29,1,0,0
BRDA:29,1,1,0
BRDA:50,2,0,0
BRDA:50,2,1,0
BRDA:54,3,0,0
BRDA:54,3,1,0
BRDA:75,4,0,0
BRDA:75,4,1,0
BRDA:79,5,0,0
BRDA:79,5,1,0
BRF:12
BRH:0
end_of_record
TN:
SF:src/backend/handlers/repoHandlers.ts
FN:12,registerRepoHandlers
FN:15,(anonymous_1)
FN:38,(anonymous_2)
FN:60,(anonymous_3)
FN:81,(anonymous_4)
FN:102,(anonymous_5)
FNF:6
FNH:0
FNDA:0,registerRepoHandlers
FNDA:0,(anonymous_1)
FNDA:0,(anonymous_2)
FNDA:0,(anonymous_3)
FNDA:0,(anonymous_4)
FNDA:0,(anonymous_5)
DA:2,0
DA:10,0
DA:12,0
DA:13,0
DA:16,0
DA:17,0
DA:18,0
DA:23,0
DA:24,0
DA:38,0
DA:39,0
DA:40,0
DA:41,0
DA:46,0
DA:47,0
DA:60,0
DA:61,0
DA:62,0
DA:63,0
DA:67,0
DA:68,0
DA:81,0
DA:82,0
DA:83,0
DA:84,0
DA:88,0
DA:89,0
DA:102,0
DA:103,0
DA:104,0
DA:105,0
DA:109,0
DA:110,0
LF:33
LH:0
BRDA:26,0,0,0
BRDA:26,0,1,0
BRDA:30,1,0,0
BRDA:30,1,1,0
BRDA:49,2,0,0
BRDA:49,2,1,0
BRDA:53,3,0,0
BRDA:53,3,1,0
BRDA:70,4,0,0
BRDA:70,4,1,0
BRDA:74,5,0,0
BRDA:74,5,1,0
BRDA:91,6,0,0
BRDA:91,6,1,0
BRDA:95,7,0,0
BRDA:95,7,1,0
BRDA:114,8,0,0
BRDA:114,8,1,0
BRF:18
BRH:0
end_of_record
TN:
SF:src/backend/handlers/searchHandlers.ts
FN:6,registerSearchHandlers
FN:10,(anonymous_1)
FN:36,(anonymous_2)
FN:63,(anonymous_3)
FNF:4
FNH:0
FNDA:0,registerSearchHandlers
FNDA:0,(anonymous_1)
FNDA:0,(anonymous_2)
FNDA:0,(anonymous_3)
DA:3,0
DA:4,0
DA:6,0
DA:8,0
DA:11,0
DA:12,0
DA:13,0
DA:18,0
DA:19,0
DA:34,0
DA:41,0
DA:42,0
DA:43,0
DA:45,0
DA:46,0
DA:61,0
DA:73,0
DA:74,0
DA:75,0
DA:77,0
DA:78,0
LF:21
LH:0
BRDA:21,0,0,0
BRDA:21,0,1,0
BRDA:25,1,0,0
BRDA:25,1,1,0
BRDA:48,2,0,0
BRDA:48,2,1,0
BRDA:52,3,0,0
BRDA:52,3,1,0
BRDA:80,4,0,0
BRDA:80,4,1,0
BRDA:84,5,0,0
BRDA:84,5,1,0
BRF:12
BRH:0
end_of_record
TN:
SF:src/backend/services/ConfigService.ts
FN:21,(anonymous_9)
FN:31,(anonymous_10)
FN:35,(anonymous_11)
FN:51,(anonymous_12)
FN:68,(anonymous_13)
FN:80,(anonymous_14)
FN:101,(anonymous_15)
FN:120,(anonymous_16)
FN:135,(anonymous_17)
FN:145,(anonymous_18)
FNF:10
FNH:0
FNDA:0,(anonymous_9)
FNDA:0,(anonymous_10)
FNDA:0,(anonymous_11)
FNDA:0,(anonymous_12)
FNDA:0,(anonymous_13)
FNDA:0,(anonymous_14)
FNDA:0,(anonymous_15)
FNDA:0,(anonymous_16)
FNDA:0,(anonymous_17)
FNDA:0,(anonymous_18)
DA:1,0
DA:2,0
DA:5,0
DA:13,0
DA:15,0
DA:22,0
DA:23,0
DA:25,0
DA:26,0
DA:27,0
DA:28,0
DA:32,0
DA:36,0
DA:38,0
DA:40,0
DA:41,0
DA:42,0
DA:44,0
DA:52,0
DA:53,0
DA:54,0
DA:55,0
DA:56,0
DA:58,0
DA:61,0
DA:65,0
DA:69,0
DA:71,0
DA:73,0
DA:74,0
DA:76,0
DA:77,0
DA:81,0
DA:82,0
DA:83,0
DA:84,0
DA:87,0
DA:88,0
DA:91,0
DA:92,0
DA:95,0
DA:98,0
DA:102,0
DA:108,0
DA:111,0
DA:112,0
DA:113,0
DA:116,0
DA:117,0
DA:121,0
DA:122,0
DA:123,0
DA:124,0
DA:125,0
DA:126,0
DA:129,0
DA:132,0
DA:136,0
DA:138,0
DA:139,0
DA:141,0
DA:142,0
DA:146,0
DA:148,0
DA:149,0
LF:65
LH:0
BRDA:53,0,0,0
BRDA:82,1,0,0
BRDA:87,2,0,0
BRDA:112,3,0,0
BRDA:122,4,0,0
BRDA:148,5,0,0
BRF:6
BRH:0
end_of_record
TN:
SF:src/backend/services/ExportService.ts
FN:14,(anonymous_10)
FN:22,(anonymous_11)
FN:34,(anonymous_12)
FN:84,(anonymous_13)
FN:131,(anonymous_14)
FN:132,(anonymous_15)
FN:139,(anonymous_16)
FN:147,(anonymous_17)
FN:152,(anonymous_18)
FN:175,(anonymous_19)
FN:189,(anonymous_20)
FNF:11
FNH:2
FNDA:1,(anonymous_10)
FNDA:1,(anonymous_11)
FNDA:0,(anonymous_12)
FNDA:0,(anonymous_13)
FNDA:0,(anonymous_14)
FNDA:0,(anonymous_15)
FNDA:0,(anonymous_16)
FNDA:0,(anonymous_17)
FNDA:0,(anonymous_18)
FNDA:0,(anonymous_19)
FNDA:0,(anonymous_20)
DA:1,1
DA:2,1
DA:3,1
DA:4,1
DA:7,1
DA:8,1
DA:9,1
DA:11,1
DA:12,1
DA:15,1
DA:16,1
DA:23,1
DA:24,1
DA:25,1
DA:26,1
DA:39,0
DA:41,0
DA:52,0
DA:53,0
DA:60,0
DA:63,0
DA:65,0
DA:66,0
DA:68,0
DA:69,0
DA:71,0
DA:72,0
DA:85,0
DA:87,0
DA:89,0
DA:90,0
DA:100,0
DA:101,0
DA:108,0
DA:111,0
DA:113,0
DA:114,0
DA:116,0
DA:117,0
DA:119,0
DA:120,0
DA:132,0
DA:133,0
DA:134,0
DA:139,0
DA:140,0
DA:144,0
DA:147,0
DA:148,0
DA:149,0
DA:152,0
DA:153,0
DA:154,0
DA:156,0
DA:161,0
DA:164,0
DA:171,0
DA:176,0
DA:177,0
DA:180,0
DA:181,0
DA:190,0
LF:62
LH:15
BRDA:24,0,0,1
BRDA:37,1,0,0
BRDA:52,2,0,0
BRDA:52,3,0,0
BRDA:52,3,1,0
BRDA:68,4,0,0
BRDA:100,5,0,0
BRDA:100,6,0,0
BRDA:100,6,1,0
BRDA:116,7,0,0
BRDA:153,8,0,0
BRDA:153,8,1,0
BRDA:176,9,0,0
BRDA:180,10,0,0
BRF:14
BRH:1
end_of_record
TN:
SF:src/backend/services/FilesService.ts
FN:18,(anonymous_9)
FN:26,(anonymous_10)
FN:33,(anonymous_11)
FN:44,(anonymous_12)
FN:62,(anonymous_13)
FN:88,(anonymous_14)
FN:105,(anonymous_15)
FN:136,(anonymous_16)
FN:168,(anonymous_17)
FN:244,(anonymous_18)
FN:268,(anonymous_19)
FN:286,(anonymous_20)
FN:311,(anonymous_21)
FN:329,(anonymous_22)
FN:346,(anonymous_23)
FN:369,(anonymous_24)
FN:415,(anonymous_25)
FN:428,(anonymous_26)
FN:489,(anonymous_27)
FN:502,(anonymous_28)
FN:516,(anonymous_29)
FNF:21
FNH:0
FNDA:0,(anonymous_9)
FNDA:0,(anonymous_10)
FNDA:0,(anonymous_11)
FNDA:0,(anonymous_12)
FNDA:0,(anonymous_13)
FNDA:0,(anonymous_14)
FNDA:0,(anonymous_15)
FNDA:0,(anonymous_16)
FNDA:0,(anonymous_17)
FNDA:0,(anonymous_18)
FNDA:0,(anonymous_19)
FNDA:0,(anonymous_20)
FNDA:0,(anonymous_21)
FNDA:0,(anonymous_22)
FNDA:0,(anonymous_23)
FNDA:0,(anonymous_24)
FNDA:0,(anonymous_25)
FNDA:0,(anonymous_26)
FNDA:0,(anonymous_27)
FNDA:0,(anonymous_28)
FNDA:0,(anonymous_29)
DA:1,0
DA:5,0
DA:12,0
DA:14,0
DA:15,0
DA:16,0
DA:19,0
DA:20,0
DA:27,0
DA:34,0
DA:35,0
DA:36,0
DA:37,0
DA:45,0
DA:47,0
DA:49,0
DA:50,0
DA:51,0
DA:52,0
DA:54,0
DA:55,0
DA:63,0
DA:65,0
DA:67,0
DA:68,0
DA:69,0
DA:70,0
DA:72,0
DA:80,0
DA:81,0
DA:89,0
DA:91,0
DA:93,0
DA:94,0
DA:95,0
DA:97,0
DA:98,0
DA:106,0
DA:108,0
DA:109,0
DA:116,0
DA:118,0
DA:121,0
DA:124,0
DA:126,0
DA:128,0
DA:129,0
DA:137,0
DA:139,0
DA:140,0
DA:147,0
DA:149,0
DA:152,0
DA:155,0
DA:157,0
DA:159,0
DA:160,0
DA:173,0
DA:175,0
DA:176,0
DA:183,0
DA:184,0
DA:188,0
DA:190,0
DA:192,0
DA:193,0
DA:196,0
DA:199,0
DA:200,0
DA:201,0
DA:202,0
DA:205,0
DA:209,0
DA:210,0
DA:211,0
DA:213,0
DA:214,0
DA:217,0
DA:218,0
DA:219,0
DA:224,0
DA:225,0
DA:226,0
DA:227,0
DA:229,0
DA:230,0
DA:234,0
DA:236,0
DA:237,0
DA:245,0
DA:247,0
DA:248,0
DA:250,0
DA:252,0
DA:253,0
DA:254,0
DA:257,0
DA:258,0
DA:260,0
DA:261,0
DA:269,0
DA:271,0
DA:272,0
DA:274,0
DA:275,0
DA:276,0
DA:278,0
DA:279,0
DA:287,0
DA:289,0
DA:291,0
DA:292,0
DA:294,0
DA:296,0
DA:298,0
DA:301,0
DA:303,0
DA:304,0
DA:312,0
DA:314,0
DA:315,0
DA:317,0
DA:318,0
DA:319,0
DA:321,0
DA:322,0
DA:330,0
DA:332,0
DA:334,0
DA:335,0
DA:336,0
DA:338,0
DA:339,0
DA:347,0
DA:349,0
DA:351,0
DA:353,0
DA:354,0
DA:357,0
DA:358,0
DA:360,0
DA:361,0
DA:370,0
DA:371,0
DA:373,0
DA:375,0
DA:376,0
DA:379,0
DA:380,0
DA:382,0
DA:383,0
DA:385,0
DA:387,0
DA:389,0
DA:399,0
DA:401,0
DA:410,0
DA:415,0
DA:416,0
DA:417,0
DA:419,0
DA:422,0
DA:429,0
DA:432,0
DA:433,0
DA:437,0
DA:438,0
DA:442,0
DA:443,0
DA:447,0
DA:448,0
DA:452,0
DA:475,0
DA:479,0
DA:480,0
DA:483,0
DA:490,0
DA:491,0
DA:492,0
DA:493,0
DA:496,0
DA:503,0
DA:504,0
DA:507,0
DA:508,0
DA:517,0
LF:186
LH:0
BRDA:35,0,0,0
BRDA:108,1,0,0
BRDA:139,2,0,0
BRDA:171,3,0,0
BRDA:175,4,0,0
BRDA:184,5,0,0
BRDA:184,5,1,0
BRDA:217,6,0,0
BRDA:217,7,0,0
BRDA:217,7,1,0
BRDA:224,8,0,0
BRDA:247,9,0,0
BRDA:247,9,1,0
BRDA:253,10,0,0
BRDA:271,11,0,0
BRDA:271,11,1,0
BRDA:294,12,0,0
BRDA:294,12,1,0
BRDA:369,13,0,0
BRDA:375,14,0,0
BRDA:380,15,0,0
BRDA:380,15,1,0
BRDA:385,16,0,0
BRDA:385,16,1,0
BRDA:416,17,0,0
BRDA:417,18,0,0
BRDA:417,18,1,0
BRDA:432,19,0,0
BRDA:432,20,0,0
BRDA:432,20,1,0
BRDA:437,21,0,0
BRDA:442,22,0,0
BRDA:447,23,0,0
BRDA:452,24,0,0
BRDA:479,25,0,0
BRDA:492,26,0,0
BRDA:503,27,0,0
BRDA:507,28,0,0
BRF:38
BRH:0
end_of_record
TN:
SF:src/backend/services/HistoryService.ts
FN:15,(anonymous_0)
FN:23,(anonymous_1)
FN:35,(anonymous_2)
FN:41,(anonymous_3)
FN:58,(anonymous_4)
FN:73,(anonymous_5)
FN:130,(anonymous_6)
FN:144,(anonymous_7)
FNF:8
FNH:0
FNDA:0,(anonymous_0)
FNDA:0,(anonymous_1)
FNDA:0,(anonymous_2)
FNDA:0,(anonymous_3)
FNDA:0,(anonymous_4)
FNDA:0,(anonymous_5)
FNDA:0,(anonymous_6)
FNDA:0,(anonymous_7)
DA:3,0
DA:10,0
DA:12,0
DA:13,0
DA:16,0
DA:17,0
DA:24,0
DA:25,0
DA:26,0
DA:27,0
DA:28,0
DA:36,0
DA:38,0
DA:39,0
DA:41,0
DA:50,0
DA:51,0
DA:59,0
DA:61,0
DA:62,0
DA:63,0
DA:65,0
DA:66,0
DA:74,0
DA:76,0
DA:77,0
DA:80,0
DA:81,0
DA:83,0
DA:85,0
DA:87,0
DA:88,0
DA:89,0
DA:90,0
DA:92,0
DA:99,0
DA:102,0
DA:104,0
DA:105,0
DA:106,0
DA:107,0
DA:109,0
DA:112,0
DA:119,0
DA:120,0
DA:123,0
DA:125,0
DA:126,0
DA:131,0
DA:132,0
DA:135,0
DA:136,0
DA:145,0
LF:53
LH:0
BRDA:25,0,0,0
BRDA:88,1,0,0
BRDA:89,2,0,0
BRDA:102,3,0,0
BRDA:104,4,0,0
BRDA:104,4,1,0
BRDA:106,5,0,0
BRDA:106,5,1,0
BRDA:119,6,0,0
BRDA:131,7,0,0
BRDA:135,8,0,0
BRF:11
BRH:0
end_of_record
TN:
SF:src/backend/services/RepoService.ts
FN:23,(anonymous_9)
FN:32,(anonymous_10)
FN:39,(anonymous_11)
FN:131,(anonymous_12)
FN:170,(anonymous_13)
FN:201,(anonymous_14)
FN:234,(anonymous_15)
FN:244,(anonymous_16)
FN:257,(anonymous_17)
FN:268,(anonymous_18)
FN:311,(anonymous_19)
FN:325,(anonymous_20)
FN:336,(anonymous_21)
FNF:13
FNH:0
FNDA:0,(anonymous_9)
FNDA:0,(anonymous_10)
FNDA:0,(anonymous_11)
FNDA:0,(anonymous_12)
FNDA:0,(anonymous_13)
FNDA:0,(anonymous_14)
FNDA:0,(anonymous_15)
FNDA:0,(anonymous_16)
FNDA:0,(anonymous_17)
FNDA:0,(anonymous_18)
FNDA:0,(anonymous_19)
FNDA:0,(anonymous_20)
FNDA:0,(anonymous_21)
DA:1,0
DA:2,0
DA:7,0
DA:15,0
DA:17,0
DA:18,0
DA:19,0
DA:20,0
DA:21,0
DA:24,0
DA:25,0
DA:26,0
DA:33,0
DA:40,0
DA:46,0
DA:47,0
DA:50,0
DA:51,0
DA:53,0
DA:55,0
DA:57,0
DA:59,0
DA:61,0
DA:62,0
DA:65,0
DA:66,0
DA:69,0
DA:70,0
DA:73,0
DA:74,0
DA:77,0
DA:80,0
DA:81,0
DA:84,0
DA:85,0
DA:87,0
DA:89,0
DA:94,0
DA:95,0
DA:98,0
DA:101,0
DA:102,0
DA:105,0
DA:108,0
DA:109,0
DA:110,0
DA:111,0
DA:115,0
DA:117,0
DA:123,0
DA:124,0
DA:132,0
DA:133,0
DA:134,0
DA:135,0
DA:136,0
DA:138,0
DA:146,0
DA:147,0
DA:148,0
DA:149,0
DA:151,0
DA:159,0
DA:160,0
DA:162,0
DA:163,0
DA:171,0
DA:172,0
DA:179,0
DA:180,0
DA:181,0
DA:182,0
DA:189,0
DA:190,0
DA:191,0
DA:193,0
DA:194,0
DA:202,0
DA:203,0
DA:210,0
DA:211,0
DA:212,0
DA:213,0
DA:220,0
DA:221,0
DA:222,0
DA:224,0
DA:226,0
DA:235,0
DA:236,0
DA:237,0
DA:240,0
DA:244,0
DA:245,0
DA:246,0
DA:249,0
DA:258,0
DA:259,0
DA:260,0
DA:261,0
DA:269,0
DA:270,0
DA:273,0
DA:275,0
DA:278,0
DA:279,0
DA:282,0
DA:285,0
DA:286,0
DA:287,0
DA:290,0
DA:293,0
DA:297,0
DA:299,0
DA:304,0
DA:315,0
DA:316,0
DA:317,0
DA:321,0
DA:322,0
DA:326,0
DA:337,0
LF:122
LH:0
BRDA:57,0,0,0
BRDA:57,0,1,0
BRDA:65,1,0,0
BRDA:65,1,1,0
BRDA:65,2,0,0
BRDA:65,2,1,0
BRDA:109,3,0,0
BRDA:132,4,0,0
BRDA:134,5,0,0
BRDA:134,5,1,0
BRDA:171,6,0,0
BRDA:181,7,0,0
BRDA:202,8,0,0
BRDA:212,9,0,0
BRDA:235,10,0,0
BRDA:258,11,0,0
BRDA:269,12,0,0
BRDA:278,13,0,0
BRDA:286,14,0,0
BRDA:316,15,0,0
BRF:20
BRH:0
end_of_record
TN:
SF:src/backend/services/SearchService.ts
FN:23,(anonymous_9)
FN:27,(anonymous_10)
FN:32,(anonymous_11)
FN:40,(anonymous_12)
FN:53,(anonymous_13)
FN:135,(anonymous_14)
FN:138,(anonymous_15)
FN:187,(anonymous_16)
FN:248,(anonymous_17)
FN:265,(anonymous_18)
FN:284,(anonymous_19)
FN:345,(anonymous_20)
FN:348,(anonymous_21)
FN:394,(anonymous_22)
FN:438,(anonymous_23)
FN:481,(anonymous_24)
FNF:16
FNH:8
FNDA:5,(anonymous_9)
FNDA:0,(anonymous_10)
FNDA:0,(anonymous_11)
FNDA:5,(anonymous_12)
FNDA:1,(anonymous_13)
FNDA:0,(anonymous_14)
FNDA:0,(anonymous_15)
FNDA:1,(anonymous_16)
FNDA:0,(anonymous_17)
FNDA:3,(anonymous_18)
FNDA:3,(anonymous_19)
FNDA:0,(anonymous_20)
FNDA:0,(anonymous_21)
FNDA:0,(anonymous_22)
FNDA:1,(anonymous_23)
FNDA:2,(anonymous_24)
DA:1,1
DA:3,1
DA:4,1
DA:19,1
DA:21,5
DA:24,5
DA:28,0
DA:29,0
DA:33,0
DA:41,5
DA:42,0
DA:54,1
DA:56,1
DA:57,1
DA:60,0
DA:61,0
DA:62,0
DA:64,0
DA:65,0
DA:67,0
DA:68,0
DA:70,0
DA:71,0
DA:74,0
DA:77,0
DA:78,0
DA:79,0
DA:81,0
DA:82,0
DA:85,0
DA:88,0
DA:89,0
DA:91,0
DA:93,0
DA:94,0
DA:95,0
DA:96,0
DA:104,0
DA:110,0
DA:111,0
DA:112,0
DA:120,0
DA:121,0
DA:123,0
DA:124,0
DA:136,0
DA:138,0
DA:139,0
DA:140,0
DA:142,0
DA:143,0
DA:146,0
DA:147,0
DA:151,0
DA:152,0
DA:156,0
DA:157,0
DA:159,0
DA:160,0
DA:163,0
DA:164,0
DA:165,0
DA:170,0
DA:171,0
DA:175,0
DA:179,0
DA:180,0
DA:191,1
DA:193,1
DA:194,1
DA:197,0
DA:198,0
DA:199,0
DA:201,0
DA:203,0
DA:205,0
DA:206,0
DA:207,0
DA:209,0
DA:210,0
DA:211,0
DA:214,0
DA:215,0
DA:216,0
DA:218,0
DA:219,0
DA:230,0
DA:231,0
DA:239,0
DA:240,0
DA:244,0
DA:248,0
DA:251,0
DA:253,0
DA:254,0
DA:274,3
DA:276,3
DA:277,3
DA:278,3
DA:280,3
DA:282,3
DA:284,3
DA:285,3
DA:289,0
DA:292,3
DA:299,3
DA:300,3
DA:302,3
DA:303,3
DA:304,2
DA:307,2
DA:308,1
DA:309,1
DA:312,1
DA:313,1
DA:315,1
DA:321,1
DA:322,1
DA:326,1
DA:330,3
DA:331,3
DA:333,0
DA:334,0
DA:346,0
DA:348,0
DA:349,0
DA:350,0
DA:352,0
DA:353,0
DA:356,0
DA:357,0
DA:361,0
DA:362,0
DA:365,0
DA:366,0
DA:368,0
DA:369,0
DA:372,0
DA:373,0
DA:374,0
DA:378,0
DA:379,0
DA:383,0
DA:387,0
DA:388,0
DA:400,0
DA:402,0
DA:403,0
DA:404,0
DA:405,0
DA:408,0
DA:409,0
DA:416,0
DA:419,0
DA:420,0
DA:421,0
DA:423,0
DA:424,0
DA:428,0
DA:432,0
DA:444,1
DA:446,1
DA:447,0
DA:448,0
DA:449,0
DA:452,0
DA:453,0
DA:459,0
DA:462,1
DA:463,1
DA:464,1
DA:466,1
DA:467,2
DA:471,2
DA:475,1
DA:488,2
DA:489,0
DA:490,0
DA:491,0
DA:492,0
DA:495,0
DA:498,2
DA:499,0
DA:501,2
DA:502,2
LF:185
LH:51
BRDA:41,0,0,0
BRDA:56,1,0,1
BRDA:56,2,0,1
BRDA:56,2,1,0
BRDA:60,3,0,0
BRDA:60,3,1,0
BRDA:68,4,0,0
BRDA:91,5,0,0
BRDA:95,6,0,0
BRDA:99,7,0,0
BRDA:99,7,1,0
BRDA:100,8,0,0
BRDA:100,8,1,0
BRDA:104,9,0,0
BRDA:110,10,0,0
BRDA:110,11,0,0
BRDA:110,11,1,0
BRDA:146,12,0,0
BRDA:151,13,0,0
BRDA:151,14,0,0
BRDA:151,14,1,0
BRDA:151,14,2,0
BRDA:159,15,0,0
BRDA:159,15,1,0
BRDA:164,16,0,0
BRDA:164,17,0,0
BRDA:164,17,1,0
BRDA:164,17,2,0
BRDA:193,18,0,1
BRDA:193,19,0,1
BRDA:193,19,1,0
BRDA:198,20,0,0
BRDA:198,20,1,0
BRDA:199,21,0,0
BRDA:199,21,1,0
BRDA:224,22,0,0
BRDA:224,22,1,0
BRDA:225,23,0,0
BRDA:225,23,1,0
BRDA:230,24,0,0
BRDA:276,25,0,3
BRDA:276,25,1,3
BRDA:277,26,0,3
BRDA:277,26,1,3
BRDA:282,27,0,3
BRDA:282,27,1,0
BRDA:282,28,0,3
BRDA:282,28,1,3
BRDA:307,29,0,1
BRDA:324,30,0,1
BRDA:324,30,1,0
BRDA:356,31,0,0
BRDA:361,32,0,0
BRDA:361,33,0,0
BRDA:361,33,1,0
BRDA:361,33,2,0
BRDA:368,34,0,0
BRDA:368,34,1,0
BRDA:373,35,0,0
BRDA:373,36,0,0
BRDA:373,36,1,0
BRDA:402,37,0,0
BRDA:402,37,1,0
BRDA:404,38,0,0
BRDA:404,38,1,0
BRDA:419,39,0,0
BRDA:419,39,1,0
BRDA:420,40,0,0
BRDA:420,40,1,0
BRDA:446,41,0,0
BRDA:446,41,1,1
BRDA:448,42,0,0
BRDA:448,42,1,0
BRDA:462,43,0,0
BRDA:462,43,1,1
BRDA:463,44,0,0
BRDA:463,44,1,1
BRDA:488,45,0,0
BRDA:488,45,1,2
BRDA:490,46,0,0
BRDA:490,46,1,0
BRDA:498,47,0,0
BRDA:498,47,1,2
BRF:83
BRH:18
end_of_record
TN:
SF:src/backend/utils/logger.ts
FNF:0
FNH:0
DA:1,0
DA:2,0
DA:3,0
DA:6,0
DA:7,0
DA:10,0
DA:37,0
DA:38,0
DA:45,0
LF:9
LH:0
BRDA:11,0,0,0
BRDA:11,0,1,0
BRDA:37,1,0,0
BRF:3
BRH:0
end_of_record
